INFO: [HLS 200-0] Workspace C:/Users/Jorge/Documents/reed_solomon_erasure/ProjRSErasure/SolutionX opened at Mon Apr 16 14:05:32 -0300 2018
Execute     config_clock -quiet -name default -period 3.3 -default=false 
INFO: [SYN 201-201] Setting up clock 'default' with a period of 3.3ns.
Command     config_clock returned 0; 0.007 sec.
Execute     config_clock -quiet -name default -uncertainty 0.3 -unit ns 
INFO: [SYN 201-201] Setting up clock 'default' with an uncertainty of 0.3ns.
Command     config_clock returned 0; 0 sec.
Execute     open_platform DefaultPlatform 
Command     open_platform returned 0; 0.033 sec.
Execute     import_lib C:/Xilinx/Vivado/2018.1/common/technology/xilinx/artix7/artix7 
Execute       source C:/Xilinx/Vivado/2018.1/common/technology/xilinx/common/xilinx.lib 
Execute         source C:/Xilinx/Vivado/2018.1/common/technology/xilinx/interface/xilinx_interface.lib 
Execute           source C:/Xilinx/Vivado/2018.1/common/technology/xilinx/interface/plb46.lib 
Command           ap_source returned 0; 0.046 sec.
Execute           source C:/Xilinx/Vivado/2018.1/common/technology/xilinx/interface/fsl.lib 
Command           ap_source returned 0; 0.006 sec.
Execute           source C:/Xilinx/Vivado/2018.1/common/technology/xilinx/interface/axi4.lib 
Command           ap_source returned 0; 0.021 sec.
Execute           source C:/Xilinx/Vivado/2018.1/common/technology/xilinx/interface/maxi.lib 
Command           ap_source returned 0; 0.006 sec.
Execute           source C:/Xilinx/Vivado/2018.1/common/technology/xilinx/interface/saxilite.lib 
Command           ap_source returned 0; 0.006 sec.
Command         ap_source returned 0; 0.106 sec.
Execute         source C:/Xilinx/Vivado/2018.1/common/technology/xilinx/common/dsp48.lib 
Command         ap_source returned 0; 0.007 sec.
Execute         source C:/Xilinx/Vivado/2018.1/common/technology/xilinx/ip/dds_compiler.lib 
Command         ap_source returned 0; 0.004 sec.
Execute         source C:/Xilinx/Vivado/2018.1/common/technology/xilinx/ip/xfft.lib 
Command         ap_source returned 0; 0.003 sec.
Execute         source C:/Xilinx/Vivado/2018.1/common/technology/xilinx/ip/xfir.lib 
Command         ap_source returned 0; 0.003 sec.
Command       ap_source returned 0; 0.19 sec.
Execute       source C:/Xilinx/Vivado/2018.1/common/technology/xilinx/common/xilinx_old.lib 
Command       ap_source returned 0; 0.027 sec.
Execute       source C:/Xilinx/Vivado/2018.1/common/technology/xilinx/common/xilinx_vivado.lib 
Command       ap_source returned 0; 0.009 sec.
Execute       source C:/Xilinx/Vivado/2018.1/common/technology/xilinx/common/xilinx.hlp 
Execute         source C:/Xilinx/Vivado/2018.1/common/technology/xilinx/common/target_info.tcl 
Command         ap_source returned 0; 0.013 sec.
Execute         source C:/Xilinx/Vivado/2018.1/common/technology/xilinx/interface/xilinx_interface.hlp 
Execute           source C:/Xilinx/Vivado/2018.1/common/technology/xilinx/interface/maxi.hlp 
Command           ap_source returned 0; 0.018 sec.
Execute           source C:/Xilinx/Vivado/2018.1/common/technology/xilinx/interface/saxilite.hlp 
Command           ap_source returned 0; 0.012 sec.
Command         ap_source returned 0; 0.058 sec.
Execute         source C:/Xilinx/Vivado/2018.1/common/technology/xilinx/common/dsp48.hlp 
Command         ap_source returned 0; 0.036 sec.
Command       ap_source returned 0; 0.151 sec.
Execute       source C:/Xilinx/Vivado/2018.1/common/technology/xilinx/artix7/dsp48e1.hlp 
Command       ap_source returned 0; 0.006 sec.
Execute       get_default_platform 
Command       get_default_platform returned 0; 0 sec.
Execute       config_chip_info -quiet -resource  {SLICE 15850} {LUT 63400}     {FF 126800} {DSP48E 240}    {BRAM 270}  
Command       config_chip_info returned 0; 0 sec.
Execute       config_chip_info -quiet -speed medium 
Command       config_chip_info returned 0; 0 sec.
Execute       source C:/Xilinx/Vivado/2018.1/common/technology/xilinx/common/xilinx.hlp 
Execute         source C:/Xilinx/Vivado/2018.1/common/technology/xilinx/common/target_info.tcl 
Command         ap_source returned 0; 0.001 sec.
Execute         source C:/Xilinx/Vivado/2018.1/common/technology/xilinx/interface/xilinx_interface.hlp 
Execute           source C:/Xilinx/Vivado/2018.1/common/technology/xilinx/interface/maxi.hlp 
Command           ap_source returned 0; 0 sec.
Execute           source C:/Xilinx/Vivado/2018.1/common/technology/xilinx/interface/saxilite.hlp 
Command           ap_source returned 0; 0.001 sec.
Command         ap_source returned 0; 0.001 sec.
Execute         source C:/Xilinx/Vivado/2018.1/common/technology/xilinx/common/dsp48.hlp 
Command         ap_source returned 0; 0.001 sec.
Command       ap_source returned 0; 0.005 sec.
Command     import_lib returned 0; 0.46 sec.
Execute     source C:/Xilinx/Vivado/2018.1/common/technology/xilinx/artix7/artix7.gen 
Execute       source C:/Xilinx/Vivado/2018.1/common/technology/xilinx/common/virtex.gen 
Execute         source C:/Xilinx/Vivado/2018.1/common/technology/xilinx/common/xilinx.gen 
Execute           source C:/Xilinx/Vivado/2018.1/common/technology/xilinx/interface/plb46.gen 
Command           ap_source returned 0; 0.027 sec.
Execute           source C:/Xilinx/Vivado/2018.1/common/technology/xilinx/interface/fsl.gen 
Command           ap_source returned 0; 0.012 sec.
Execute           source C:/Xilinx/Vivado/2018.1/common/technology/xilinx/interface/axi4.gen 
Command           ap_source returned 0; 0.017 sec.
Execute           source C:/Xilinx/Vivado/2018.1/common/technology/xilinx/interface/nativeAXI4.gen 
Execute             source C:/Xilinx/Vivado/2018.1/common/technology/xilinx/interface/saxilite.gen 
Command             ap_source returned 0; 0.018 sec.
Execute             source C:/Xilinx/Vivado/2018.1/common/technology/xilinx/interface/maxi.gen 
Command             ap_source returned 0; 0.055 sec.
Command           ap_source returned 0; 0.08 sec.
Execute           source C:/Xilinx/Vivado/2018.1/common/technology/xilinx/scripts/xilinxcoregen.gen 
Command           ap_source returned 0; 0.142 sec.
Execute           source C:/Xilinx/Vivado/2018.1/common/technology/xilinx/interface/XilEDKCoreGen.gen 
Command           ap_source returned 0; 0.014 sec.
Execute           source C:/Xilinx/Vivado/2018.1/common/technology/xilinx/ip/dds_compiler.gen 
Command           ap_source returned 0; 0.019 sec.
Execute           source C:/Xilinx/Vivado/2018.1/common/technology/xilinx/ip/util.gen 
Command           ap_source returned 0; 0.012 sec.
Execute           source C:/Xilinx/Vivado/2018.1/common/technology/xilinx/ip/xfft.gen 
Command           ap_source returned 0; 0.169 sec.
Execute           source C:/Xilinx/Vivado/2018.1/common/technology/xilinx/ip/xfir.gen 
Command           ap_source returned 0; 0.013 sec.
Command         ap_source returned 0; 0.547 sec.
Execute         source C:/Xilinx/Vivado/2018.1/common/technology/xilinx/common/dsp48.gen 
Command         ap_source returned 0; 0.01 sec.
Command       ap_source returned 0; 0.572 sec.
Command     ap_source returned 0; 0.576 sec.
Execute     open_platform DefaultPlatform 
Command     open_platform returned 0; 0 sec.
Execute     import_lib C:/Xilinx/Vivado/2018.1/common/technology/xilinx/artix7/artix7_fpv6 
Execute       source C:/Xilinx/Vivado/2018.1/common/technology/xilinx/common/xilinx_fpv7.lib 
Execute         source C:/Xilinx/Vivado/2018.1/common/technology/xilinx/common/xilinx_hp.lib 
Command         ap_source returned 0; 0.024 sec.
Command       ap_source returned 0; 0.055 sec.
Execute       source C:/Xilinx/Vivado/2018.1/common/technology/xilinx/common/xilinx_fpv.hlp 
Execute         source C:/Xilinx/Vivado/2018.1/common/technology/xilinx/common/xilinx.hlp 
Execute           source C:/Xilinx/Vivado/2018.1/common/technology/xilinx/common/target_info.tcl 
Command           ap_source returned 0; 0.06 sec.
Execute           source C:/Xilinx/Vivado/2018.1/common/technology/xilinx/interface/xilinx_interface.hlp 
Execute             source C:/Xilinx/Vivado/2018.1/common/technology/xilinx/interface/maxi.hlp 
Command             ap_source returned 0; 0 sec.
Execute             source C:/Xilinx/Vivado/2018.1/common/technology/xilinx/interface/saxilite.hlp 
Command             ap_source returned 0; 0.001 sec.
Command           ap_source returned 0; 0.002 sec.
Execute           source C:/Xilinx/Vivado/2018.1/common/technology/xilinx/common/dsp48.hlp 
Command           ap_source returned 0; 0.002 sec.
Command         ap_source returned 0; 0.068 sec.
Command       ap_source returned 0; 0.081 sec.
Execute       source C:/Xilinx/Vivado/2018.1/common/technology/xilinx/artix7/artix7_hp.hlp 
Command       ap_source returned 0; 0.013 sec.
Command     import_lib returned 0; 0.209 sec.
Execute     source C:/Xilinx/Vivado/2018.1/common/technology/xilinx/artix7/artix7_fpv6.gen 
Execute       source C:/Xilinx/Vivado/2018.1/common/technology/xilinx/common/xilinx_fpv6.gen 
Command       ap_source returned 0; 0.048 sec.
Command     ap_source returned 0; 0.054 sec.
Execute     set_part xc7a35tcpg236-1 
Execute       add_library xilinx/artix7/artix7:xc7a35t:cpg236:-1 
Execute         get_default_platform 
Command         get_default_platform returned 0; 0 sec.
Execute         license_isbetapart xc7a35t 
Command         license_isbetapart returned 1; 0.018 sec.
Execute         get_default_platform 
Command         get_default_platform returned 0; 0 sec.
Execute         config_chip_info -quiet -resource  {SLICE 5200}  {LUT 20800}     {FF 41600}  {DSP48E 90}     {BRAM 100}  
Command         config_chip_info returned 0; 0 sec.
Execute         config_chip_info -quiet -speed slow 
Command         config_chip_info returned 0; 0 sec.
Command       add_library returned 0; 0.032 sec.
Execute       add_library xilinx/artix7/artix7_fpv6 
Execute         get_default_platform 
Command         get_default_platform returned 0; 0 sec.
Command       add_library returned 0; 0.002 sec.
INFO: [HLS 200-10] Setting target device to 'xc7a35tcpg236-1'
Execute       get_default_platform 
Command       get_default_platform returned 0; 0 sec.
Command     set_part returned 0; 0.135 sec.
Execute     get_default_platform 
Command     get_default_platform returned 0; 0 sec.
Execute     config_chip_info -quiet -resource  {SLICE 5200}  {LUT 20800}     {FF 41600}  {DSP48E 90}     {BRAM 100}  
Command     config_chip_info returned 0; 0 sec.
Execute     config_chip_info -quiet -speed slow 
Command     config_chip_info returned 0; 0 sec.
Command   open_solution returned 0; 1.585 sec.
Execute   export_design -rtl verilog -format ip_catalog -display_name ReedSolomonCodecHLS 
Execute     source C:/Users/Jorge/Documents/reed_solomon_erasure/ProjRSErasure/SolutionX/.autopilot/db/global.setting.tcl 
Command     ap_source returned 0; 0.001 sec.
Execute     source C:/Xilinx/Vivado/2018.1/common/technology/generic/autopilot/common.gen 
Execute       source C:/Xilinx/Vivado/2018.1/common/technology/generic/autopilot/APCoreGen.gen 
Command       ap_source returned 0; 0.024 sec.
Command     ap_source returned 0; 0.053 sec.
Execute     source C:/Xilinx/Vivado/2018.1/common/technology/generic/autopilot/op.gen 
Command     ap_source returned 0; 0.018 sec.
Execute     source C:/Xilinx/Vivado/2018.1/common/technology/generic/autopilot/op_simcore.gen 
Command     ap_source returned 0; 0.014 sec.
Execute     source C:/Xilinx/Vivado/2018.1/common/technology/generic/autopilot/interface.gen 
Command     ap_source returned 0; 0.016 sec.
Execute     source C:/Users/Jorge/Documents/reed_solomon_erasure/ProjRSErasure/SolutionX/.autopilot/db/global.setting.tcl 
Command     ap_source returned 0; 0.002 sec.
Execute     source C:/Xilinx/Vivado/2018.1/common/technology/xilinx/artix7/artix7.gen 
Execute       source C:/Xilinx/Vivado/2018.1/common/technology/xilinx/common/virtex.gen 
Execute         source C:/Xilinx/Vivado/2018.1/common/technology/xilinx/common/xilinx.gen 
Execute           source C:/Xilinx/Vivado/2018.1/common/technology/xilinx/interface/plb46.gen 
Command           ap_source returned 0; 0.003 sec.
Execute           source C:/Xilinx/Vivado/2018.1/common/technology/xilinx/interface/fsl.gen 
Command           ap_source returned 0; 0.001 sec.
Execute           source C:/Xilinx/Vivado/2018.1/common/technology/xilinx/interface/axi4.gen 
Command           ap_source returned 0; 0.005 sec.
Execute           source C:/Xilinx/Vivado/2018.1/common/technology/xilinx/interface/nativeAXI4.gen 
Execute             source C:/Xilinx/Vivado/2018.1/common/technology/xilinx/interface/saxilite.gen 
Command             ap_source returned 0; 0.007 sec.
Execute             source C:/Xilinx/Vivado/2018.1/common/technology/xilinx/interface/maxi.gen 
Command             ap_source returned 0; 0.008 sec.
Command           ap_source returned 0; 0.015 sec.
Execute           source C:/Xilinx/Vivado/2018.1/common/technology/xilinx/scripts/xilinxcoregen.gen 
Command           ap_source returned 0; 0.011 sec.
Execute           source C:/Xilinx/Vivado/2018.1/common/technology/xilinx/interface/XilEDKCoreGen.gen 
Command           ap_source returned 0; 0.008 sec.
Execute           source C:/Xilinx/Vivado/2018.1/common/technology/xilinx/ip/dds_compiler.gen 
Command           ap_source returned 0; 0.004 sec.
Execute           source C:/Xilinx/Vivado/2018.1/common/technology/xilinx/ip/util.gen 
Command           ap_source returned 0; 0 sec.
Execute           source C:/Xilinx/Vivado/2018.1/common/technology/xilinx/ip/xfft.gen 
Command           ap_source returned 0; 0.096 sec.
Execute           source C:/Xilinx/Vivado/2018.1/common/technology/xilinx/ip/xfir.gen 
Command           ap_source returned 0; 0.001 sec.
Command         ap_source returned 0; 0.145 sec.
Execute         source C:/Xilinx/Vivado/2018.1/common/technology/xilinx/common/dsp48.gen 
Command         ap_source returned 0; 0.001 sec.
Command       ap_source returned 0; 0.149 sec.
Command     ap_source returned 0; 0.15 sec.
Execute     source C:/Xilinx/Vivado/2018.1/common/technology/xilinx/artix7/artix7_fpv6.gen 
Execute       source C:/Xilinx/Vivado/2018.1/common/technology/xilinx/common/xilinx_fpv6.gen 
Command       ap_source returned 0; 0.002 sec.
Command     ap_source returned 0; 0.002 sec.
Execute     source C:/Users/Jorge/Documents/reed_solomon_erasure/ProjRSErasure/SolutionX/.autopilot/db/global.setting.tcl 
Command     ap_source returned 0; 0.001 sec.
INFO: [IMPL 213-8] Exporting RTL as a Vivado IP.
Execute     source C:/Users/Jorge/Documents/reed_solomon_erasure/ProjRSErasure/SolutionX/.autopilot/db/global.setting.tcl 
Command     ap_source returned 0; 0.002 sec.
Execute     source C:/Users/Jorge/Documents/reed_solomon_erasure/ProjRSErasure/SolutionX/.autopilot/db/global.setting.tcl 
Command     ap_source returned 0; 0.002 sec.
Execute     source C:/Xilinx/Vivado/2018.1/common/technology/generic/autopilot/common.gen 
Execute       source C:/Xilinx/Vivado/2018.1/common/technology/generic/autopilot/APCoreGen.gen 
Command       ap_source returned 0; 0.002 sec.
Command     ap_source returned 0; 0.002 sec.
Execute     source C:/Xilinx/Vivado/2018.1/common/technology/generic/autopilot/op.gen 
Command     ap_source returned 0; 0.001 sec.
Execute     source C:/Xilinx/Vivado/2018.1/common/technology/generic/autopilot/op_simcore.gen 
Command     ap_source returned 0; 0.002 sec.
Execute     source C:/Xilinx/Vivado/2018.1/common/technology/generic/autopilot/interface.gen 
Command     ap_source returned 0; 0.001 sec.
Execute     source C:/Users/Jorge/Documents/reed_solomon_erasure/ProjRSErasure/SolutionX/.autopilot/db/global.setting.tcl 
Command     ap_source returned 0; 0.002 sec.
Execute     source C:/Xilinx/Vivado/2018.1/common/technology/xilinx/artix7/artix7.gen 
Execute       source C:/Xilinx/Vivado/2018.1/common/technology/xilinx/common/virtex.gen 
Execute         source C:/Xilinx/Vivado/2018.1/common/technology/xilinx/common/xilinx.gen 
Execute           source C:/Xilinx/Vivado/2018.1/common/technology/xilinx/interface/plb46.gen 
Command           ap_source returned 0; 0.002 sec.
Execute           source C:/Xilinx/Vivado/2018.1/common/technology/xilinx/interface/fsl.gen 
Command           ap_source returned 0; 0.001 sec.
Execute           source C:/Xilinx/Vivado/2018.1/common/technology/xilinx/interface/axi4.gen 
Command           ap_source returned 0; 0.002 sec.
Execute           source C:/Xilinx/Vivado/2018.1/common/technology/xilinx/interface/nativeAXI4.gen 
Execute             source C:/Xilinx/Vivado/2018.1/common/technology/xilinx/interface/saxilite.gen 
Command             ap_source returned 0; 0.003 sec.
Execute             source C:/Xilinx/Vivado/2018.1/common/technology/xilinx/interface/maxi.gen 
Command             ap_source returned 0; 0.007 sec.
Command           ap_source returned 0; 0.011 sec.
Execute           source C:/Xilinx/Vivado/2018.1/common/technology/xilinx/scripts/xilinxcoregen.gen 
Command           ap_source returned 0; 0.012 sec.
Execute           source C:/Xilinx/Vivado/2018.1/common/technology/xilinx/interface/XilEDKCoreGen.gen 
Command           ap_source returned 0; 0.009 sec.
Execute           source C:/Xilinx/Vivado/2018.1/common/technology/xilinx/ip/dds_compiler.gen 
Command           ap_source returned 0; 0.004 sec.
Execute           source C:/Xilinx/Vivado/2018.1/common/technology/xilinx/ip/util.gen 
Command           ap_source returned 0; 0 sec.
Execute           source C:/Xilinx/Vivado/2018.1/common/technology/xilinx/ip/xfft.gen 
Command           ap_source returned 0; 0.099 sec.
Execute           source C:/Xilinx/Vivado/2018.1/common/technology/xilinx/ip/xfir.gen 
Command           ap_source returned 0; 0.001 sec.
Command         ap_source returned 0; 0.141 sec.
Execute         source C:/Xilinx/Vivado/2018.1/common/technology/xilinx/common/dsp48.gen 
Command         ap_source returned 0; 0 sec.
Command       ap_source returned 0; 0.145 sec.
Command     ap_source returned 0; 0.145 sec.
Execute     source C:/Xilinx/Vivado/2018.1/common/technology/xilinx/artix7/artix7_fpv6.gen 
Execute       source C:/Xilinx/Vivado/2018.1/common/technology/xilinx/common/xilinx_fpv6.gen 
Command       ap_source returned 0; 0.002 sec.
Command     ap_source returned 0; 0.002 sec.
Execute     source C:/Users/Jorge/Documents/reed_solomon_erasure/ProjRSErasure/SolutionX/.autopilot/db/rs_erasure.rtl_wrap.cfg.tcl 
Command     ap_source returned 0; 0.002 sec.
Execute     source C:/Users/Jorge/Documents/reed_solomon_erasure/ProjRSErasure/SolutionX/.autopilot/db/rs_erasure.rtl_wrap.cfg.tcl 
Command     ap_source returned 0; 0.003 sec.
Execute     source C:/Users/Jorge/Documents/reed_solomon_erasure/ProjRSErasure/SolutionX/.autopilot/db/rs_erasure.rtl_wrap.cfg.tcl 
Command     ap_source returned 0; 0.002 sec.
Execute     source C:/Users/Jorge/Documents/reed_solomon_erasure/ProjRSErasure/SolutionX/.autopilot/db/rs_erasure.tbgen.tcl 
Command     ap_source returned 0; 0.022 sec.
Execute     source C:/Users/Jorge/Documents/reed_solomon_erasure/ProjRSErasure/SolutionX/.autopilot/db/rs_erasure.tbgen.tcl 
Command     ap_source returned 0; 0.002 sec.
Execute     source C:/Users/Jorge/Documents/reed_solomon_erasure/ProjRSErasure/SolutionX/.autopilot/db/global.setting.tcl 
Command     ap_source returned 0; 0.001 sec.
Execute     source C:/Users/Jorge/Documents/reed_solomon_erasure/ProjRSErasure/SolutionX/.autopilot/db/rs_erasure.compgen.tcl 
Command     ap_source returned 0; 0.017 sec.
Execute     source C:/Users/Jorge/Documents/reed_solomon_erasure/ProjRSErasure/SolutionX/.autopilot/db/global.setting.tcl 
Command     ap_source returned 0; 0.001 sec.
Execute     source C:/Users/Jorge/Documents/reed_solomon_erasure/ProjRSErasure/SolutionX/.autopilot/db/rs_erasure.compgen.tcl 
Command     ap_source returned 0; 0.039 sec.
Execute     source C:/Users/Jorge/Documents/reed_solomon_erasure/ProjRSErasure/SolutionX/.autopilot/db/global.setting.tcl 
Command     ap_source returned 0; 0.001 sec.
Execute     source C:/Users/Jorge/Documents/reed_solomon_erasure/ProjRSErasure/SolutionX/.autopilot/db/rs_erasure.compgen.tcl 
Command     ap_source returned 0; 0.017 sec.
Execute     source C:/Users/Jorge/Documents/reed_solomon_erasure/ProjRSErasure/SolutionX/.autopilot/db/global.setting.tcl 
Command     ap_source returned 0; 0.001 sec.
Execute     source C:/Users/Jorge/Documents/reed_solomon_erasure/ProjRSErasure/SolutionX/.autopilot/db/rs_erasure.constraint.tcl 
Command     ap_source returned 0; 0.108 sec.
Execute     source C:/Users/Jorge/Documents/reed_solomon_erasure/ProjRSErasure/SolutionX/.autopilot/db/rs_erasure.tbgen.tcl 
Command     ap_source returned 0; 0.001 sec.
Execute     source C:/Users/Jorge/Documents/reed_solomon_erasure/ProjRSErasure/SolutionX/.autopilot/db/global.setting.tcl 
Command     ap_source returned 0; 0.001 sec.
Execute     source C:/Users/Jorge/Documents/reed_solomon_erasure/ProjRSErasure/SolutionX/.autopilot/db/global.setting.tcl 
Command     ap_source returned 0; 0.001 sec.
Execute     source C:/Users/Jorge/Documents/reed_solomon_erasure/ProjRSErasure/SolutionX/.autopilot/db/global.setting.tcl 
Command     ap_source returned 0; 0.001 sec.
Execute     source C:/Users/Jorge/Documents/reed_solomon_erasure/ProjRSErasure/SolutionX/.autopilot/db/rs_erasure.tbgen.tcl 
Command     ap_source returned 0; 0.001 sec.
Execute     source C:/Users/Jorge/Documents/reed_solomon_erasure/ProjRSErasure/SolutionX/.autopilot/db/rs_erasure.tbgen.tcl 
Command     ap_source returned 0; 0.001 sec.
Execute     source C:/Users/Jorge/Documents/reed_solomon_erasure/ProjRSErasure/SolutionX/.autopilot/db/rs_erasure.tbgen.tcl 
Command     ap_source returned 0; 0.001 sec.
Execute     source C:/Users/Jorge/Documents/reed_solomon_erasure/ProjRSErasure/SolutionX/.autopilot/db/rs_erasure.tbgen.tcl 
Command     ap_source returned 0; 0.001 sec.
Execute     source C:/Users/Jorge/Documents/reed_solomon_erasure/ProjRSErasure/SolutionX/.autopilot/db/rs_erasure.tbgen.tcl 
Command     ap_source returned 0; 0.001 sec.
Execute     source C:/Users/Jorge/Documents/reed_solomon_erasure/ProjRSErasure/SolutionX/.autopilot/db/global.setting.tcl 
Command     ap_source returned 0; 0 sec.
Execute     source C:/Users/Jorge/Documents/reed_solomon_erasure/ProjRSErasure/SolutionX/.autopilot/db/rs_erasure.constraint.tcl 
Command     ap_source returned 0; 0.001 sec.
Execute     sc_get_clocks rs_erasure 
Command     sc_get_clocks returned 0; 0.017 sec.
Execute     source C:/Users/Jorge/Documents/reed_solomon_erasure/ProjRSErasure/SolutionX/.autopilot/db/global.setting.tcl 
Command     ap_source returned 0; 0.001 sec.
Execute     source C:/Users/Jorge/Documents/reed_solomon_erasure/ProjRSErasure/SolutionX/.autopilot/db/rs_erasure.tbgen.tcl 
Command     ap_source returned 0; 0.001 sec.
Execute     source C:/Users/Jorge/Documents/reed_solomon_erasure/ProjRSErasure/SolutionX/.autopilot/db/rs_erasure.tbgen.tcl 
Command     ap_source returned 0; 0.001 sec.
Execute     source C:/Users/Jorge/Documents/reed_solomon_erasure/ProjRSErasure/SolutionX/.autopilot/db/rs_erasure.tbgen.tcl 
Command     ap_source returned 0; 0.001 sec.
Execute     source C:/Users/Jorge/Documents/reed_solomon_erasure/ProjRSErasure/SolutionX/.autopilot/db/rs_erasure.tbgen.tcl 
Command     ap_source returned 0; 0.001 sec.
Execute     source C:/Users/Jorge/Documents/reed_solomon_erasure/ProjRSErasure/SolutionX/.autopilot/db/rs_erasure.tbgen.tcl 
Command     ap_source returned 0; 0.001 sec.
Execute     source C:/Users/Jorge/Documents/reed_solomon_erasure/ProjRSErasure/SolutionX/.autopilot/db/global.setting.tcl 
Command     ap_source returned 0; 0.001 sec.
Execute     source C:/Users/Jorge/Documents/reed_solomon_erasure/ProjRSErasure/SolutionX/.autopilot/db/global.setting.tcl 
Command     ap_source returned 0; 0.001 sec.
Execute     source C:/Users/Jorge/Documents/reed_solomon_erasure/ProjRSErasure/SolutionX/.autopilot/db/rs_erasure.rtl_wrap.cfg.tcl 
Command     ap_source returned 0; 0.001 sec.
Execute     source C:/Users/Jorge/Documents/reed_solomon_erasure/ProjRSErasure/SolutionX/.autopilot/db/rs_erasure.rtl_wrap.cfg.tcl 
Command     ap_source returned 0; 0.001 sec.
Execute     source C:/Users/Jorge/Documents/reed_solomon_erasure/ProjRSErasure/SolutionX/.autopilot/db/rs_erasure.rtl_wrap.cfg.tcl 
Command     ap_source returned 0; 0.001 sec.
Execute     source C:/Users/Jorge/Documents/reed_solomon_erasure/ProjRSErasure/SolutionX/.autopilot/db/rs_erasure.tbgen.tcl 
Command     ap_source returned 0; 0.027 sec.
Execute     source C:/Users/Jorge/Documents/reed_solomon_erasure/ProjRSErasure/SolutionX/.autopilot/db/rs_erasure.tbgen.tcl 
Command     ap_source returned 0; 0.002 sec.
Execute     source C:/Users/Jorge/Documents/reed_solomon_erasure/ProjRSErasure/SolutionX/.autopilot/db/rs_erasure.tbgen.tcl 
Command     ap_source returned 0; 0.001 sec.
Execute     source C:/Users/Jorge/Documents/reed_solomon_erasure/ProjRSErasure/SolutionX/.autopilot/db/rs_erasure.rtl_wrap.cfg.tcl 
Command     ap_source returned 0; 0.001 sec.
Execute     source C:/Users/Jorge/Documents/reed_solomon_erasure/ProjRSErasure/SolutionX/.autopilot/db/rs_erasure.rtl_wrap.cfg.tcl 
Command     ap_source returned 0; 0.001 sec.
Execute     source C:/Users/Jorge/Documents/reed_solomon_erasure/ProjRSErasure/SolutionX/.autopilot/db/rs_erasure.rtl_wrap.cfg.tcl 
Command     ap_source returned 0; 0.001 sec.
Execute     source C:/Users/Jorge/Documents/reed_solomon_erasure/ProjRSErasure/SolutionX/.autopilot/db/rs_erasure.tbgen.tcl 
Command     ap_source returned 0; 0.001 sec.
Execute     source C:/Users/Jorge/Documents/reed_solomon_erasure/ProjRSErasure/SolutionX/.autopilot/db/rs_erasure.tbgen.tcl 
Command     ap_source returned 0; 0.001 sec.
Execute     source C:/Users/Jorge/Documents/reed_solomon_erasure/ProjRSErasure/SolutionX/.autopilot/db/rs_erasure.tbgen.tcl 
Command     ap_source returned 0; 0.001 sec.
Execute     source C:/Users/Jorge/Documents/reed_solomon_erasure/ProjRSErasure/SolutionX/.autopilot/db/global.setting.tcl 
Command     ap_source returned 0; 0.001 sec.
Execute     source C:/Users/Jorge/Documents/reed_solomon_erasure/ProjRSErasure/SolutionX/.autopilot/db/rs_erasure.constraint.tcl 
Command     ap_source returned 0; 0.001 sec.
Execute     source C:/Users/Jorge/Documents/reed_solomon_erasure/ProjRSErasure/SolutionX/.autopilot/db/global.setting.tcl 
Command     ap_source returned 0; 0.001 sec.
Execute     source C:/Users/Jorge/Documents/reed_solomon_erasure/ProjRSErasure/SolutionX/.autopilot/db/global.setting.tcl 
Command     ap_source returned 0; 0.001 sec.
Execute     source C:/Users/Jorge/Documents/reed_solomon_erasure/ProjRSErasure/SolutionX/.autopilot/db/rs_erasure.constraint.tcl 
Command     ap_source returned 0; 0.001 sec.
Execute     source C:/Users/Jorge/Documents/reed_solomon_erasure/ProjRSErasure/SolutionX/.autopilot/db/rs_erasure.tbgen.tcl 
Command     ap_source returned 0; 0.001 sec.
Execute     source C:/Users/Jorge/Documents/reed_solomon_erasure/ProjRSErasure/SolutionX/.autopilot/db/global.setting.tcl 
Command     ap_source returned 0; 0.001 sec.
Execute     source C:/Users/Jorge/Documents/reed_solomon_erasure/ProjRSErasure/SolutionX/.autopilot/db/rs_erasure.constraint.tcl 
Command     ap_source returned 0; 0.001 sec.
Execute     source C:/Users/Jorge/Documents/reed_solomon_erasure/ProjRSErasure/SolutionX/.autopilot/db/rs_erasure.tbgen.tcl 
Command     ap_source returned 0; 0.001 sec.
Execute     source C:/Users/Jorge/Documents/reed_solomon_erasure/ProjRSErasure/SolutionX/.autopilot/db/global.setting.tcl 
Command     ap_source returned 0; 0.001 sec.
Execute     source C:/Xilinx/Vivado/2018.1/common/technology/generic/autopilot/common.gen 
Execute       source C:/Xilinx/Vivado/2018.1/common/technology/generic/autopilot/APCoreGen.gen 
Command       ap_source returned 0; 0.002 sec.
Command     ap_source returned 0; 0.003 sec.
Execute     source C:/Xilinx/Vivado/2018.1/common/technology/generic/autopilot/op.gen 
Command     ap_source returned 0; 0.002 sec.
Execute     source C:/Xilinx/Vivado/2018.1/common/technology/generic/autopilot/op_simcore.gen 
Command     ap_source returned 0; 0.002 sec.
Execute     source C:/Xilinx/Vivado/2018.1/common/technology/generic/autopilot/interface.gen 
Command     ap_source returned 0; 0.001 sec.
Execute     source C:/Users/Jorge/Documents/reed_solomon_erasure/ProjRSErasure/SolutionX/.autopilot/db/global.setting.tcl 
Command     ap_source returned 0; 0.002 sec.
Execute     source C:/Xilinx/Vivado/2018.1/common/technology/xilinx/artix7/artix7.gen 
Execute       source C:/Xilinx/Vivado/2018.1/common/technology/xilinx/common/virtex.gen 
Execute         source C:/Xilinx/Vivado/2018.1/common/technology/xilinx/common/xilinx.gen 
Execute           source C:/Xilinx/Vivado/2018.1/common/technology/xilinx/interface/plb46.gen 
Command           ap_source returned 0; 0.002 sec.
Execute           source C:/Xilinx/Vivado/2018.1/common/technology/xilinx/interface/fsl.gen 
Command           ap_source returned 0; 0.002 sec.
Execute           source C:/Xilinx/Vivado/2018.1/common/technology/xilinx/interface/axi4.gen 
Command           ap_source returned 0; 0.004 sec.
Execute           source C:/Xilinx/Vivado/2018.1/common/technology/xilinx/interface/nativeAXI4.gen 
Execute             source C:/Xilinx/Vivado/2018.1/common/technology/xilinx/interface/saxilite.gen 
Command             ap_source returned 0; 0.008 sec.
Execute             source C:/Xilinx/Vivado/2018.1/common/technology/xilinx/interface/maxi.gen 
Command             ap_source returned 0; 0.014 sec.
Command           ap_source returned 0; 0.023 sec.
Execute           source C:/Xilinx/Vivado/2018.1/common/technology/xilinx/scripts/xilinxcoregen.gen 
Command           ap_source returned 0; 0.012 sec.
Execute           source C:/Xilinx/Vivado/2018.1/common/technology/xilinx/interface/XilEDKCoreGen.gen 
Command           ap_source returned 0; 0.009 sec.
Execute           source C:/Xilinx/Vivado/2018.1/common/technology/xilinx/ip/dds_compiler.gen 
Command           ap_source returned 0; 0.003 sec.
Execute           source C:/Xilinx/Vivado/2018.1/common/technology/xilinx/ip/util.gen 
Command           ap_source returned 0; 0.001 sec.
Execute           source C:/Xilinx/Vivado/2018.1/common/technology/xilinx/ip/xfft.gen 
Command           ap_source returned 0; 0.1 sec.
Execute           source C:/Xilinx/Vivado/2018.1/common/technology/xilinx/ip/xfir.gen 
Command           ap_source returned 0; 0.001 sec.
Command         ap_source returned 0; 0.158 sec.
Execute         source C:/Xilinx/Vivado/2018.1/common/technology/xilinx/common/dsp48.gen 
Command         ap_source returned 0; 0 sec.
Command       ap_source returned 0; 0.162 sec.
Command     ap_source returned 0; 0.163 sec.
Execute     source C:/Xilinx/Vivado/2018.1/common/technology/xilinx/artix7/artix7_fpv6.gen 
Execute       source C:/Xilinx/Vivado/2018.1/common/technology/xilinx/common/xilinx_fpv6.gen 
Command       ap_source returned 0; 0.002 sec.
Command     ap_source returned 0; 0.002 sec.
Command   export_design returned 0; 33.732 sec.
Command ap_source returned 0; 35.325 sec.
Execute cleanup_all 
Command cleanup_all returned 0; 0.012 sec.
