INFO: [COSIM-47] Using XSIM for RTL simulation.
INFO: [COSIM-14] Instrumenting C test bench ...
   Build using "C:/Xilinx/Vivado/2018.1/msys/bin/g++.exe"
   Compiling apatb_rs_erasure.cpp
   Compiling (apcc) rs_erasure.c_pre.c.tb.c
INFO: [HLS 200-10] Running 'c:/Xilinx/Vivado/2018.1/bin/unwrapped/win64.o/apcc.exe'
INFO: [HLS 200-10] For user 'Jorge' on host 'desktop-00180ef' (Windows NT_amd64 version 6.2) on Thu Apr 12 15:06:56 -0300 2018
INFO: [HLS 200-10] In directory 'C:/Users/Jorge/Documents/reed_solomon_erasure/ProjRSErasure/SolutionX/sim/wrapc'
clang: warning: argument unused during compilation: '-fno-builtin-isinf'
clang: warning: argument unused during compilation: '-fno-builtin-isnan'
INFO: [APCC 202-3] Tmp directory is apcc_db
INFO: [APCC 202-1] APCC is done.
   Compiling (apcc) tb_rs_erasure.c_pre.c.tb.c
INFO: [HLS 200-10] Running 'c:/Xilinx/Vivado/2018.1/bin/unwrapped/win64.o/apcc.exe'
INFO: [HLS 200-10] For user 'Jorge' on host 'desktop-00180ef' (Windows NT_amd64 version 6.2) on Thu Apr 12 15:07:04 -0300 2018
INFO: [HLS 200-10] In directory 'C:/Users/Jorge/Documents/reed_solomon_erasure/ProjRSErasure/SolutionX/sim/wrapc'
clang: warning: argument unused during compilation: '-fno-builtin-isinf'
clang: warning: argument unused during compilation: '-fno-builtin-isnan'
INFO: [APCC 202-3] Tmp directory is apcc_db
INFO: [APCC 202-1] APCC is done.
   Generating cosim.tv.exe
INFO: [COSIM-302] Starting C TB testing ... 
INFO: [COSIM-333] Generating C post check test bench ...
INFO: [COSIM-12] Generating RTL test bench ...
INFO: [COSIM-323] Starting verilog simulation. 
INFO: [COSIM-15] Starting XSIM ...
INFO: [COSIM-316] Starting C post checking ...
[Err   0] line 3
[Err   0] line 3
[Err   0] line 3
[Err   0] line 3
[Err   1] line 4
[Err   1] line 4
[Err   1] line 4
[Err   1] line 4
[Err   2] line 5
[Err   2] line 5
[Err   2] line 5
[Err   2] line 5
[Err   3] line 6
[Err   3] line 6
[Err   3] line 6
[Err   3] line 6
[Err   4] line 7
[Err   4] line 7
[Err   4] line 7
[Err   4] line 7
[Err   5] line 8
[Err   5] line 8
[Err   5] line 8
[Err   5] line 8
[Err 248] line 251
[Err 248] line 251
[Err 248] line 251
[Err 248] line 251
[Err 249] line 252
[Err 249] line 252
[Err 249] line 252
[Err 249] line 252
[Err 250] line 253
[Err 250] line 253
[Err 250] line 253
[Err 250] line 253
[Err 251] line 254
[Err 251] line 254
[Err 251] line 254
[Err 251] line 254
[Err 252] line 255
[Err 252] line 255
[Err 252] line 255
[Err 252] line 255
[Err 253] line 256
[Err 253] line 256
[Err 253] line 256
[Err 253] line 256
[Err 498] line 501
[Err 498] line 501
[Err 498] line 501
[Err 498] line 501
[Err 499] line 502
[Err 499] line 502
[Err 499] line 502
[Err 499] line 502
[Err 500] line 503
[Err 500] line 503
[Err 500] line 503
[Err 500] line 503
[Err 501] line 504
[Err 501] line 504
[Err 501] line 504
[Err 501] line 504
[Err 502] line 505
[Err 502] line 505
[Err 502] line 505
[Err 502] line 505
[Err 503] line 506
[Err 503] line 506
[Err 503] line 506
[Err 503] line 506
[Err 748] line 751
[Err 748] line 751
[Err 748] line 751
[Err 748] line 751
[Err 749] line 752
[Err 749] line 752
[Err 749] line 752
[Err 749] line 752
[Err 750] line 753
[Err 750] line 753
[Err 750] line 753
[Err 750] line 753
[Err 751] line 754
[Err 751] line 754
[Err 751] line 754
[Err 751] line 754
[Err 752] line 755
[Err 752] line 755
[Err 752] line 755
[Err 752] line 755
[Err 753] line 756
[Err 753] line 756
[Err 753] line 756
[Err 753] line 756
	[0] 248 out of 250 test vectors failed.
	[1] 250 out of 250 test vectors failed.
	[2] 250 out of 250 test vectors failed.
	[3] 250 out of 250 test vectors failed.
Total 1000 Test Vectors, Err Count = 998.
Test Failed!
	[0]   0 out of 250 test vectors failed.
	[1]   0 out of 250 test vectors failed.
	[2]   0 out of 250 test vectors failed.
	[3]   0 out of 250 test vectors failed.
Total 1000 Test Vectors, Err Count = 0.
Test Passed!

C:\Users\Jorge\Documents\reed_solomon_erasure\ProjRSErasure\SolutionX\sim\verilog>call C:/Xilinx/Vivado/2018.1/bin/xelab xil_defaultlib.apatb_rs_erasure_top glbl -prj rs_erasure.prj -L smartconnect_v1_0 -L axi_protocol_checker_v1_1_12 -L axi_protocol_checker_v1_1_13 -L axis_protocol_checker_v1_1_11 -L axis_protocol_checker_v1_1_12 -L xil_defaultlib -L unisims_ver --initfile "C:/Xilinx/Vivado/2018.1/data/xsim/ip/xsim_ip.ini" --lib "ieee_proposed=./ieee_proposed" -s rs_erasure -debug wave 
INFO: [XSIM 43-3496] Using init file passed via -initfile option "C:/Xilinx/Vivado/2018.1/data/xsim/ip/xsim_ip.ini".
Vivado Simulator 2018.1
Copyright 1986-1999, 2001-2017 Xilinx, Inc. All Rights Reserved.
Running: C:/Xilinx/Vivado/2018.1/bin/unwrapped/win64.o/xelab.exe xil_defaultlib.apatb_rs_erasure_top glbl -prj rs_erasure.prj -L smartconnect_v1_0 -L axi_protocol_checker_v1_1_12 -L axi_protocol_checker_v1_1_13 -L axis_protocol_checker_v1_1_11 -L axis_protocol_checker_v1_1_12 -L xil_defaultlib -L unisims_ver --initfile C:/Xilinx/Vivado/2018.1/data/xsim/ip/xsim_ip.ini --lib ieee_proposed=./ieee_proposed -s rs_erasure -debug wave 
Multi-threading is on. Using 2 slave threads.
INFO: [VRFC 10-2263] Analyzing SystemVerilog file "C:/Users/Jorge/Documents/reed_solomon_erasure/ProjRSErasure/SolutionX/sim/verilog/glbl.v" into library work
INFO: [VRFC 10-311] analyzing module glbl
INFO: [VRFC 10-2263] Analyzing SystemVerilog file "C:/Users/Jorge/Documents/reed_solomon_erasure/ProjRSErasure/SolutionX/sim/verilog/rs_erasure.autotb.v" into library xil_defaultlib
INFO: [VRFC 10-311] analyzing module apatb_rs_erasure_top
INFO: [VRFC 10-2263] Analyzing SystemVerilog file "C:/Users/Jorge/Documents/reed_solomon_erasure/ProjRSErasure/SolutionX/sim/verilog/rs_erasure.v" into library xil_defaultlib
INFO: [VRFC 10-311] analyzing module rs_erasure
INFO: [VRFC 10-2263] Analyzing SystemVerilog file "C:/Users/Jorge/Documents/reed_solomon_erasure/ProjRSErasure/SolutionX/sim/verilog/rs_erasure_DECMATAem.v" into library xil_defaultlib
INFO: [VRFC 10-311] analyzing module rs_erasure_DECMATAem_rom
INFO: [VRFC 10-311] analyzing module rs_erasure_DECMATAem
INFO: [VRFC 10-2263] Analyzing SystemVerilog file "C:/Users/Jorge/Documents/reed_solomon_erasure/ProjRSErasure/SolutionX/sim/verilog/rs_erasure_DECMATBew.v" into library xil_defaultlib
INFO: [VRFC 10-311] analyzing module rs_erasure_DECMATBew_rom
INFO: [VRFC 10-311] analyzing module rs_erasure_DECMATBew
INFO: [VRFC 10-2263] Analyzing SystemVerilog file "C:/Users/Jorge/Documents/reed_solomon_erasure/ProjRSErasure/SolutionX/sim/verilog/rs_erasure_DECMATbkb.v" into library xil_defaultlib
INFO: [VRFC 10-311] analyzing module rs_erasure_DECMATbkb_rom
INFO: [VRFC 10-311] analyzing module rs_erasure_DECMATbkb
INFO: [VRFC 10-2263] Analyzing SystemVerilog file "C:/Users/Jorge/Documents/reed_solomon_erasure/ProjRSErasure/SolutionX/sim/verilog/rs_erasure_DECMATCeG.v" into library xil_defaultlib
INFO: [VRFC 10-311] analyzing module rs_erasure_DECMATCeG_rom
INFO: [VRFC 10-311] analyzing module rs_erasure_DECMATCeG
INFO: [VRFC 10-2263] Analyzing SystemVerilog file "C:/Users/Jorge/Documents/reed_solomon_erasure/ProjRSErasure/SolutionX/sim/verilog/rs_erasure_DECMATcud.v" into library xil_defaultlib
INFO: [VRFC 10-311] analyzing module rs_erasure_DECMATcud_rom
INFO: [VRFC 10-311] analyzing module rs_erasure_DECMATcud
INFO: [VRFC 10-2263] Analyzing SystemVerilog file "C:/Users/Jorge/Documents/reed_solomon_erasure/ProjRSErasure/SolutionX/sim/verilog/rs_erasure_DECMATdEe.v" into library xil_defaultlib
INFO: [VRFC 10-311] analyzing module rs_erasure_DECMATdEe_rom
INFO: [VRFC 10-311] analyzing module rs_erasure_DECMATdEe
INFO: [VRFC 10-2263] Analyzing SystemVerilog file "C:/Users/Jorge/Documents/reed_solomon_erasure/ProjRSErasure/SolutionX/sim/verilog/rs_erasure_DECMATDeQ.v" into library xil_defaultlib
INFO: [VRFC 10-311] analyzing module rs_erasure_DECMATDeQ_rom
INFO: [VRFC 10-311] analyzing module rs_erasure_DECMATDeQ
INFO: [VRFC 10-2263] Analyzing SystemVerilog file "C:/Users/Jorge/Documents/reed_solomon_erasure/ProjRSErasure/SolutionX/sim/verilog/rs_erasure_DECMATEe0.v" into library xil_defaultlib
INFO: [VRFC 10-311] analyzing module rs_erasure_DECMATEe0_rom
INFO: [VRFC 10-311] analyzing module rs_erasure_DECMATEe0
INFO: [VRFC 10-2263] Analyzing SystemVerilog file "C:/Users/Jorge/Documents/reed_solomon_erasure/ProjRSErasure/SolutionX/sim/verilog/rs_erasure_DECMATeOg.v" into library xil_defaultlib
INFO: [VRFC 10-311] analyzing module rs_erasure_DECMATeOg_rom
INFO: [VRFC 10-311] analyzing module rs_erasure_DECMATeOg
INFO: [VRFC 10-2263] Analyzing SystemVerilog file "C:/Users/Jorge/Documents/reed_solomon_erasure/ProjRSErasure/SolutionX/sim/verilog/rs_erasure_DECMATFfa.v" into library xil_defaultlib
INFO: [VRFC 10-311] analyzing module rs_erasure_DECMATFfa_rom
INFO: [VRFC 10-311] analyzing module rs_erasure_DECMATFfa
INFO: [VRFC 10-2263] Analyzing SystemVerilog file "C:/Users/Jorge/Documents/reed_solomon_erasure/ProjRSErasure/SolutionX/sim/verilog/rs_erasure_DECMATfYi.v" into library xil_defaultlib
INFO: [VRFC 10-311] analyzing module rs_erasure_DECMATfYi_rom
INFO: [VRFC 10-311] analyzing module rs_erasure_DECMATfYi
INFO: [VRFC 10-2263] Analyzing SystemVerilog file "C:/Users/Jorge/Documents/reed_solomon_erasure/ProjRSErasure/SolutionX/sim/verilog/rs_erasure_DECMATg8j.v" into library xil_defaultlib
INFO: [VRFC 10-311] analyzing module rs_erasure_DECMATg8j_rom
INFO: [VRFC 10-311] analyzing module rs_erasure_DECMATg8j
INFO: [VRFC 10-2263] Analyzing SystemVerilog file "C:/Users/Jorge/Documents/reed_solomon_erasure/ProjRSErasure/SolutionX/sim/verilog/rs_erasure_DECMATGfk.v" into library xil_defaultlib
INFO: [VRFC 10-311] analyzing module rs_erasure_DECMATGfk_rom
INFO: [VRFC 10-311] analyzing module rs_erasure_DECMATGfk
INFO: [VRFC 10-2263] Analyzing SystemVerilog file "C:/Users/Jorge/Documents/reed_solomon_erasure/ProjRSErasure/SolutionX/sim/verilog/rs_erasure_DECMAThbi.v" into library xil_defaultlib
INFO: [VRFC 10-311] analyzing module rs_erasure_DECMAThbi_rom
INFO: [VRFC 10-311] analyzing module rs_erasure_DECMAThbi
INFO: [VRFC 10-2263] Analyzing SystemVerilog file "C:/Users/Jorge/Documents/reed_solomon_erasure/ProjRSErasure/SolutionX/sim/verilog/rs_erasure_DECMATHfu.v" into library xil_defaultlib
INFO: [VRFC 10-311] analyzing module rs_erasure_DECMATHfu_rom
INFO: [VRFC 10-311] analyzing module rs_erasure_DECMATHfu
INFO: [VRFC 10-2263] Analyzing SystemVerilog file "C:/Users/Jorge/Documents/reed_solomon_erasure/ProjRSErasure/SolutionX/sim/verilog/rs_erasure_DECMATibs.v" into library xil_defaultlib
INFO: [VRFC 10-311] analyzing module rs_erasure_DECMATibs_rom
INFO: [VRFC 10-311] analyzing module rs_erasure_DECMATibs
INFO: [VRFC 10-2263] Analyzing SystemVerilog file "C:/Users/Jorge/Documents/reed_solomon_erasure/ProjRSErasure/SolutionX/sim/verilog/rs_erasure_DECMATIfE.v" into library xil_defaultlib
INFO: [VRFC 10-311] analyzing module rs_erasure_DECMATIfE_rom
INFO: [VRFC 10-311] analyzing module rs_erasure_DECMATIfE
INFO: [VRFC 10-2263] Analyzing SystemVerilog file "C:/Users/Jorge/Documents/reed_solomon_erasure/ProjRSErasure/SolutionX/sim/verilog/rs_erasure_DECMATjbC.v" into library xil_defaultlib
INFO: [VRFC 10-311] analyzing module rs_erasure_DECMATjbC_rom
INFO: [VRFC 10-311] analyzing module rs_erasure_DECMATjbC
INFO: [VRFC 10-2263] Analyzing SystemVerilog file "C:/Users/Jorge/Documents/reed_solomon_erasure/ProjRSErasure/SolutionX/sim/verilog/rs_erasure_DECMATJfO.v" into library xil_defaultlib
INFO: [VRFC 10-311] analyzing module rs_erasure_DECMATJfO_rom
INFO: [VRFC 10-311] analyzing module rs_erasure_DECMATJfO
INFO: [VRFC 10-2263] Analyzing SystemVerilog file "C:/Users/Jorge/Documents/reed_solomon_erasure/ProjRSErasure/SolutionX/sim/verilog/rs_erasure_DECMATkbM.v" into library xil_defaultlib
INFO: [VRFC 10-311] analyzing module rs_erasure_DECMATkbM_rom
INFO: [VRFC 10-311] analyzing module rs_erasure_DECMATkbM
INFO: [VRFC 10-2263] Analyzing SystemVerilog file "C:/Users/Jorge/Documents/reed_solomon_erasure/ProjRSErasure/SolutionX/sim/verilog/rs_erasure_DECMATKfY.v" into library xil_defaultlib
INFO: [VRFC 10-311] analyzing module rs_erasure_DECMATKfY_rom
INFO: [VRFC 10-311] analyzing module rs_erasure_DECMATKfY
INFO: [VRFC 10-2263] Analyzing SystemVerilog file "C:/Users/Jorge/Documents/reed_solomon_erasure/ProjRSErasure/SolutionX/sim/verilog/rs_erasure_DECMATlbW.v" into library xil_defaultlib
INFO: [VRFC 10-311] analyzing module rs_erasure_DECMATlbW_rom
INFO: [VRFC 10-311] analyzing module rs_erasure_DECMATlbW
INFO: [VRFC 10-2263] Analyzing SystemVerilog file "C:/Users/Jorge/Documents/reed_solomon_erasure/ProjRSErasure/SolutionX/sim/verilog/rs_erasure_DECMATLf8.v" into library xil_defaultlib
INFO: [VRFC 10-311] analyzing module rs_erasure_DECMATLf8_rom
INFO: [VRFC 10-311] analyzing module rs_erasure_DECMATLf8
INFO: [VRFC 10-2263] Analyzing SystemVerilog file "C:/Users/Jorge/Documents/reed_solomon_erasure/ProjRSErasure/SolutionX/sim/verilog/rs_erasure_DECMATmb6.v" into library xil_defaultlib
INFO: [VRFC 10-311] analyzing module rs_erasure_DECMATmb6_rom
INFO: [VRFC 10-311] analyzing module rs_erasure_DECMATmb6
INFO: [VRFC 10-2263] Analyzing SystemVerilog file "C:/Users/Jorge/Documents/reed_solomon_erasure/ProjRSErasure/SolutionX/sim/verilog/rs_erasure_DECMATMgi.v" into library xil_defaultlib
INFO: [VRFC 10-311] analyzing module rs_erasure_DECMATMgi_rom
INFO: [VRFC 10-311] analyzing module rs_erasure_DECMATMgi
INFO: [VRFC 10-2263] Analyzing SystemVerilog file "C:/Users/Jorge/Documents/reed_solomon_erasure/ProjRSErasure/SolutionX/sim/verilog/rs_erasure_DECMATncg.v" into library xil_defaultlib
INFO: [VRFC 10-311] analyzing module rs_erasure_DECMATncg_rom
INFO: [VRFC 10-311] analyzing module rs_erasure_DECMATncg
INFO: [VRFC 10-2263] Analyzing SystemVerilog file "C:/Users/Jorge/Documents/reed_solomon_erasure/ProjRSErasure/SolutionX/sim/verilog/rs_erasure_DECMATNgs.v" into library xil_defaultlib
INFO: [VRFC 10-311] analyzing module rs_erasure_DECMATNgs_rom
INFO: [VRFC 10-311] analyzing module rs_erasure_DECMATNgs
INFO: [VRFC 10-2263] Analyzing SystemVerilog file "C:/Users/Jorge/Documents/reed_solomon_erasure/ProjRSErasure/SolutionX/sim/verilog/rs_erasure_DECMATocq.v" into library xil_defaultlib
INFO: [VRFC 10-311] analyzing module rs_erasure_DECMATocq_rom
INFO: [VRFC 10-311] analyzing module rs_erasure_DECMATocq
INFO: [VRFC 10-2263] Analyzing SystemVerilog file "C:/Users/Jorge/Documents/reed_solomon_erasure/ProjRSErasure/SolutionX/sim/verilog/rs_erasure_DECMATOgC.v" into library xil_defaultlib
INFO: [VRFC 10-311] analyzing module rs_erasure_DECMATOgC_rom
INFO: [VRFC 10-311] analyzing module rs_erasure_DECMATOgC
INFO: [VRFC 10-2263] Analyzing SystemVerilog file "C:/Users/Jorge/Documents/reed_solomon_erasure/ProjRSErasure/SolutionX/sim/verilog/rs_erasure_DECMATpcA.v" into library xil_defaultlib
INFO: [VRFC 10-311] analyzing module rs_erasure_DECMATpcA_rom
INFO: [VRFC 10-311] analyzing module rs_erasure_DECMATpcA
INFO: [VRFC 10-2263] Analyzing SystemVerilog file "C:/Users/Jorge/Documents/reed_solomon_erasure/ProjRSErasure/SolutionX/sim/verilog/rs_erasure_DECMATPgM.v" into library xil_defaultlib
INFO: [VRFC 10-311] analyzing module rs_erasure_DECMATPgM_rom
INFO: [VRFC 10-311] analyzing module rs_erasure_DECMATPgM
INFO: [VRFC 10-2263] Analyzing SystemVerilog file "C:/Users/Jorge/Documents/reed_solomon_erasure/ProjRSErasure/SolutionX/sim/verilog/rs_erasure_DECMATqcK.v" into library xil_defaultlib
INFO: [VRFC 10-311] analyzing module rs_erasure_DECMATqcK_rom
INFO: [VRFC 10-311] analyzing module rs_erasure_DECMATqcK
INFO: [VRFC 10-2263] Analyzing SystemVerilog file "C:/Users/Jorge/Documents/reed_solomon_erasure/ProjRSErasure/SolutionX/sim/verilog/rs_erasure_DECMATQgW.v" into library xil_defaultlib
INFO: [VRFC 10-311] analyzing module rs_erasure_DECMATQgW_rom
INFO: [VRFC 10-311] analyzing module rs_erasure_DECMATQgW
INFO: [VRFC 10-2263] Analyzing SystemVerilog file "C:/Users/Jorge/Documents/reed_solomon_erasure/ProjRSErasure/SolutionX/sim/verilog/rs_erasure_DECMATrcU.v" into library xil_defaultlib
INFO: [VRFC 10-311] analyzing module rs_erasure_DECMATrcU_rom
INFO: [VRFC 10-311] analyzing module rs_erasure_DECMATrcU
INFO: [VRFC 10-2263] Analyzing SystemVerilog file "C:/Users/Jorge/Documents/reed_solomon_erasure/ProjRSErasure/SolutionX/sim/verilog/rs_erasure_DECMATRg6.v" into library xil_defaultlib
INFO: [VRFC 10-311] analyzing module rs_erasure_DECMATRg6_rom
INFO: [VRFC 10-311] analyzing module rs_erasure_DECMATRg6
INFO: [VRFC 10-2263] Analyzing SystemVerilog file "C:/Users/Jorge/Documents/reed_solomon_erasure/ProjRSErasure/SolutionX/sim/verilog/rs_erasure_DECMATsc4.v" into library xil_defaultlib
INFO: [VRFC 10-311] analyzing module rs_erasure_DECMATsc4_rom
INFO: [VRFC 10-311] analyzing module rs_erasure_DECMATsc4
INFO: [VRFC 10-2263] Analyzing SystemVerilog file "C:/Users/Jorge/Documents/reed_solomon_erasure/ProjRSErasure/SolutionX/sim/verilog/rs_erasure_DECMATShg.v" into library xil_defaultlib
INFO: [VRFC 10-311] analyzing module rs_erasure_DECMATShg_rom
INFO: [VRFC 10-311] analyzing module rs_erasure_DECMATShg
INFO: [VRFC 10-2263] Analyzing SystemVerilog file "C:/Users/Jorge/Documents/reed_solomon_erasure/ProjRSErasure/SolutionX/sim/verilog/rs_erasure_DECMATtde.v" into library xil_defaultlib
INFO: [VRFC 10-311] analyzing module rs_erasure_DECMATtde_rom
INFO: [VRFC 10-311] analyzing module rs_erasure_DECMATtde
INFO: [VRFC 10-2263] Analyzing SystemVerilog file "C:/Users/Jorge/Documents/reed_solomon_erasure/ProjRSErasure/SolutionX/sim/verilog/rs_erasure_DECMATThq.v" into library xil_defaultlib
INFO: [VRFC 10-311] analyzing module rs_erasure_DECMATThq_rom
INFO: [VRFC 10-311] analyzing module rs_erasure_DECMATThq
INFO: [VRFC 10-2263] Analyzing SystemVerilog file "C:/Users/Jorge/Documents/reed_solomon_erasure/ProjRSErasure/SolutionX/sim/verilog/rs_erasure_DECMATudo.v" into library xil_defaultlib
INFO: [VRFC 10-311] analyzing module rs_erasure_DECMATudo_rom
INFO: [VRFC 10-311] analyzing module rs_erasure_DECMATudo
INFO: [VRFC 10-2263] Analyzing SystemVerilog file "C:/Users/Jorge/Documents/reed_solomon_erasure/ProjRSErasure/SolutionX/sim/verilog/rs_erasure_DECMATUhA.v" into library xil_defaultlib
INFO: [VRFC 10-311] analyzing module rs_erasure_DECMATUhA_rom
INFO: [VRFC 10-311] analyzing module rs_erasure_DECMATUhA
INFO: [VRFC 10-2263] Analyzing SystemVerilog file "C:/Users/Jorge/Documents/reed_solomon_erasure/ProjRSErasure/SolutionX/sim/verilog/rs_erasure_DECMATvdy.v" into library xil_defaultlib
INFO: [VRFC 10-311] analyzing module rs_erasure_DECMATvdy_rom
INFO: [VRFC 10-311] analyzing module rs_erasure_DECMATvdy
INFO: [VRFC 10-2263] Analyzing SystemVerilog file "C:/Users/Jorge/Documents/reed_solomon_erasure/ProjRSErasure/SolutionX/sim/verilog/rs_erasure_DECMATVhK.v" into library xil_defaultlib
INFO: [VRFC 10-311] analyzing module rs_erasure_DECMATVhK_rom
INFO: [VRFC 10-311] analyzing module rs_erasure_DECMATVhK
INFO: [VRFC 10-2263] Analyzing SystemVerilog file "C:/Users/Jorge/Documents/reed_solomon_erasure/ProjRSErasure/SolutionX/sim/verilog/rs_erasure_DECMATwdI.v" into library xil_defaultlib
INFO: [VRFC 10-311] analyzing module rs_erasure_DECMATwdI_rom
INFO: [VRFC 10-311] analyzing module rs_erasure_DECMATwdI
INFO: [VRFC 10-2263] Analyzing SystemVerilog file "C:/Users/Jorge/Documents/reed_solomon_erasure/ProjRSErasure/SolutionX/sim/verilog/rs_erasure_DECMATWhU.v" into library xil_defaultlib
INFO: [VRFC 10-311] analyzing module rs_erasure_DECMATWhU_rom
INFO: [VRFC 10-311] analyzing module rs_erasure_DECMATWhU
INFO: [VRFC 10-2263] Analyzing SystemVerilog file "C:/Users/Jorge/Documents/reed_solomon_erasure/ProjRSErasure/SolutionX/sim/verilog/rs_erasure_DECMATxdS.v" into library xil_defaultlib
INFO: [VRFC 10-311] analyzing module rs_erasure_DECMATxdS_rom
INFO: [VRFC 10-311] analyzing module rs_erasure_DECMATxdS
INFO: [VRFC 10-2263] Analyzing SystemVerilog file "C:/Users/Jorge/Documents/reed_solomon_erasure/ProjRSErasure/SolutionX/sim/verilog/rs_erasure_DECMATyd2.v" into library xil_defaultlib
INFO: [VRFC 10-311] analyzing module rs_erasure_DECMATyd2_rom
INFO: [VRFC 10-311] analyzing module rs_erasure_DECMATyd2
INFO: [VRFC 10-2263] Analyzing SystemVerilog file "C:/Users/Jorge/Documents/reed_solomon_erasure/ProjRSErasure/SolutionX/sim/verilog/rs_erasure_DECMATzec.v" into library xil_defaultlib
INFO: [VRFC 10-311] analyzing module rs_erasure_DECMATzec_rom
INFO: [VRFC 10-311] analyzing module rs_erasure_DECMATzec
INFO: [VRFC 10-2263] Analyzing SystemVerilog file "C:/Users/Jorge/Documents/reed_solomon_erasure/ProjRSErasure/SolutionX/sim/verilog/rs_erasure_F_tbl.v" into library xil_defaultlib
INFO: [VRFC 10-311] analyzing module rs_erasure_F_tbl_rom
INFO: [VRFC 10-311] analyzing module rs_erasure_F_tbl
INFO: [VRFC 10-2263] Analyzing SystemVerilog file "C:/Users/Jorge/Documents/reed_solomon_erasure/ProjRSErasure/SolutionX/sim/verilog/rs_erasure_mux_42Xh4.v" into library xil_defaultlib
INFO: [VRFC 10-311] analyzing module rs_erasure_mux_42Xh4
Starting static elaboration
Completed static elaboration
Starting simulation data flow analysis
Completed simulation data flow analysis
Time Resolution for simulation is 1ps
Compiling module xil_defaultlib.rs_erasure_F_tbl_rom
Compiling module xil_defaultlib.rs_erasure_F_tbl(DataWidth=9,Add...
Compiling module xil_defaultlib.rs_erasure_DECMATbkb_rom
Compiling module xil_defaultlib.rs_erasure_DECMATbkb(DataWidth=8...
Compiling module xil_defaultlib.rs_erasure_DECMATcud_rom
Compiling module xil_defaultlib.rs_erasure_DECMATcud(DataWidth=8...
Compiling module xil_defaultlib.rs_erasure_DECMATdEe_rom
Compiling module xil_defaultlib.rs_erasure_DECMATdEe(DataWidth=8...
Compiling module xil_defaultlib.rs_erasure_DECMATeOg_rom
Compiling module xil_defaultlib.rs_erasure_DECMATeOg(DataWidth=8...
Compiling module xil_defaultlib.rs_erasure_DECMATfYi_rom
Compiling module xil_defaultlib.rs_erasure_DECMATfYi(DataWidth=8...
Compiling module xil_defaultlib.rs_erasure_DECMATg8j_rom
Compiling module xil_defaultlib.rs_erasure_DECMATg8j(DataWidth=8...
Compiling module xil_defaultlib.rs_erasure_DECMAThbi_rom
Compiling module xil_defaultlib.rs_erasure_DECMAThbi(DataWidth=8...
Compiling module xil_defaultlib.rs_erasure_DECMATibs_rom
Compiling module xil_defaultlib.rs_erasure_DECMATibs(DataWidth=8...
Compiling module xil_defaultlib.rs_erasure_DECMATjbC_rom
Compiling module xil_defaultlib.rs_erasure_DECMATjbC(DataWidth=8...
Compiling module xil_defaultlib.rs_erasure_DECMATkbM_rom
Compiling module xil_defaultlib.rs_erasure_DECMATkbM(DataWidth=8...
Compiling module xil_defaultlib.rs_erasure_DECMATlbW_rom
Compiling module xil_defaultlib.rs_erasure_DECMATlbW(DataWidth=8...
Compiling module xil_defaultlib.rs_erasure_DECMATmb6_rom
Compiling module xil_defaultlib.rs_erasure_DECMATmb6(DataWidth=8...
Compiling module xil_defaultlib.rs_erasure_DECMATncg_rom
Compiling module xil_defaultlib.rs_erasure_DECMATncg(DataWidth=8...
Compiling module xil_defaultlib.rs_erasure_DECMATocq_rom
Compiling module xil_defaultlib.rs_erasure_DECMATocq(DataWidth=8...
Compiling module xil_defaultlib.rs_erasure_DECMATpcA_rom
Compiling module xil_defaultlib.rs_erasure_DECMATpcA(DataWidth=8...
Compiling module xil_defaultlib.rs_erasure_DECMATqcK_rom
Compiling module xil_defaultlib.rs_erasure_DECMATqcK(DataWidth=8...
Compiling module xil_defaultlib.rs_erasure_DECMATrcU_rom
Compiling module xil_defaultlib.rs_erasure_DECMATrcU(DataWidth=8...
Compiling module xil_defaultlib.rs_erasure_DECMATsc4_rom
Compiling module xil_defaultlib.rs_erasure_DECMATsc4(DataWidth=8...
Compiling module xil_defaultlib.rs_erasure_DECMATtde_rom
Compiling module xil_defaultlib.rs_erasure_DECMATtde(DataWidth=8...
Compiling module xil_defaultlib.rs_erasure_DECMATudo_rom
Compiling module xil_defaultlib.rs_erasure_DECMATudo(DataWidth=8...
Compiling module xil_defaultlib.rs_erasure_DECMATvdy_rom
Compiling module xil_defaultlib.rs_erasure_DECMATvdy(DataWidth=8...
Compiling module xil_defaultlib.rs_erasure_DECMATwdI_rom
Compiling module xil_defaultlib.rs_erasure_DECMATwdI(DataWidth=8...
Compiling module xil_defaultlib.rs_erasure_DECMATxdS_rom
Compiling module xil_defaultlib.rs_erasure_DECMATxdS(DataWidth=8...
Compiling module xil_defaultlib.rs_erasure_DECMATyd2_rom
Compiling module xil_defaultlib.rs_erasure_DECMATyd2(DataWidth=8...
Compiling module xil_defaultlib.rs_erasure_DECMATzec_rom
Compiling module xil_defaultlib.rs_erasure_DECMATzec(DataWidth=8...
Compiling module xil_defaultlib.rs_erasure_DECMATAem_rom
Compiling module xil_defaultlib.rs_erasure_DECMATAem(DataWidth=8...
Compiling module xil_defaultlib.rs_erasure_DECMATBew_rom
Compiling module xil_defaultlib.rs_erasure_DECMATBew(DataWidth=8...
Compiling module xil_defaultlib.rs_erasure_DECMATCeG_rom
Compiling module xil_defaultlib.rs_erasure_DECMATCeG(DataWidth=8...
Compiling module xil_defaultlib.rs_erasure_DECMATDeQ_rom
Compiling module xil_defaultlib.rs_erasure_DECMATDeQ(DataWidth=8...
Compiling module xil_defaultlib.rs_erasure_DECMATEe0_rom
Compiling module xil_defaultlib.rs_erasure_DECMATEe0(DataWidth=8...
Compiling module xil_defaultlib.rs_erasure_DECMATFfa_rom
Compiling module xil_defaultlib.rs_erasure_DECMATFfa(DataWidth=8...
Compiling module xil_defaultlib.rs_erasure_DECMATGfk_rom
Compiling module xil_defaultlib.rs_erasure_DECMATGfk(DataWidth=8...
Compiling module xil_defaultlib.rs_erasure_DECMATHfu_rom
Compiling module xil_defaultlib.rs_erasure_DECMATHfu(DataWidth=8...
Compiling module xil_defaultlib.rs_erasure_DECMATIfE_rom
Compiling module xil_defaultlib.rs_erasure_DECMATIfE(DataWidth=8...
Compiling module xil_defaultlib.rs_erasure_DECMATJfO_rom
Compiling module xil_defaultlib.rs_erasure_DECMATJfO(DataWidth=8...
Compiling module xil_defaultlib.rs_erasure_DECMATKfY_rom
Compiling module xil_defaultlib.rs_erasure_DECMATKfY(DataWidth=8...
Compiling module xil_defaultlib.rs_erasure_DECMATLf8_rom
Compiling module xil_defaultlib.rs_erasure_DECMATLf8(DataWidth=8...
Compiling module xil_defaultlib.rs_erasure_DECMATMgi_rom
Compiling module xil_defaultlib.rs_erasure_DECMATMgi(DataWidth=8...
Compiling module xil_defaultlib.rs_erasure_DECMATNgs_rom
Compiling module xil_defaultlib.rs_erasure_DECMATNgs(DataWidth=8...
Compiling module xil_defaultlib.rs_erasure_DECMATOgC_rom
Compiling module xil_defaultlib.rs_erasure_DECMATOgC(DataWidth=8...
Compiling module xil_defaultlib.rs_erasure_DECMATPgM_rom
Compiling module xil_defaultlib.rs_erasure_DECMATPgM(DataWidth=8...
Compiling module xil_defaultlib.rs_erasure_DECMATQgW_rom
Compiling module xil_defaultlib.rs_erasure_DECMATQgW(DataWidth=8...
Compiling module xil_defaultlib.rs_erasure_DECMATRg6_rom
Compiling module xil_defaultlib.rs_erasure_DECMATRg6(DataWidth=8...
Compiling module xil_defaultlib.rs_erasure_DECMATShg_rom
Compiling module xil_defaultlib.rs_erasure_DECMATShg(DataWidth=8...
Compiling module xil_defaultlib.rs_erasure_DECMATThq_rom
Compiling module xil_defaultlib.rs_erasure_DECMATThq(DataWidth=8...
Compiling module xil_defaultlib.rs_erasure_DECMATUhA_rom
Compiling module xil_defaultlib.rs_erasure_DECMATUhA(DataWidth=8...
Compiling module xil_defaultlib.rs_erasure_DECMATVhK_rom
Compiling module xil_defaultlib.rs_erasure_DECMATVhK(DataWidth=8...
Compiling module xil_defaultlib.rs_erasure_DECMATWhU_rom
Compiling module xil_defaultlib.rs_erasure_DECMATWhU(DataWidth=8...
Compiling module xil_defaultlib.rs_erasure_mux_42Xh4(ID=1,din0_W...
Compiling module xil_defaultlib.rs_erasure
Compiling module xil_defaultlib.apatb_rs_erasure_top
Compiling module work.glbl
Built simulation snapshot rs_erasure

****** Webtalk v2018.1 (64-bit)
  **** SW Build 2188600 on Wed Apr  4 18:40:38 MDT 2018
  **** IP Build 2185939 on Wed Apr  4 20:55:05 MDT 2018
    ** Copyright 1986-2018 Xilinx, Inc. All Rights Reserved.

source C:/Users/Jorge/Documents/reed_solomon_erasure/ProjRSErasure/SolutionX/sim/verilog/xsim.dir/rs_erasure/webtalk/xsim_webtalk.tcl -notrace
INFO: [Common 17-186] 'C:/Users/Jorge/Documents/reed_solomon_erasure/ProjRSErasure/SolutionX/sim/verilog/xsim.dir/rs_erasure/webtalk/usage_statistics_ext_xsim.xml' has been successfully sent to Xilinx on Thu Apr 12 15:07:38 2018. For additional details about this file, please refer to the WebTalk help file at C:/Xilinx/Vivado/2018.1/doc/webtalk_introduction.html.
INFO: [Common 17-206] Exiting Webtalk at Thu Apr 12 15:07:38 2018...

****** xsim v2018.1 (64-bit)
  **** SW Build 2188600 on Wed Apr  4 18:40:38 MDT 2018
  **** IP Build 2185939 on Wed Apr  4 20:55:05 MDT 2018
    ** Copyright 1986-2018 Xilinx, Inc. All Rights Reserved.

source xsim.dir/rs_erasure/xsim_script.tcl
# xsim {rs_erasure} -autoloadwcfg -tclbatch {rs_erasure.tcl}
Vivado Simulator 2018.1
Time resolution is 1 ps
source rs_erasure.tcl
## log_wave -r /
## set designtopgroup [add_wave_group "Design Top Signals"]
## set coutputgroup [add_wave_group "C Outputs" -into $designtopgroup]
## set c_group [add_wave_group c(wire) -into $coutputgroup]
## add_wave /apatb_rs_erasure_top/AESL_inst_rs_erasure/c_3_ap_vld -into $c_group -color #ffff00 -radix hex
## add_wave /apatb_rs_erasure_top/AESL_inst_rs_erasure/c_3 -into $c_group -radix hex
## add_wave /apatb_rs_erasure_top/AESL_inst_rs_erasure/c_2_ap_vld -into $c_group -color #ffff00 -radix hex
## add_wave /apatb_rs_erasure_top/AESL_inst_rs_erasure/c_2 -into $c_group -radix hex
## add_wave /apatb_rs_erasure_top/AESL_inst_rs_erasure/c_1_ap_vld -into $c_group -color #ffff00 -radix hex
## add_wave /apatb_rs_erasure_top/AESL_inst_rs_erasure/c_1 -into $c_group -radix hex
## add_wave /apatb_rs_erasure_top/AESL_inst_rs_erasure/c_0_ap_vld -into $c_group -color #ffff00 -radix hex
## add_wave /apatb_rs_erasure_top/AESL_inst_rs_erasure/c_0 -into $c_group -radix hex
## set cinputgroup [add_wave_group "C Inputs" -into $designtopgroup]
## set survival_pattern_group [add_wave_group survival_pattern(wire) -into $cinputgroup]
## add_wave /apatb_rs_erasure_top/AESL_inst_rs_erasure/survival_pattern -into $survival_pattern_group -radix hex
## set d_group [add_wave_group d(wire) -into $cinputgroup]
## add_wave /apatb_rs_erasure_top/AESL_inst_rs_erasure/d_11 -into $d_group -radix hex
## add_wave /apatb_rs_erasure_top/AESL_inst_rs_erasure/d_10 -into $d_group -radix hex
## add_wave /apatb_rs_erasure_top/AESL_inst_rs_erasure/d_9 -into $d_group -radix hex
## add_wave /apatb_rs_erasure_top/AESL_inst_rs_erasure/d_8 -into $d_group -radix hex
## add_wave /apatb_rs_erasure_top/AESL_inst_rs_erasure/d_7 -into $d_group -radix hex
## add_wave /apatb_rs_erasure_top/AESL_inst_rs_erasure/d_6 -into $d_group -radix hex
## add_wave /apatb_rs_erasure_top/AESL_inst_rs_erasure/d_5 -into $d_group -radix hex
## add_wave /apatb_rs_erasure_top/AESL_inst_rs_erasure/d_4 -into $d_group -radix hex
## add_wave /apatb_rs_erasure_top/AESL_inst_rs_erasure/d_3 -into $d_group -radix hex
## add_wave /apatb_rs_erasure_top/AESL_inst_rs_erasure/d_2 -into $d_group -radix hex
## add_wave /apatb_rs_erasure_top/AESL_inst_rs_erasure/d_1 -into $d_group -radix hex
## add_wave /apatb_rs_erasure_top/AESL_inst_rs_erasure/d_0 -into $d_group -radix hex
## set codeidx_group [add_wave_group codeidx(wire) -into $cinputgroup]
## add_wave /apatb_rs_erasure_top/AESL_inst_rs_erasure/codeidx -into $codeidx_group -radix hex
## add_wave /apatb_rs_erasure_top/AESL_inst_rs_erasure/codeidx_ap_vld -into $codeidx_group -color #ffff00 -radix hex
## set blocksiggroup [add_wave_group "Block-level IO Handshake" -into $designtopgroup]
## add_wave /apatb_rs_erasure_top/AESL_inst_rs_erasure/ap_start -into $blocksiggroup
## add_wave /apatb_rs_erasure_top/AESL_inst_rs_erasure/ap_done -into $blocksiggroup
## add_wave /apatb_rs_erasure_top/AESL_inst_rs_erasure/ap_idle -into $blocksiggroup
## add_wave /apatb_rs_erasure_top/AESL_inst_rs_erasure/ap_ready -into $blocksiggroup
## set resetgroup [add_wave_group "Reset" -into $designtopgroup]
## add_wave /apatb_rs_erasure_top/AESL_inst_rs_erasure/ap_rst -into $resetgroup
## set clockgroup [add_wave_group "Clock" -into $designtopgroup]
## add_wave /apatb_rs_erasure_top/AESL_inst_rs_erasure/ap_clk -into $clockgroup
## set testbenchgroup [add_wave_group "Test Bench Signals"]
## set tbinternalsiggroup [add_wave_group "Internal Signals" -into $testbenchgroup]
## set tb_simstatus_group [add_wave_group "Simulation Status" -into $tbinternalsiggroup]
## set tb_portdepth_group [add_wave_group "Port Depth" -into $tbinternalsiggroup]
## add_wave /apatb_rs_erasure_top/AUTOTB_TRANSACTION_NUM -into $tb_simstatus_group -radix hex
## add_wave /apatb_rs_erasure_top/ready_cnt -into $tb_simstatus_group -radix hex
## add_wave /apatb_rs_erasure_top/done_cnt -into $tb_simstatus_group -radix hex
## add_wave /apatb_rs_erasure_top/LENGTH_c_0 -into $tb_portdepth_group -radix hex
## add_wave /apatb_rs_erasure_top/LENGTH_c_1 -into $tb_portdepth_group -radix hex
## add_wave /apatb_rs_erasure_top/LENGTH_c_2 -into $tb_portdepth_group -radix hex
## add_wave /apatb_rs_erasure_top/LENGTH_c_3 -into $tb_portdepth_group -radix hex
## add_wave /apatb_rs_erasure_top/LENGTH_d_0 -into $tb_portdepth_group -radix hex
## add_wave /apatb_rs_erasure_top/LENGTH_d_1 -into $tb_portdepth_group -radix hex
## add_wave /apatb_rs_erasure_top/LENGTH_d_2 -into $tb_portdepth_group -radix hex
## add_wave /apatb_rs_erasure_top/LENGTH_d_3 -into $tb_portdepth_group -radix hex
## add_wave /apatb_rs_erasure_top/LENGTH_d_4 -into $tb_portdepth_group -radix hex
## add_wave /apatb_rs_erasure_top/LENGTH_d_5 -into $tb_portdepth_group -radix hex
## add_wave /apatb_rs_erasure_top/LENGTH_d_6 -into $tb_portdepth_group -radix hex
## add_wave /apatb_rs_erasure_top/LENGTH_d_7 -into $tb_portdepth_group -radix hex
## add_wave /apatb_rs_erasure_top/LENGTH_d_8 -into $tb_portdepth_group -radix hex
## add_wave /apatb_rs_erasure_top/LENGTH_d_9 -into $tb_portdepth_group -radix hex
## add_wave /apatb_rs_erasure_top/LENGTH_d_10 -into $tb_portdepth_group -radix hex
## add_wave /apatb_rs_erasure_top/LENGTH_d_11 -into $tb_portdepth_group -radix hex
## add_wave /apatb_rs_erasure_top/LENGTH_survival_pattern -into $tb_portdepth_group -radix hex
## add_wave /apatb_rs_erasure_top/LENGTH_codeidx -into $tb_portdepth_group -radix hex
## set tbcoutputgroup [add_wave_group "C Outputs" -into $testbenchgroup]
## set tb_c_group [add_wave_group c(wire) -into $tbcoutputgroup]
## add_wave /apatb_rs_erasure_top/c_3_ap_vld -into $tb_c_group -color #ffff00 -radix hex
## add_wave /apatb_rs_erasure_top/c_3 -into $tb_c_group -radix hex
## add_wave /apatb_rs_erasure_top/c_2_ap_vld -into $tb_c_group -color #ffff00 -radix hex
## add_wave /apatb_rs_erasure_top/c_2 -into $tb_c_group -radix hex
## add_wave /apatb_rs_erasure_top/c_1_ap_vld -into $tb_c_group -color #ffff00 -radix hex
## add_wave /apatb_rs_erasure_top/c_1 -into $tb_c_group -radix hex
## add_wave /apatb_rs_erasure_top/c_0_ap_vld -into $tb_c_group -color #ffff00 -radix hex
## add_wave /apatb_rs_erasure_top/c_0 -into $tb_c_group -radix hex
## set tbcinputgroup [add_wave_group "C Inputs" -into $testbenchgroup]
## set tb_survival_pattern_group [add_wave_group survival_pattern(wire) -into $tbcinputgroup]
## add_wave /apatb_rs_erasure_top/survival_pattern -into $tb_survival_pattern_group -radix hex
## set tb_d_group [add_wave_group d(wire) -into $tbcinputgroup]
## add_wave /apatb_rs_erasure_top/d_11 -into $tb_d_group -radix hex
## add_wave /apatb_rs_erasure_top/d_10 -into $tb_d_group -radix hex
## add_wave /apatb_rs_erasure_top/d_9 -into $tb_d_group -radix hex
## add_wave /apatb_rs_erasure_top/d_8 -into $tb_d_group -radix hex
## add_wave /apatb_rs_erasure_top/d_7 -into $tb_d_group -radix hex
## add_wave /apatb_rs_erasure_top/d_6 -into $tb_d_group -radix hex
## add_wave /apatb_rs_erasure_top/d_5 -into $tb_d_group -radix hex
## add_wave /apatb_rs_erasure_top/d_4 -into $tb_d_group -radix hex
## add_wave /apatb_rs_erasure_top/d_3 -into $tb_d_group -radix hex
## add_wave /apatb_rs_erasure_top/d_2 -into $tb_d_group -radix hex
## add_wave /apatb_rs_erasure_top/d_1 -into $tb_d_group -radix hex
## add_wave /apatb_rs_erasure_top/d_0 -into $tb_d_group -radix hex
## set tb_codeidx_group [add_wave_group codeidx(wire) -into $tbcinputgroup]
## add_wave /apatb_rs_erasure_top/codeidx -into $tb_codeidx_group -radix hex
## add_wave /apatb_rs_erasure_top/codeidx_ap_vld -into $tb_codeidx_group -color #ffff00 -radix hex
## save_wave_config rs_erasure.wcfg
## run all
////////////////////////////////////////////////////////////////////////////////////
// Inter-Transaction Progress: Completed Transaction / Total Transaction
// Intra-Transaction Progress: Measured Latency / Latency Estimation * 100%
//
// RTL Simulation : "Inter-Transaction Progress" ["Intra-Transaction Progress"] @ "Simulation Time"
////////////////////////////////////////////////////////////////////////////////////
// RTL Simulation : 0 / 1000 [0.00%] @ "107000"
// RTL Simulation : 1 / 1000 [97.62%] @ "252000"
// RTL Simulation : 2 / 1000 [97.62%] @ "256000"
// RTL Simulation : 3 / 1000 [97.62%] @ "259000"
// RTL Simulation : 4 / 1000 [97.62%] @ "262000"
// RTL Simulation : 5 / 1000 [97.62%] @ "266000"
// RTL Simulation : 6 / 1000 [97.62%] @ "269000"
// RTL Simulation : 7 / 1000 [97.62%] @ "272000"
// RTL Simulation : 8 / 1000 [97.62%] @ "276000"
// RTL Simulation : 9 / 1000 [97.62%] @ "279000"
// RTL Simulation : 10 / 1000 [97.62%] @ "282000"
// RTL Simulation : 11 / 1000 [97.62%] @ "285000"
// RTL Simulation : 12 / 1000 [97.62%] @ "289000"
// RTL Simulation : 13 / 1000 [97.62%] @ "292000"
// RTL Simulation : 14 / 1000 [97.62%] @ "295000"
// RTL Simulation : 15 / 1000 [97.62%] @ "299000"
// RTL Simulation : 16 / 1000 [97.62%] @ "302000"
// RTL Simulation : 17 / 1000 [97.62%] @ "305000"
// RTL Simulation : 18 / 1000 [97.62%] @ "309000"
// RTL Simulation : 19 / 1000 [97.62%] @ "312000"
// RTL Simulation : 20 / 1000 [97.62%] @ "315000"
// RTL Simulation : 21 / 1000 [97.62%] @ "318000"
// RTL Simulation : 22 / 1000 [97.62%] @ "322000"
// RTL Simulation : 23 / 1000 [97.62%] @ "325000"
// RTL Simulation : 24 / 1000 [97.62%] @ "328000"
// RTL Simulation : 25 / 1000 [97.62%] @ "332000"
// RTL Simulation : 26 / 1000 [97.62%] @ "335000"
// RTL Simulation : 27 / 1000 [97.62%] @ "338000"
// RTL Simulation : 28 / 1000 [97.62%] @ "342000"
// RTL Simulation : 29 / 1000 [97.62%] @ "345000"
// RTL Simulation : 30 / 1000 [97.62%] @ "348000"
// RTL Simulation : 31 / 1000 [97.62%] @ "351000"
// RTL Simulation : 32 / 1000 [97.62%] @ "355000"
// RTL Simulation : 33 / 1000 [97.62%] @ "358000"
// RTL Simulation : 34 / 1000 [97.62%] @ "361000"
// RTL Simulation : 35 / 1000 [97.62%] @ "365000"
// RTL Simulation : 36 / 1000 [97.62%] @ "368000"
// RTL Simulation : 37 / 1000 [97.62%] @ "371000"
// RTL Simulation : 38 / 1000 [97.62%] @ "375000"
// RTL Simulation : 39 / 1000 [97.62%] @ "378000"
// RTL Simulation : 40 / 1000 [97.62%] @ "381000"
// RTL Simulation : 41 / 1000 [97.62%] @ "384000"
// RTL Simulation : 42 / 1000 [97.62%] @ "388000"
// RTL Simulation : 43 / 1000 [97.62%] @ "391000"
// RTL Simulation : 44 / 1000 [97.62%] @ "394000"
// RTL Simulation : 45 / 1000 [97.62%] @ "398000"
// RTL Simulation : 46 / 1000 [97.62%] @ "401000"
// RTL Simulation : 47 / 1000 [97.62%] @ "404000"
// RTL Simulation : 48 / 1000 [97.62%] @ "408000"
// RTL Simulation : 49 / 1000 [97.62%] @ "411000"
// RTL Simulation : 50 / 1000 [97.62%] @ "414000"
// RTL Simulation : 51 / 1000 [97.62%] @ "417000"
// RTL Simulation : 52 / 1000 [97.62%] @ "421000"
// RTL Simulation : 53 / 1000 [97.62%] @ "424000"
// RTL Simulation : 54 / 1000 [97.62%] @ "427000"
// RTL Simulation : 55 / 1000 [97.62%] @ "431000"
// RTL Simulation : 56 / 1000 [97.62%] @ "434000"
// RTL Simulation : 57 / 1000 [97.62%] @ "437000"
// RTL Simulation : 58 / 1000 [97.62%] @ "441000"
// RTL Simulation : 59 / 1000 [97.62%] @ "444000"
// RTL Simulation : 60 / 1000 [97.62%] @ "447000"
// RTL Simulation : 61 / 1000 [97.62%] @ "450000"
// RTL Simulation : 62 / 1000 [97.62%] @ "454000"
// RTL Simulation : 63 / 1000 [97.62%] @ "457000"
// RTL Simulation : 64 / 1000 [97.62%] @ "460000"
// RTL Simulation : 65 / 1000 [97.62%] @ "464000"
// RTL Simulation : 66 / 1000 [97.62%] @ "467000"
// RTL Simulation : 67 / 1000 [97.62%] @ "470000"
// RTL Simulation : 68 / 1000 [97.62%] @ "474000"
// RTL Simulation : 69 / 1000 [97.62%] @ "477000"
// RTL Simulation : 70 / 1000 [97.62%] @ "480000"
// RTL Simulation : 71 / 1000 [97.62%] @ "483000"
// RTL Simulation : 72 / 1000 [97.62%] @ "487000"
// RTL Simulation : 73 / 1000 [97.62%] @ "490000"
// RTL Simulation : 74 / 1000 [97.62%] @ "493000"
// RTL Simulation : 75 / 1000 [97.62%] @ "497000"
// RTL Simulation : 76 / 1000 [97.62%] @ "500000"
// RTL Simulation : 77 / 1000 [97.62%] @ "503000"
// RTL Simulation : 78 / 1000 [97.62%] @ "507000"
// RTL Simulation : 79 / 1000 [97.62%] @ "510000"
// RTL Simulation : 80 / 1000 [97.62%] @ "513000"
// RTL Simulation : 81 / 1000 [97.62%] @ "516000"
// RTL Simulation : 82 / 1000 [97.62%] @ "520000"
// RTL Simulation : 83 / 1000 [97.62%] @ "523000"
// RTL Simulation : 84 / 1000 [97.62%] @ "526000"
// RTL Simulation : 85 / 1000 [97.62%] @ "530000"
// RTL Simulation : 86 / 1000 [97.62%] @ "533000"
// RTL Simulation : 87 / 1000 [97.62%] @ "536000"
// RTL Simulation : 88 / 1000 [97.62%] @ "540000"
// RTL Simulation : 89 / 1000 [97.62%] @ "543000"
// RTL Simulation : 90 / 1000 [97.62%] @ "546000"
// RTL Simulation : 91 / 1000 [97.62%] @ "549000"
// RTL Simulation : 92 / 1000 [97.62%] @ "553000"
// RTL Simulation : 93 / 1000 [97.62%] @ "556000"
// RTL Simulation : 94 / 1000 [97.62%] @ "559000"
// RTL Simulation : 95 / 1000 [97.62%] @ "563000"
// RTL Simulation : 96 / 1000 [97.62%] @ "566000"
// RTL Simulation : 97 / 1000 [97.62%] @ "569000"
// RTL Simulation : 98 / 1000 [97.62%] @ "573000"
// RTL Simulation : 99 / 1000 [97.62%] @ "576000"
// RTL Simulation : 100 / 1000 [97.62%] @ "579000"
// RTL Simulation : 101 / 1000 [97.62%] @ "582000"
// RTL Simulation : 102 / 1000 [97.62%] @ "586000"
// RTL Simulation : 103 / 1000 [97.62%] @ "589000"
// RTL Simulation : 104 / 1000 [97.62%] @ "592000"
// RTL Simulation : 105 / 1000 [97.62%] @ "596000"
// RTL Simulation : 106 / 1000 [97.62%] @ "599000"
// RTL Simulation : 107 / 1000 [97.62%] @ "602000"
// RTL Simulation : 108 / 1000 [97.62%] @ "606000"
// RTL Simulation : 109 / 1000 [97.62%] @ "609000"
// RTL Simulation : 110 / 1000 [97.62%] @ "612000"
// RTL Simulation : 111 / 1000 [97.62%] @ "615000"
// RTL Simulation : 112 / 1000 [97.62%] @ "619000"
// RTL Simulation : 113 / 1000 [97.62%] @ "622000"
// RTL Simulation : 114 / 1000 [97.62%] @ "625000"
// RTL Simulation : 115 / 1000 [97.62%] @ "629000"
// RTL Simulation : 116 / 1000 [97.62%] @ "632000"
// RTL Simulation : 117 / 1000 [97.62%] @ "635000"
// RTL Simulation : 118 / 1000 [97.62%] @ "639000"
// RTL Simulation : 119 / 1000 [97.62%] @ "642000"
// RTL Simulation : 120 / 1000 [97.62%] @ "645000"
// RTL Simulation : 121 / 1000 [97.62%] @ "648000"
// RTL Simulation : 122 / 1000 [97.62%] @ "652000"
// RTL Simulation : 123 / 1000 [97.62%] @ "655000"
// RTL Simulation : 124 / 1000 [97.62%] @ "658000"
// RTL Simulation : 125 / 1000 [97.62%] @ "662000"
// RTL Simulation : 126 / 1000 [97.62%] @ "665000"
// RTL Simulation : 127 / 1000 [97.62%] @ "668000"
// RTL Simulation : 128 / 1000 [97.62%] @ "672000"
// RTL Simulation : 129 / 1000 [97.62%] @ "675000"
// RTL Simulation : 130 / 1000 [97.62%] @ "678000"
// RTL Simulation : 131 / 1000 [97.62%] @ "681000"
// RTL Simulation : 132 / 1000 [97.62%] @ "685000"
// RTL Simulation : 133 / 1000 [97.62%] @ "688000"
// RTL Simulation : 134 / 1000 [97.62%] @ "691000"
// RTL Simulation : 135 / 1000 [97.62%] @ "695000"
// RTL Simulation : 136 / 1000 [97.62%] @ "698000"
// RTL Simulation : 137 / 1000 [97.62%] @ "701000"
// RTL Simulation : 138 / 1000 [97.62%] @ "705000"
// RTL Simulation : 139 / 1000 [97.62%] @ "708000"
// RTL Simulation : 140 / 1000 [97.62%] @ "711000"
// RTL Simulation : 141 / 1000 [97.62%] @ "714000"
// RTL Simulation : 142 / 1000 [97.62%] @ "718000"
// RTL Simulation : 143 / 1000 [97.62%] @ "721000"
// RTL Simulation : 144 / 1000 [97.62%] @ "724000"
// RTL Simulation : 145 / 1000 [97.62%] @ "728000"
// RTL Simulation : 146 / 1000 [97.62%] @ "731000"
// RTL Simulation : 147 / 1000 [97.62%] @ "734000"
// RTL Simulation : 148 / 1000 [97.62%] @ "738000"
// RTL Simulation : 149 / 1000 [97.62%] @ "741000"
// RTL Simulation : 150 / 1000 [97.62%] @ "744000"
// RTL Simulation : 151 / 1000 [97.62%] @ "747000"
// RTL Simulation : 152 / 1000 [97.62%] @ "751000"
// RTL Simulation : 153 / 1000 [97.62%] @ "754000"
// RTL Simulation : 154 / 1000 [97.62%] @ "757000"
// RTL Simulation : 155 / 1000 [97.62%] @ "761000"
// RTL Simulation : 156 / 1000 [97.62%] @ "764000"
// RTL Simulation : 157 / 1000 [97.62%] @ "767000"
// RTL Simulation : 158 / 1000 [97.62%] @ "771000"
// RTL Simulation : 159 / 1000 [97.62%] @ "774000"
// RTL Simulation : 160 / 1000 [97.62%] @ "777000"
// RTL Simulation : 161 / 1000 [97.62%] @ "780000"
// RTL Simulation : 162 / 1000 [97.62%] @ "784000"
// RTL Simulation : 163 / 1000 [97.62%] @ "787000"
// RTL Simulation : 164 / 1000 [97.62%] @ "790000"
// RTL Simulation : 165 / 1000 [97.62%] @ "794000"
// RTL Simulation : 166 / 1000 [97.62%] @ "797000"
// RTL Simulation : 167 / 1000 [97.62%] @ "800000"
// RTL Simulation : 168 / 1000 [97.62%] @ "804000"
// RTL Simulation : 169 / 1000 [97.62%] @ "807000"
// RTL Simulation : 170 / 1000 [97.62%] @ "810000"
// RTL Simulation : 171 / 1000 [97.62%] @ "813000"
// RTL Simulation : 172 / 1000 [97.62%] @ "817000"
// RTL Simulation : 173 / 1000 [97.62%] @ "820000"
// RTL Simulation : 174 / 1000 [97.62%] @ "823000"
// RTL Simulation : 175 / 1000 [97.62%] @ "827000"
// RTL Simulation : 176 / 1000 [97.62%] @ "830000"
// RTL Simulation : 177 / 1000 [97.62%] @ "833000"
// RTL Simulation : 178 / 1000 [97.62%] @ "837000"
// RTL Simulation : 179 / 1000 [97.62%] @ "840000"
// RTL Simulation : 180 / 1000 [97.62%] @ "843000"
// RTL Simulation : 181 / 1000 [97.62%] @ "846000"
// RTL Simulation : 182 / 1000 [97.62%] @ "850000"
// RTL Simulation : 183 / 1000 [97.62%] @ "853000"
// RTL Simulation : 184 / 1000 [97.62%] @ "856000"
// RTL Simulation : 185 / 1000 [97.62%] @ "860000"
// RTL Simulation : 186 / 1000 [97.62%] @ "863000"
// RTL Simulation : 187 / 1000 [97.62%] @ "866000"
// RTL Simulation : 188 / 1000 [97.62%] @ "870000"
// RTL Simulation : 189 / 1000 [97.62%] @ "873000"
// RTL Simulation : 190 / 1000 [97.62%] @ "876000"
// RTL Simulation : 191 / 1000 [97.62%] @ "879000"
// RTL Simulation : 192 / 1000 [97.62%] @ "883000"
// RTL Simulation : 193 / 1000 [97.62%] @ "886000"
// RTL Simulation : 194 / 1000 [97.62%] @ "889000"
// RTL Simulation : 195 / 1000 [97.62%] @ "893000"
// RTL Simulation : 196 / 1000 [97.62%] @ "896000"
// RTL Simulation : 197 / 1000 [97.62%] @ "899000"
// RTL Simulation : 198 / 1000 [97.62%] @ "903000"
// RTL Simulation : 199 / 1000 [97.62%] @ "906000"
// RTL Simulation : 200 / 1000 [97.62%] @ "909000"
// RTL Simulation : 201 / 1000 [97.62%] @ "912000"
// RTL Simulation : 202 / 1000 [97.62%] @ "916000"
// RTL Simulation : 203 / 1000 [97.62%] @ "919000"
// RTL Simulation : 204 / 1000 [97.62%] @ "922000"
// RTL Simulation : 205 / 1000 [97.62%] @ "926000"
// RTL Simulation : 206 / 1000 [97.62%] @ "929000"
// RTL Simulation : 207 / 1000 [97.62%] @ "932000"
// RTL Simulation : 208 / 1000 [97.62%] @ "936000"
// RTL Simulation : 209 / 1000 [97.62%] @ "939000"
// RTL Simulation : 210 / 1000 [97.62%] @ "942000"
// RTL Simulation : 211 / 1000 [97.62%] @ "945000"
// RTL Simulation : 212 / 1000 [97.62%] @ "949000"
// RTL Simulation : 213 / 1000 [97.62%] @ "952000"
// RTL Simulation : 214 / 1000 [97.62%] @ "955000"
// RTL Simulation : 215 / 1000 [97.62%] @ "959000"
// RTL Simulation : 216 / 1000 [97.62%] @ "962000"
// RTL Simulation : 217 / 1000 [97.62%] @ "965000"
// RTL Simulation : 218 / 1000 [97.62%] @ "969000"
// RTL Simulation : 219 / 1000 [97.62%] @ "972000"
// RTL Simulation : 220 / 1000 [97.62%] @ "975000"
// RTL Simulation : 221 / 1000 [97.62%] @ "978000"
// RTL Simulation : 222 / 1000 [97.62%] @ "982000"
// RTL Simulation : 223 / 1000 [97.62%] @ "985000"
// RTL Simulation : 224 / 1000 [97.62%] @ "988000"
// RTL Simulation : 225 / 1000 [97.62%] @ "992000"
// RTL Simulation : 226 / 1000 [97.62%] @ "995000"
// RTL Simulation : 227 / 1000 [97.62%] @ "998000"
// RTL Simulation : 228 / 1000 [97.62%] @ "1002000"
// RTL Simulation : 229 / 1000 [97.62%] @ "1005000"
// RTL Simulation : 230 / 1000 [97.62%] @ "1008000"
// RTL Simulation : 231 / 1000 [97.62%] @ "1011000"
// RTL Simulation : 232 / 1000 [97.62%] @ "1015000"
// RTL Simulation : 233 / 1000 [97.62%] @ "1018000"
// RTL Simulation : 234 / 1000 [97.62%] @ "1021000"
// RTL Simulation : 235 / 1000 [97.62%] @ "1025000"
// RTL Simulation : 236 / 1000 [97.62%] @ "1028000"
// RTL Simulation : 237 / 1000 [97.62%] @ "1031000"
// RTL Simulation : 238 / 1000 [97.62%] @ "1035000"
// RTL Simulation : 239 / 1000 [97.62%] @ "1038000"
// RTL Simulation : 240 / 1000 [97.62%] @ "1041000"
// RTL Simulation : 241 / 1000 [97.62%] @ "1044000"
// RTL Simulation : 242 / 1000 [97.62%] @ "1048000"
// RTL Simulation : 243 / 1000 [97.62%] @ "1051000"
// RTL Simulation : 244 / 1000 [97.62%] @ "1054000"
// RTL Simulation : 245 / 1000 [97.62%] @ "1058000"
// RTL Simulation : 246 / 1000 [97.62%] @ "1061000"
// RTL Simulation : 247 / 1000 [97.62%] @ "1064000"
// RTL Simulation : 248 / 1000 [97.62%] @ "1068000"
// RTL Simulation : 249 / 1000 [97.62%] @ "1071000"
// RTL Simulation : 250 / 1000 [97.62%] @ "1074000"
// RTL Simulation : 251 / 1000 [97.62%] @ "1077000"
// RTL Simulation : 252 / 1000 [97.62%] @ "1081000"
// RTL Simulation : 253 / 1000 [97.62%] @ "1084000"
// RTL Simulation : 254 / 1000 [97.62%] @ "1087000"
// RTL Simulation : 255 / 1000 [97.62%] @ "1091000"
// RTL Simulation : 256 / 1000 [97.62%] @ "1094000"
// RTL Simulation : 257 / 1000 [97.62%] @ "1097000"
// RTL Simulation : 258 / 1000 [97.62%] @ "1101000"
// RTL Simulation : 259 / 1000 [97.62%] @ "1104000"
// RTL Simulation : 260 / 1000 [97.62%] @ "1107000"
// RTL Simulation : 261 / 1000 [97.62%] @ "1110000"
// RTL Simulation : 262 / 1000 [97.62%] @ "1114000"
// RTL Simulation : 263 / 1000 [97.62%] @ "1117000"
// RTL Simulation : 264 / 1000 [97.62%] @ "1120000"
// RTL Simulation : 265 / 1000 [97.62%] @ "1124000"
// RTL Simulation : 266 / 1000 [97.62%] @ "1127000"
// RTL Simulation : 267 / 1000 [97.62%] @ "1130000"
// RTL Simulation : 268 / 1000 [97.62%] @ "1134000"
// RTL Simulation : 269 / 1000 [97.62%] @ "1137000"
// RTL Simulation : 270 / 1000 [97.62%] @ "1140000"
// RTL Simulation : 271 / 1000 [97.62%] @ "1143000"
// RTL Simulation : 272 / 1000 [97.62%] @ "1147000"
// RTL Simulation : 273 / 1000 [97.62%] @ "1150000"
// RTL Simulation : 274 / 1000 [97.62%] @ "1153000"
// RTL Simulation : 275 / 1000 [97.62%] @ "1157000"
// RTL Simulation : 276 / 1000 [97.62%] @ "1160000"
// RTL Simulation : 277 / 1000 [97.62%] @ "1163000"
// RTL Simulation : 278 / 1000 [97.62%] @ "1167000"
// RTL Simulation : 279 / 1000 [97.62%] @ "1170000"
// RTL Simulation : 280 / 1000 [97.62%] @ "1173000"
// RTL Simulation : 281 / 1000 [97.62%] @ "1176000"
// RTL Simulation : 282 / 1000 [97.62%] @ "1180000"
// RTL Simulation : 283 / 1000 [97.62%] @ "1183000"
// RTL Simulation : 284 / 1000 [97.62%] @ "1186000"
// RTL Simulation : 285 / 1000 [97.62%] @ "1190000"
// RTL Simulation : 286 / 1000 [97.62%] @ "1193000"
// RTL Simulation : 287 / 1000 [97.62%] @ "1196000"
// RTL Simulation : 288 / 1000 [97.62%] @ "1200000"
// RTL Simulation : 289 / 1000 [97.62%] @ "1203000"
// RTL Simulation : 290 / 1000 [97.62%] @ "1206000"
// RTL Simulation : 291 / 1000 [97.62%] @ "1209000"
// RTL Simulation : 292 / 1000 [97.62%] @ "1213000"
// RTL Simulation : 293 / 1000 [97.62%] @ "1216000"
// RTL Simulation : 294 / 1000 [97.62%] @ "1219000"
// RTL Simulation : 295 / 1000 [97.62%] @ "1223000"
// RTL Simulation : 296 / 1000 [97.62%] @ "1226000"
// RTL Simulation : 297 / 1000 [97.62%] @ "1229000"
// RTL Simulation : 298 / 1000 [97.62%] @ "1233000"
// RTL Simulation : 299 / 1000 [97.62%] @ "1236000"
// RTL Simulation : 300 / 1000 [97.62%] @ "1239000"
// RTL Simulation : 301 / 1000 [97.62%] @ "1242000"
// RTL Simulation : 302 / 1000 [97.62%] @ "1246000"
// RTL Simulation : 303 / 1000 [97.62%] @ "1249000"
// RTL Simulation : 304 / 1000 [97.62%] @ "1252000"
// RTL Simulation : 305 / 1000 [97.62%] @ "1256000"
// RTL Simulation : 306 / 1000 [97.62%] @ "1259000"
// RTL Simulation : 307 / 1000 [97.62%] @ "1262000"
// RTL Simulation : 308 / 1000 [97.62%] @ "1266000"
// RTL Simulation : 309 / 1000 [97.62%] @ "1269000"
// RTL Simulation : 310 / 1000 [97.62%] @ "1272000"
// RTL Simulation : 311 / 1000 [97.62%] @ "1275000"
// RTL Simulation : 312 / 1000 [97.62%] @ "1279000"
// RTL Simulation : 313 / 1000 [97.62%] @ "1282000"
// RTL Simulation : 314 / 1000 [97.62%] @ "1285000"
// RTL Simulation : 315 / 1000 [97.62%] @ "1289000"
// RTL Simulation : 316 / 1000 [97.62%] @ "1292000"
// RTL Simulation : 317 / 1000 [97.62%] @ "1295000"
// RTL Simulation : 318 / 1000 [97.62%] @ "1299000"
// RTL Simulation : 319 / 1000 [97.62%] @ "1302000"
// RTL Simulation : 320 / 1000 [97.62%] @ "1305000"
// RTL Simulation : 321 / 1000 [97.62%] @ "1308000"
// RTL Simulation : 322 / 1000 [97.62%] @ "1312000"
// RTL Simulation : 323 / 1000 [97.62%] @ "1315000"
// RTL Simulation : 324 / 1000 [97.62%] @ "1318000"
// RTL Simulation : 325 / 1000 [97.62%] @ "1322000"
// RTL Simulation : 326 / 1000 [97.62%] @ "1325000"
// RTL Simulation : 327 / 1000 [97.62%] @ "1328000"
// RTL Simulation : 328 / 1000 [97.62%] @ "1332000"
// RTL Simulation : 329 / 1000 [97.62%] @ "1335000"
// RTL Simulation : 330 / 1000 [97.62%] @ "1338000"
// RTL Simulation : 331 / 1000 [97.62%] @ "1341000"
// RTL Simulation : 332 / 1000 [97.62%] @ "1345000"
// RTL Simulation : 333 / 1000 [97.62%] @ "1348000"
// RTL Simulation : 334 / 1000 [97.62%] @ "1351000"
// RTL Simulation : 335 / 1000 [97.62%] @ "1355000"
// RTL Simulation : 336 / 1000 [97.62%] @ "1358000"
// RTL Simulation : 337 / 1000 [97.62%] @ "1361000"
// RTL Simulation : 338 / 1000 [97.62%] @ "1365000"
// RTL Simulation : 339 / 1000 [97.62%] @ "1368000"
// RTL Simulation : 340 / 1000 [97.62%] @ "1371000"
// RTL Simulation : 341 / 1000 [97.62%] @ "1374000"
// RTL Simulation : 342 / 1000 [97.62%] @ "1378000"
// RTL Simulation : 343 / 1000 [97.62%] @ "1381000"
// RTL Simulation : 344 / 1000 [97.62%] @ "1384000"
// RTL Simulation : 345 / 1000 [97.62%] @ "1388000"
// RTL Simulation : 346 / 1000 [97.62%] @ "1391000"
// RTL Simulation : 347 / 1000 [97.62%] @ "1394000"
// RTL Simulation : 348 / 1000 [97.62%] @ "1398000"
// RTL Simulation : 349 / 1000 [97.62%] @ "1401000"
// RTL Simulation : 350 / 1000 [97.62%] @ "1404000"
// RTL Simulation : 351 / 1000 [97.62%] @ "1407000"
// RTL Simulation : 352 / 1000 [97.62%] @ "1411000"
// RTL Simulation : 353 / 1000 [97.62%] @ "1414000"
// RTL Simulation : 354 / 1000 [97.62%] @ "1417000"
// RTL Simulation : 355 / 1000 [97.62%] @ "1421000"
// RTL Simulation : 356 / 1000 [97.62%] @ "1424000"
// RTL Simulation : 357 / 1000 [97.62%] @ "1427000"
// RTL Simulation : 358 / 1000 [97.62%] @ "1431000"
// RTL Simulation : 359 / 1000 [97.62%] @ "1434000"
// RTL Simulation : 360 / 1000 [97.62%] @ "1437000"
// RTL Simulation : 361 / 1000 [97.62%] @ "1440000"
// RTL Simulation : 362 / 1000 [97.62%] @ "1444000"
// RTL Simulation : 363 / 1000 [97.62%] @ "1447000"
// RTL Simulation : 364 / 1000 [97.62%] @ "1450000"
// RTL Simulation : 365 / 1000 [97.62%] @ "1454000"
// RTL Simulation : 366 / 1000 [97.62%] @ "1457000"
// RTL Simulation : 367 / 1000 [97.62%] @ "1460000"
// RTL Simulation : 368 / 1000 [97.62%] @ "1464000"
// RTL Simulation : 369 / 1000 [97.62%] @ "1467000"
// RTL Simulation : 370 / 1000 [97.62%] @ "1470000"
// RTL Simulation : 371 / 1000 [97.62%] @ "1473000"
// RTL Simulation : 372 / 1000 [97.62%] @ "1477000"
// RTL Simulation : 373 / 1000 [97.62%] @ "1480000"
// RTL Simulation : 374 / 1000 [97.62%] @ "1483000"
// RTL Simulation : 375 / 1000 [97.62%] @ "1487000"
// RTL Simulation : 376 / 1000 [97.62%] @ "1490000"
// RTL Simulation : 377 / 1000 [97.62%] @ "1493000"
// RTL Simulation : 378 / 1000 [97.62%] @ "1497000"
// RTL Simulation : 379 / 1000 [97.62%] @ "1500000"
// RTL Simulation : 380 / 1000 [97.62%] @ "1503000"
// RTL Simulation : 381 / 1000 [97.62%] @ "1506000"
// RTL Simulation : 382 / 1000 [97.62%] @ "1510000"
// RTL Simulation : 383 / 1000 [97.62%] @ "1513000"
// RTL Simulation : 384 / 1000 [97.62%] @ "1516000"
// RTL Simulation : 385 / 1000 [97.62%] @ "1520000"
// RTL Simulation : 386 / 1000 [97.62%] @ "1523000"
// RTL Simulation : 387 / 1000 [97.62%] @ "1526000"
// RTL Simulation : 388 / 1000 [97.62%] @ "1530000"
// RTL Simulation : 389 / 1000 [97.62%] @ "1533000"
// RTL Simulation : 390 / 1000 [97.62%] @ "1536000"
// RTL Simulation : 391 / 1000 [97.62%] @ "1539000"
// RTL Simulation : 392 / 1000 [97.62%] @ "1543000"
// RTL Simulation : 393 / 1000 [97.62%] @ "1546000"
// RTL Simulation : 394 / 1000 [97.62%] @ "1549000"
// RTL Simulation : 395 / 1000 [97.62%] @ "1553000"
// RTL Simulation : 396 / 1000 [97.62%] @ "1556000"
// RTL Simulation : 397 / 1000 [97.62%] @ "1559000"
// RTL Simulation : 398 / 1000 [97.62%] @ "1563000"
// RTL Simulation : 399 / 1000 [97.62%] @ "1566000"
// RTL Simulation : 400 / 1000 [97.62%] @ "1569000"
// RTL Simulation : 401 / 1000 [97.62%] @ "1572000"
// RTL Simulation : 402 / 1000 [97.62%] @ "1576000"
// RTL Simulation : 403 / 1000 [97.62%] @ "1579000"
// RTL Simulation : 404 / 1000 [97.62%] @ "1582000"
// RTL Simulation : 405 / 1000 [97.62%] @ "1586000"
// RTL Simulation : 406 / 1000 [97.62%] @ "1589000"
// RTL Simulation : 407 / 1000 [97.62%] @ "1592000"
// RTL Simulation : 408 / 1000 [97.62%] @ "1596000"
// RTL Simulation : 409 / 1000 [97.62%] @ "1599000"
// RTL Simulation : 410 / 1000 [97.62%] @ "1602000"
// RTL Simulation : 411 / 1000 [97.62%] @ "1605000"
// RTL Simulation : 412 / 1000 [97.62%] @ "1609000"
// RTL Simulation : 413 / 1000 [97.62%] @ "1612000"
// RTL Simulation : 414 / 1000 [97.62%] @ "1615000"
// RTL Simulation : 415 / 1000 [97.62%] @ "1619000"
// RTL Simulation : 416 / 1000 [97.62%] @ "1622000"
// RTL Simulation : 417 / 1000 [97.62%] @ "1625000"
// RTL Simulation : 418 / 1000 [97.62%] @ "1629000"
// RTL Simulation : 419 / 1000 [97.62%] @ "1632000"
// RTL Simulation : 420 / 1000 [97.62%] @ "1635000"
// RTL Simulation : 421 / 1000 [97.62%] @ "1638000"
// RTL Simulation : 422 / 1000 [97.62%] @ "1642000"
// RTL Simulation : 423 / 1000 [97.62%] @ "1645000"
// RTL Simulation : 424 / 1000 [97.62%] @ "1648000"
// RTL Simulation : 425 / 1000 [97.62%] @ "1652000"
// RTL Simulation : 426 / 1000 [97.62%] @ "1655000"
// RTL Simulation : 427 / 1000 [97.62%] @ "1658000"
// RTL Simulation : 428 / 1000 [97.62%] @ "1662000"
// RTL Simulation : 429 / 1000 [97.62%] @ "1665000"
// RTL Simulation : 430 / 1000 [97.62%] @ "1668000"
// RTL Simulation : 431 / 1000 [97.62%] @ "1671000"
// RTL Simulation : 432 / 1000 [97.62%] @ "1675000"
// RTL Simulation : 433 / 1000 [97.62%] @ "1678000"
// RTL Simulation : 434 / 1000 [97.62%] @ "1681000"
// RTL Simulation : 435 / 1000 [97.62%] @ "1685000"
// RTL Simulation : 436 / 1000 [97.62%] @ "1688000"
// RTL Simulation : 437 / 1000 [97.62%] @ "1691000"
// RTL Simulation : 438 / 1000 [97.62%] @ "1695000"
// RTL Simulation : 439 / 1000 [97.62%] @ "1698000"
// RTL Simulation : 440 / 1000 [97.62%] @ "1701000"
// RTL Simulation : 441 / 1000 [97.62%] @ "1704000"
// RTL Simulation : 442 / 1000 [97.62%] @ "1708000"
// RTL Simulation : 443 / 1000 [97.62%] @ "1711000"
// RTL Simulation : 444 / 1000 [97.62%] @ "1714000"
// RTL Simulation : 445 / 1000 [97.62%] @ "1718000"
// RTL Simulation : 446 / 1000 [97.62%] @ "1721000"
// RTL Simulation : 447 / 1000 [97.62%] @ "1724000"
// RTL Simulation : 448 / 1000 [97.62%] @ "1728000"
// RTL Simulation : 449 / 1000 [97.62%] @ "1731000"
// RTL Simulation : 450 / 1000 [97.62%] @ "1734000"
// RTL Simulation : 451 / 1000 [97.62%] @ "1737000"
// RTL Simulation : 452 / 1000 [97.62%] @ "1741000"
// RTL Simulation : 453 / 1000 [97.62%] @ "1744000"
// RTL Simulation : 454 / 1000 [97.62%] @ "1747000"
// RTL Simulation : 455 / 1000 [97.62%] @ "1751000"
// RTL Simulation : 456 / 1000 [97.62%] @ "1754000"
// RTL Simulation : 457 / 1000 [97.62%] @ "1757000"
// RTL Simulation : 458 / 1000 [97.62%] @ "1761000"
// RTL Simulation : 459 / 1000 [97.62%] @ "1764000"
// RTL Simulation : 460 / 1000 [97.62%] @ "1767000"
// RTL Simulation : 461 / 1000 [97.62%] @ "1770000"
// RTL Simulation : 462 / 1000 [97.62%] @ "1774000"
// RTL Simulation : 463 / 1000 [97.62%] @ "1777000"
// RTL Simulation : 464 / 1000 [97.62%] @ "1780000"
// RTL Simulation : 465 / 1000 [97.62%] @ "1784000"
// RTL Simulation : 466 / 1000 [97.62%] @ "1787000"
// RTL Simulation : 467 / 1000 [97.62%] @ "1790000"
// RTL Simulation : 468 / 1000 [97.62%] @ "1794000"
// RTL Simulation : 469 / 1000 [97.62%] @ "1797000"
// RTL Simulation : 470 / 1000 [97.62%] @ "1800000"
// RTL Simulation : 471 / 1000 [97.62%] @ "1803000"
// RTL Simulation : 472 / 1000 [97.62%] @ "1807000"
// RTL Simulation : 473 / 1000 [97.62%] @ "1810000"
// RTL Simulation : 474 / 1000 [97.62%] @ "1813000"
// RTL Simulation : 475 / 1000 [97.62%] @ "1817000"
// RTL Simulation : 476 / 1000 [97.62%] @ "1820000"
// RTL Simulation : 477 / 1000 [97.62%] @ "1823000"
// RTL Simulation : 478 / 1000 [97.62%] @ "1827000"
// RTL Simulation : 479 / 1000 [97.62%] @ "1830000"
// RTL Simulation : 480 / 1000 [97.62%] @ "1833000"
// RTL Simulation : 481 / 1000 [97.62%] @ "1836000"
// RTL Simulation : 482 / 1000 [97.62%] @ "1840000"
// RTL Simulation : 483 / 1000 [97.62%] @ "1843000"
// RTL Simulation : 484 / 1000 [97.62%] @ "1846000"
// RTL Simulation : 485 / 1000 [97.62%] @ "1850000"
// RTL Simulation : 486 / 1000 [97.62%] @ "1853000"
// RTL Simulation : 487 / 1000 [97.62%] @ "1856000"
// RTL Simulation : 488 / 1000 [97.62%] @ "1860000"
// RTL Simulation : 489 / 1000 [97.62%] @ "1863000"
// RTL Simulation : 490 / 1000 [97.62%] @ "1866000"
// RTL Simulation : 491 / 1000 [97.62%] @ "1869000"
// RTL Simulation : 492 / 1000 [97.62%] @ "1873000"
// RTL Simulation : 493 / 1000 [97.62%] @ "1876000"
// RTL Simulation : 494 / 1000 [97.62%] @ "1879000"
// RTL Simulation : 495 / 1000 [97.62%] @ "1883000"
// RTL Simulation : 496 / 1000 [97.62%] @ "1886000"
// RTL Simulation : 497 / 1000 [97.62%] @ "1889000"
// RTL Simulation : 498 / 1000 [97.62%] @ "1893000"
// RTL Simulation : 499 / 1000 [97.62%] @ "1896000"
// RTL Simulation : 500 / 1000 [97.62%] @ "1899000"
// RTL Simulation : 501 / 1000 [97.62%] @ "1902000"
// RTL Simulation : 502 / 1000 [97.62%] @ "1906000"
// RTL Simulation : 503 / 1000 [97.62%] @ "1909000"
// RTL Simulation : 504 / 1000 [97.62%] @ "1912000"
// RTL Simulation : 505 / 1000 [97.62%] @ "1916000"
// RTL Simulation : 506 / 1000 [97.62%] @ "1919000"
// RTL Simulation : 507 / 1000 [97.62%] @ "1922000"
// RTL Simulation : 508 / 1000 [97.62%] @ "1926000"
// RTL Simulation : 509 / 1000 [97.62%] @ "1929000"
// RTL Simulation : 510 / 1000 [97.62%] @ "1932000"
// RTL Simulation : 511 / 1000 [97.62%] @ "1935000"
// RTL Simulation : 512 / 1000 [97.62%] @ "1939000"
// RTL Simulation : 513 / 1000 [97.62%] @ "1942000"
// RTL Simulation : 514 / 1000 [97.62%] @ "1945000"
// RTL Simulation : 515 / 1000 [97.62%] @ "1949000"
// RTL Simulation : 516 / 1000 [97.62%] @ "1952000"
// RTL Simulation : 517 / 1000 [97.62%] @ "1955000"
// RTL Simulation : 518 / 1000 [97.62%] @ "1959000"
// RTL Simulation : 519 / 1000 [97.62%] @ "1962000"
// RTL Simulation : 520 / 1000 [97.62%] @ "1965000"
// RTL Simulation : 521 / 1000 [97.62%] @ "1968000"
// RTL Simulation : 522 / 1000 [97.62%] @ "1972000"
// RTL Simulation : 523 / 1000 [97.62%] @ "1975000"
// RTL Simulation : 524 / 1000 [97.62%] @ "1978000"
// RTL Simulation : 525 / 1000 [97.62%] @ "1982000"
// RTL Simulation : 526 / 1000 [97.62%] @ "1985000"
// RTL Simulation : 527 / 1000 [97.62%] @ "1988000"
// RTL Simulation : 528 / 1000 [97.62%] @ "1992000"
// RTL Simulation : 529 / 1000 [97.62%] @ "1995000"
// RTL Simulation : 530 / 1000 [97.62%] @ "1998000"
// RTL Simulation : 531 / 1000 [97.62%] @ "2001000"
// RTL Simulation : 532 / 1000 [97.62%] @ "2005000"
// RTL Simulation : 533 / 1000 [97.62%] @ "2008000"
// RTL Simulation : 534 / 1000 [97.62%] @ "2011000"
// RTL Simulation : 535 / 1000 [97.62%] @ "2015000"
// RTL Simulation : 536 / 1000 [97.62%] @ "2018000"
// RTL Simulation : 537 / 1000 [97.62%] @ "2021000"
// RTL Simulation : 538 / 1000 [97.62%] @ "2025000"
// RTL Simulation : 539 / 1000 [97.62%] @ "2028000"
// RTL Simulation : 540 / 1000 [97.62%] @ "2031000"
// RTL Simulation : 541 / 1000 [97.62%] @ "2034000"
// RTL Simulation : 542 / 1000 [97.62%] @ "2038000"
// RTL Simulation : 543 / 1000 [97.62%] @ "2041000"
// RTL Simulation : 544 / 1000 [97.62%] @ "2044000"
// RTL Simulation : 545 / 1000 [97.62%] @ "2048000"
// RTL Simulation : 546 / 1000 [97.62%] @ "2051000"
// RTL Simulation : 547 / 1000 [97.62%] @ "2054000"
// RTL Simulation : 548 / 1000 [97.62%] @ "2058000"
// RTL Simulation : 549 / 1000 [97.62%] @ "2061000"
// RTL Simulation : 550 / 1000 [97.62%] @ "2064000"
// RTL Simulation : 551 / 1000 [97.62%] @ "2067000"
// RTL Simulation : 552 / 1000 [97.62%] @ "2071000"
// RTL Simulation : 553 / 1000 [97.62%] @ "2074000"
// RTL Simulation : 554 / 1000 [97.62%] @ "2077000"
// RTL Simulation : 555 / 1000 [97.62%] @ "2081000"
// RTL Simulation : 556 / 1000 [97.62%] @ "2084000"
// RTL Simulation : 557 / 1000 [97.62%] @ "2087000"
// RTL Simulation : 558 / 1000 [97.62%] @ "2091000"
// RTL Simulation : 559 / 1000 [97.62%] @ "2094000"
// RTL Simulation : 560 / 1000 [97.62%] @ "2097000"
// RTL Simulation : 561 / 1000 [97.62%] @ "2100000"
// RTL Simulation : 562 / 1000 [97.62%] @ "2104000"
// RTL Simulation : 563 / 1000 [97.62%] @ "2107000"
// RTL Simulation : 564 / 1000 [97.62%] @ "2110000"
// RTL Simulation : 565 / 1000 [97.62%] @ "2114000"
// RTL Simulation : 566 / 1000 [97.62%] @ "2117000"
// RTL Simulation : 567 / 1000 [97.62%] @ "2120000"
// RTL Simulation : 568 / 1000 [97.62%] @ "2124000"
// RTL Simulation : 569 / 1000 [97.62%] @ "2127000"
// RTL Simulation : 570 / 1000 [97.62%] @ "2130000"
// RTL Simulation : 571 / 1000 [97.62%] @ "2133000"
// RTL Simulation : 572 / 1000 [97.62%] @ "2137000"
// RTL Simulation : 573 / 1000 [97.62%] @ "2140000"
// RTL Simulation : 574 / 1000 [97.62%] @ "2143000"
// RTL Simulation : 575 / 1000 [97.62%] @ "2147000"
// RTL Simulation : 576 / 1000 [97.62%] @ "2150000"
// RTL Simulation : 577 / 1000 [97.62%] @ "2153000"
// RTL Simulation : 578 / 1000 [97.62%] @ "2157000"
// RTL Simulation : 579 / 1000 [97.62%] @ "2160000"
// RTL Simulation : 580 / 1000 [97.62%] @ "2163000"
// RTL Simulation : 581 / 1000 [97.62%] @ "2166000"
// RTL Simulation : 582 / 1000 [97.62%] @ "2170000"
// RTL Simulation : 583 / 1000 [97.62%] @ "2173000"
// RTL Simulation : 584 / 1000 [97.62%] @ "2176000"
// RTL Simulation : 585 / 1000 [97.62%] @ "2180000"
// RTL Simulation : 586 / 1000 [97.62%] @ "2183000"
// RTL Simulation : 587 / 1000 [97.62%] @ "2186000"
// RTL Simulation : 588 / 1000 [97.62%] @ "2190000"
// RTL Simulation : 589 / 1000 [97.62%] @ "2193000"
// RTL Simulation : 590 / 1000 [97.62%] @ "2196000"
// RTL Simulation : 591 / 1000 [97.62%] @ "2199000"
// RTL Simulation : 592 / 1000 [97.62%] @ "2203000"
// RTL Simulation : 593 / 1000 [97.62%] @ "2206000"
// RTL Simulation : 594 / 1000 [97.62%] @ "2209000"
// RTL Simulation : 595 / 1000 [97.62%] @ "2213000"
// RTL Simulation : 596 / 1000 [97.62%] @ "2216000"
// RTL Simulation : 597 / 1000 [97.62%] @ "2219000"
// RTL Simulation : 598 / 1000 [97.62%] @ "2223000"
// RTL Simulation : 599 / 1000 [97.62%] @ "2226000"
// RTL Simulation : 600 / 1000 [97.62%] @ "2229000"
// RTL Simulation : 601 / 1000 [97.62%] @ "2232000"
// RTL Simulation : 602 / 1000 [97.62%] @ "2236000"
// RTL Simulation : 603 / 1000 [97.62%] @ "2239000"
// RTL Simulation : 604 / 1000 [97.62%] @ "2242000"
// RTL Simulation : 605 / 1000 [97.62%] @ "2246000"
// RTL Simulation : 606 / 1000 [97.62%] @ "2249000"
// RTL Simulation : 607 / 1000 [97.62%] @ "2252000"
// RTL Simulation : 608 / 1000 [97.62%] @ "2256000"
// RTL Simulation : 609 / 1000 [97.62%] @ "2259000"
// RTL Simulation : 610 / 1000 [97.62%] @ "2262000"
// RTL Simulation : 611 / 1000 [97.62%] @ "2265000"
// RTL Simulation : 612 / 1000 [97.62%] @ "2269000"
// RTL Simulation : 613 / 1000 [97.62%] @ "2272000"
// RTL Simulation : 614 / 1000 [97.62%] @ "2275000"
// RTL Simulation : 615 / 1000 [97.62%] @ "2279000"
// RTL Simulation : 616 / 1000 [97.62%] @ "2282000"
// RTL Simulation : 617 / 1000 [97.62%] @ "2285000"
// RTL Simulation : 618 / 1000 [97.62%] @ "2289000"
// RTL Simulation : 619 / 1000 [97.62%] @ "2292000"
// RTL Simulation : 620 / 1000 [97.62%] @ "2295000"
// RTL Simulation : 621 / 1000 [97.62%] @ "2298000"
// RTL Simulation : 622 / 1000 [97.62%] @ "2302000"
// RTL Simulation : 623 / 1000 [97.62%] @ "2305000"
// RTL Simulation : 624 / 1000 [97.62%] @ "2308000"
// RTL Simulation : 625 / 1000 [97.62%] @ "2312000"
// RTL Simulation : 626 / 1000 [97.62%] @ "2315000"
// RTL Simulation : 627 / 1000 [97.62%] @ "2318000"
// RTL Simulation : 628 / 1000 [97.62%] @ "2322000"
// RTL Simulation : 629 / 1000 [97.62%] @ "2325000"
// RTL Simulation : 630 / 1000 [97.62%] @ "2328000"
// RTL Simulation : 631 / 1000 [97.62%] @ "2331000"
// RTL Simulation : 632 / 1000 [97.62%] @ "2335000"
// RTL Simulation : 633 / 1000 [97.62%] @ "2338000"
// RTL Simulation : 634 / 1000 [97.62%] @ "2341000"
// RTL Simulation : 635 / 1000 [97.62%] @ "2345000"
// RTL Simulation : 636 / 1000 [97.62%] @ "2348000"
// RTL Simulation : 637 / 1000 [97.62%] @ "2351000"
// RTL Simulation : 638 / 1000 [97.62%] @ "2355000"
// RTL Simulation : 639 / 1000 [97.62%] @ "2358000"
// RTL Simulation : 640 / 1000 [97.62%] @ "2361000"
// RTL Simulation : 641 / 1000 [97.62%] @ "2364000"
// RTL Simulation : 642 / 1000 [97.62%] @ "2368000"
// RTL Simulation : 643 / 1000 [97.62%] @ "2371000"
// RTL Simulation : 644 / 1000 [97.62%] @ "2374000"
// RTL Simulation : 645 / 1000 [97.62%] @ "2378000"
// RTL Simulation : 646 / 1000 [97.62%] @ "2381000"
// RTL Simulation : 647 / 1000 [97.62%] @ "2384000"
// RTL Simulation : 648 / 1000 [97.62%] @ "2388000"
// RTL Simulation : 649 / 1000 [97.62%] @ "2391000"
// RTL Simulation : 650 / 1000 [97.62%] @ "2394000"
// RTL Simulation : 651 / 1000 [97.62%] @ "2397000"
// RTL Simulation : 652 / 1000 [97.62%] @ "2401000"
// RTL Simulation : 653 / 1000 [97.62%] @ "2404000"
// RTL Simulation : 654 / 1000 [97.62%] @ "2407000"
// RTL Simulation : 655 / 1000 [97.62%] @ "2411000"
// RTL Simulation : 656 / 1000 [97.62%] @ "2414000"
// RTL Simulation : 657 / 1000 [97.62%] @ "2417000"
// RTL Simulation : 658 / 1000 [97.62%] @ "2421000"
// RTL Simulation : 659 / 1000 [97.62%] @ "2424000"
// RTL Simulation : 660 / 1000 [97.62%] @ "2427000"
// RTL Simulation : 661 / 1000 [97.62%] @ "2430000"
// RTL Simulation : 662 / 1000 [97.62%] @ "2434000"
// RTL Simulation : 663 / 1000 [97.62%] @ "2437000"
// RTL Simulation : 664 / 1000 [97.62%] @ "2440000"
// RTL Simulation : 665 / 1000 [97.62%] @ "2444000"
// RTL Simulation : 666 / 1000 [97.62%] @ "2447000"
// RTL Simulation : 667 / 1000 [97.62%] @ "2450000"
// RTL Simulation : 668 / 1000 [97.62%] @ "2454000"
// RTL Simulation : 669 / 1000 [97.62%] @ "2457000"
// RTL Simulation : 670 / 1000 [97.62%] @ "2460000"
// RTL Simulation : 671 / 1000 [97.62%] @ "2463000"
// RTL Simulation : 672 / 1000 [97.62%] @ "2467000"
// RTL Simulation : 673 / 1000 [97.62%] @ "2470000"
// RTL Simulation : 674 / 1000 [97.62%] @ "2473000"
// RTL Simulation : 675 / 1000 [97.62%] @ "2477000"
// RTL Simulation : 676 / 1000 [97.62%] @ "2480000"
// RTL Simulation : 677 / 1000 [97.62%] @ "2483000"
// RTL Simulation : 678 / 1000 [97.62%] @ "2487000"
// RTL Simulation : 679 / 1000 [97.62%] @ "2490000"
// RTL Simulation : 680 / 1000 [97.62%] @ "2493000"
// RTL Simulation : 681 / 1000 [97.62%] @ "2496000"
// RTL Simulation : 682 / 1000 [97.62%] @ "2500000"
// RTL Simulation : 683 / 1000 [97.62%] @ "2503000"
// RTL Simulation : 684 / 1000 [97.62%] @ "2506000"
// RTL Simulation : 685 / 1000 [97.62%] @ "2510000"
// RTL Simulation : 686 / 1000 [97.62%] @ "2513000"
// RTL Simulation : 687 / 1000 [97.62%] @ "2516000"
// RTL Simulation : 688 / 1000 [97.62%] @ "2520000"
// RTL Simulation : 689 / 1000 [97.62%] @ "2523000"
// RTL Simulation : 690 / 1000 [97.62%] @ "2526000"
// RTL Simulation : 691 / 1000 [97.62%] @ "2529000"
// RTL Simulation : 692 / 1000 [97.62%] @ "2533000"
// RTL Simulation : 693 / 1000 [97.62%] @ "2536000"
// RTL Simulation : 694 / 1000 [97.62%] @ "2539000"
// RTL Simulation : 695 / 1000 [97.62%] @ "2543000"
// RTL Simulation : 696 / 1000 [97.62%] @ "2546000"
// RTL Simulation : 697 / 1000 [97.62%] @ "2549000"
// RTL Simulation : 698 / 1000 [97.62%] @ "2553000"
// RTL Simulation : 699 / 1000 [97.62%] @ "2556000"
// RTL Simulation : 700 / 1000 [97.62%] @ "2559000"
// RTL Simulation : 701 / 1000 [97.62%] @ "2562000"
// RTL Simulation : 702 / 1000 [97.62%] @ "2566000"
// RTL Simulation : 703 / 1000 [97.62%] @ "2569000"
// RTL Simulation : 704 / 1000 [97.62%] @ "2572000"
// RTL Simulation : 705 / 1000 [97.62%] @ "2576000"
// RTL Simulation : 706 / 1000 [97.62%] @ "2579000"
// RTL Simulation : 707 / 1000 [97.62%] @ "2582000"
// RTL Simulation : 708 / 1000 [97.62%] @ "2586000"
// RTL Simulation : 709 / 1000 [97.62%] @ "2589000"
// RTL Simulation : 710 / 1000 [97.62%] @ "2592000"
// RTL Simulation : 711 / 1000 [97.62%] @ "2595000"
// RTL Simulation : 712 / 1000 [97.62%] @ "2599000"
// RTL Simulation : 713 / 1000 [97.62%] @ "2602000"
// RTL Simulation : 714 / 1000 [97.62%] @ "2605000"
// RTL Simulation : 715 / 1000 [97.62%] @ "2609000"
// RTL Simulation : 716 / 1000 [97.62%] @ "2612000"
// RTL Simulation : 717 / 1000 [97.62%] @ "2615000"
// RTL Simulation : 718 / 1000 [97.62%] @ "2619000"
// RTL Simulation : 719 / 1000 [97.62%] @ "2622000"
// RTL Simulation : 720 / 1000 [97.62%] @ "2625000"
// RTL Simulation : 721 / 1000 [97.62%] @ "2628000"
// RTL Simulation : 722 / 1000 [97.62%] @ "2632000"
// RTL Simulation : 723 / 1000 [97.62%] @ "2635000"
// RTL Simulation : 724 / 1000 [97.62%] @ "2638000"
// RTL Simulation : 725 / 1000 [97.62%] @ "2642000"
// RTL Simulation : 726 / 1000 [97.62%] @ "2645000"
// RTL Simulation : 727 / 1000 [97.62%] @ "2648000"
// RTL Simulation : 728 / 1000 [97.62%] @ "2652000"
// RTL Simulation : 729 / 1000 [97.62%] @ "2655000"
// RTL Simulation : 730 / 1000 [97.62%] @ "2658000"
// RTL Simulation : 731 / 1000 [97.62%] @ "2661000"
// RTL Simulation : 732 / 1000 [97.62%] @ "2665000"
// RTL Simulation : 733 / 1000 [97.62%] @ "2668000"
// RTL Simulation : 734 / 1000 [97.62%] @ "2671000"
// RTL Simulation : 735 / 1000 [97.62%] @ "2675000"
// RTL Simulation : 736 / 1000 [97.62%] @ "2678000"
// RTL Simulation : 737 / 1000 [97.62%] @ "2681000"
// RTL Simulation : 738 / 1000 [97.62%] @ "2685000"
// RTL Simulation : 739 / 1000 [97.62%] @ "2688000"
// RTL Simulation : 740 / 1000 [97.62%] @ "2691000"
// RTL Simulation : 741 / 1000 [97.62%] @ "2694000"
// RTL Simulation : 742 / 1000 [97.62%] @ "2698000"
// RTL Simulation : 743 / 1000 [97.62%] @ "2701000"
// RTL Simulation : 744 / 1000 [97.62%] @ "2704000"
// RTL Simulation : 745 / 1000 [97.62%] @ "2708000"
// RTL Simulation : 746 / 1000 [97.62%] @ "2711000"
// RTL Simulation : 747 / 1000 [97.62%] @ "2714000"
// RTL Simulation : 748 / 1000 [97.62%] @ "2718000"
// RTL Simulation : 749 / 1000 [97.62%] @ "2721000"
// RTL Simulation : 750 / 1000 [97.62%] @ "2724000"
// RTL Simulation : 751 / 1000 [97.62%] @ "2727000"
// RTL Simulation : 752 / 1000 [97.62%] @ "2731000"
// RTL Simulation : 753 / 1000 [97.62%] @ "2734000"
// RTL Simulation : 754 / 1000 [97.62%] @ "2737000"
// RTL Simulation : 755 / 1000 [97.62%] @ "2741000"
// RTL Simulation : 756 / 1000 [97.62%] @ "2744000"
// RTL Simulation : 757 / 1000 [97.62%] @ "2747000"
// RTL Simulation : 758 / 1000 [97.62%] @ "2751000"
// RTL Simulation : 759 / 1000 [97.62%] @ "2754000"
// RTL Simulation : 760 / 1000 [97.62%] @ "2757000"
// RTL Simulation : 761 / 1000 [97.62%] @ "2760000"
// RTL Simulation : 762 / 1000 [97.62%] @ "2764000"
// RTL Simulation : 763 / 1000 [97.62%] @ "2767000"
// RTL Simulation : 764 / 1000 [97.62%] @ "2770000"
// RTL Simulation : 765 / 1000 [97.62%] @ "2774000"
// RTL Simulation : 766 / 1000 [97.62%] @ "2777000"
// RTL Simulation : 767 / 1000 [97.62%] @ "2780000"
// RTL Simulation : 768 / 1000 [97.62%] @ "2784000"
// RTL Simulation : 769 / 1000 [97.62%] @ "2787000"
// RTL Simulation : 770 / 1000 [97.62%] @ "2790000"
// RTL Simulation : 771 / 1000 [97.62%] @ "2793000"
// RTL Simulation : 772 / 1000 [97.62%] @ "2797000"
// RTL Simulation : 773 / 1000 [97.62%] @ "2800000"
// RTL Simulation : 774 / 1000 [97.62%] @ "2803000"
// RTL Simulation : 775 / 1000 [97.62%] @ "2807000"
// RTL Simulation : 776 / 1000 [97.62%] @ "2810000"
// RTL Simulation : 777 / 1000 [97.62%] @ "2813000"
// RTL Simulation : 778 / 1000 [97.62%] @ "2817000"
// RTL Simulation : 779 / 1000 [97.62%] @ "2820000"
// RTL Simulation : 780 / 1000 [97.62%] @ "2823000"
// RTL Simulation : 781 / 1000 [97.62%] @ "2826000"
// RTL Simulation : 782 / 1000 [97.62%] @ "2830000"
// RTL Simulation : 783 / 1000 [97.62%] @ "2833000"
// RTL Simulation : 784 / 1000 [97.62%] @ "2836000"
// RTL Simulation : 785 / 1000 [97.62%] @ "2840000"
// RTL Simulation : 786 / 1000 [97.62%] @ "2843000"
// RTL Simulation : 787 / 1000 [97.62%] @ "2846000"
// RTL Simulation : 788 / 1000 [97.62%] @ "2850000"
// RTL Simulation : 789 / 1000 [97.62%] @ "2853000"
// RTL Simulation : 790 / 1000 [97.62%] @ "2856000"
// RTL Simulation : 791 / 1000 [97.62%] @ "2859000"
// RTL Simulation : 792 / 1000 [97.62%] @ "2863000"
// RTL Simulation : 793 / 1000 [97.62%] @ "2866000"
// RTL Simulation : 794 / 1000 [97.62%] @ "2869000"
// RTL Simulation : 795 / 1000 [97.62%] @ "2873000"
// RTL Simulation : 796 / 1000 [97.62%] @ "2876000"
// RTL Simulation : 797 / 1000 [97.62%] @ "2879000"
// RTL Simulation : 798 / 1000 [97.62%] @ "2883000"
// RTL Simulation : 799 / 1000 [97.62%] @ "2886000"
// RTL Simulation : 800 / 1000 [97.62%] @ "2889000"
// RTL Simulation : 801 / 1000 [97.62%] @ "2892000"
// RTL Simulation : 802 / 1000 [97.62%] @ "2896000"
// RTL Simulation : 803 / 1000 [97.62%] @ "2899000"
// RTL Simulation : 804 / 1000 [97.62%] @ "2902000"
// RTL Simulation : 805 / 1000 [97.62%] @ "2906000"
// RTL Simulation : 806 / 1000 [97.62%] @ "2909000"
// RTL Simulation : 807 / 1000 [97.62%] @ "2912000"
// RTL Simulation : 808 / 1000 [97.62%] @ "2916000"
// RTL Simulation : 809 / 1000 [97.62%] @ "2919000"
// RTL Simulation : 810 / 1000 [97.62%] @ "2922000"
// RTL Simulation : 811 / 1000 [97.62%] @ "2925000"
// RTL Simulation : 812 / 1000 [97.62%] @ "2929000"
// RTL Simulation : 813 / 1000 [97.62%] @ "2932000"
// RTL Simulation : 814 / 1000 [97.62%] @ "2935000"
// RTL Simulation : 815 / 1000 [97.62%] @ "2939000"
// RTL Simulation : 816 / 1000 [97.62%] @ "2942000"
// RTL Simulation : 817 / 1000 [97.62%] @ "2945000"
// RTL Simulation : 818 / 1000 [97.62%] @ "2949000"
// RTL Simulation : 819 / 1000 [97.62%] @ "2952000"
// RTL Simulation : 820 / 1000 [97.62%] @ "2955000"
// RTL Simulation : 821 / 1000 [97.62%] @ "2958000"
// RTL Simulation : 822 / 1000 [97.62%] @ "2962000"
// RTL Simulation : 823 / 1000 [97.62%] @ "2965000"
// RTL Simulation : 824 / 1000 [97.62%] @ "2968000"
// RTL Simulation : 825 / 1000 [97.62%] @ "2972000"
// RTL Simulation : 826 / 1000 [97.62%] @ "2975000"
// RTL Simulation : 827 / 1000 [97.62%] @ "2978000"
// RTL Simulation : 828 / 1000 [97.62%] @ "2982000"
// RTL Simulation : 829 / 1000 [97.62%] @ "2985000"
// RTL Simulation : 830 / 1000 [97.62%] @ "2988000"
// RTL Simulation : 831 / 1000 [97.62%] @ "2991000"
// RTL Simulation : 832 / 1000 [97.62%] @ "2995000"
// RTL Simulation : 833 / 1000 [97.62%] @ "2998000"
// RTL Simulation : 834 / 1000 [97.62%] @ "3001000"
// RTL Simulation : 835 / 1000 [97.62%] @ "3005000"
// RTL Simulation : 836 / 1000 [97.62%] @ "3008000"
// RTL Simulation : 837 / 1000 [97.62%] @ "3011000"
// RTL Simulation : 838 / 1000 [97.62%] @ "3015000"
// RTL Simulation : 839 / 1000 [97.62%] @ "3018000"
// RTL Simulation : 840 / 1000 [97.62%] @ "3021000"
// RTL Simulation : 841 / 1000 [97.62%] @ "3024000"
// RTL Simulation : 842 / 1000 [97.62%] @ "3028000"
// RTL Simulation : 843 / 1000 [97.62%] @ "3031000"
// RTL Simulation : 844 / 1000 [97.62%] @ "3034000"
// RTL Simulation : 845 / 1000 [97.62%] @ "3038000"
// RTL Simulation : 846 / 1000 [97.62%] @ "3041000"
// RTL Simulation : 847 / 1000 [97.62%] @ "3044000"
// RTL Simulation : 848 / 1000 [97.62%] @ "3048000"
// RTL Simulation : 849 / 1000 [97.62%] @ "3051000"
// RTL Simulation : 850 / 1000 [97.62%] @ "3054000"
// RTL Simulation : 851 / 1000 [97.62%] @ "3057000"
// RTL Simulation : 852 / 1000 [97.62%] @ "3061000"
// RTL Simulation : 853 / 1000 [97.62%] @ "3064000"
// RTL Simulation : 854 / 1000 [97.62%] @ "3067000"
// RTL Simulation : 855 / 1000 [97.62%] @ "3071000"
// RTL Simulation : 856 / 1000 [97.62%] @ "3074000"
// RTL Simulation : 857 / 1000 [97.62%] @ "3077000"
// RTL Simulation : 858 / 1000 [97.62%] @ "3081000"
// RTL Simulation : 859 / 1000 [97.62%] @ "3084000"
// RTL Simulation : 860 / 1000 [97.62%] @ "3087000"
// RTL Simulation : 861 / 1000 [97.62%] @ "3090000"
// RTL Simulation : 862 / 1000 [97.62%] @ "3094000"
// RTL Simulation : 863 / 1000 [97.62%] @ "3097000"
// RTL Simulation : 864 / 1000 [97.62%] @ "3100000"
// RTL Simulation : 865 / 1000 [97.62%] @ "3104000"
// RTL Simulation : 866 / 1000 [97.62%] @ "3107000"
// RTL Simulation : 867 / 1000 [97.62%] @ "3110000"
// RTL Simulation : 868 / 1000 [97.62%] @ "3114000"
// RTL Simulation : 869 / 1000 [97.62%] @ "3117000"
// RTL Simulation : 870 / 1000 [97.62%] @ "3120000"
// RTL Simulation : 871 / 1000 [97.62%] @ "3123000"
// RTL Simulation : 872 / 1000 [97.62%] @ "3127000"
// RTL Simulation : 873 / 1000 [97.62%] @ "3130000"
// RTL Simulation : 874 / 1000 [97.62%] @ "3133000"
// RTL Simulation : 875 / 1000 [97.62%] @ "3137000"
// RTL Simulation : 876 / 1000 [97.62%] @ "3140000"
// RTL Simulation : 877 / 1000 [97.62%] @ "3143000"
// RTL Simulation : 878 / 1000 [97.62%] @ "3147000"
// RTL Simulation : 879 / 1000 [97.62%] @ "3150000"
// RTL Simulation : 880 / 1000 [97.62%] @ "3153000"
// RTL Simulation : 881 / 1000 [97.62%] @ "3156000"
// RTL Simulation : 882 / 1000 [97.62%] @ "3160000"
// RTL Simulation : 883 / 1000 [97.62%] @ "3163000"
// RTL Simulation : 884 / 1000 [97.62%] @ "3166000"
// RTL Simulation : 885 / 1000 [97.62%] @ "3170000"
// RTL Simulation : 886 / 1000 [97.62%] @ "3173000"
// RTL Simulation : 887 / 1000 [97.62%] @ "3176000"
// RTL Simulation : 888 / 1000 [97.62%] @ "3180000"
// RTL Simulation : 889 / 1000 [97.62%] @ "3183000"
// RTL Simulation : 890 / 1000 [97.62%] @ "3186000"
// RTL Simulation : 891 / 1000 [97.62%] @ "3189000"
// RTL Simulation : 892 / 1000 [97.62%] @ "3193000"
// RTL Simulation : 893 / 1000 [97.62%] @ "3196000"
// RTL Simulation : 894 / 1000 [97.62%] @ "3199000"
// RTL Simulation : 895 / 1000 [97.62%] @ "3203000"
// RTL Simulation : 896 / 1000 [97.62%] @ "3206000"
// RTL Simulation : 897 / 1000 [97.62%] @ "3209000"
// RTL Simulation : 898 / 1000 [97.62%] @ "3213000"
// RTL Simulation : 899 / 1000 [97.62%] @ "3216000"
// RTL Simulation : 900 / 1000 [97.62%] @ "3219000"
// RTL Simulation : 901 / 1000 [97.62%] @ "3222000"
// RTL Simulation : 902 / 1000 [97.62%] @ "3226000"
// RTL Simulation : 903 / 1000 [97.62%] @ "3229000"
// RTL Simulation : 904 / 1000 [97.62%] @ "3232000"
// RTL Simulation : 905 / 1000 [97.62%] @ "3236000"
// RTL Simulation : 906 / 1000 [97.62%] @ "3239000"
// RTL Simulation : 907 / 1000 [97.62%] @ "3242000"
// RTL Simulation : 908 / 1000 [97.62%] @ "3246000"
// RTL Simulation : 909 / 1000 [97.62%] @ "3249000"
// RTL Simulation : 910 / 1000 [97.62%] @ "3252000"
// RTL Simulation : 911 / 1000 [97.62%] @ "3255000"
// RTL Simulation : 912 / 1000 [97.62%] @ "3259000"
// RTL Simulation : 913 / 1000 [97.62%] @ "3262000"
// RTL Simulation : 914 / 1000 [97.62%] @ "3265000"
// RTL Simulation : 915 / 1000 [97.62%] @ "3269000"
// RTL Simulation : 916 / 1000 [97.62%] @ "3272000"
// RTL Simulation : 917 / 1000 [97.62%] @ "3275000"
// RTL Simulation : 918 / 1000 [97.62%] @ "3279000"
// RTL Simulation : 919 / 1000 [97.62%] @ "3282000"
// RTL Simulation : 920 / 1000 [97.62%] @ "3285000"
// RTL Simulation : 921 / 1000 [97.62%] @ "3288000"
// RTL Simulation : 922 / 1000 [97.62%] @ "3292000"
// RTL Simulation : 923 / 1000 [97.62%] @ "3295000"
// RTL Simulation : 924 / 1000 [97.62%] @ "3298000"
// RTL Simulation : 925 / 1000 [97.62%] @ "3302000"
// RTL Simulation : 926 / 1000 [97.62%] @ "3305000"
// RTL Simulation : 927 / 1000 [97.62%] @ "3308000"
// RTL Simulation : 928 / 1000 [97.62%] @ "3312000"
// RTL Simulation : 929 / 1000 [97.62%] @ "3315000"
// RTL Simulation : 930 / 1000 [97.62%] @ "3318000"
// RTL Simulation : 931 / 1000 [97.62%] @ "3321000"
// RTL Simulation : 932 / 1000 [97.62%] @ "3325000"
// RTL Simulation : 933 / 1000 [97.62%] @ "3328000"
// RTL Simulation : 934 / 1000 [97.62%] @ "3331000"
// RTL Simulation : 935 / 1000 [97.62%] @ "3335000"
// RTL Simulation : 936 / 1000 [97.62%] @ "3338000"
// RTL Simulation : 937 / 1000 [97.62%] @ "3341000"
// RTL Simulation : 938 / 1000 [97.62%] @ "3345000"
// RTL Simulation : 939 / 1000 [97.62%] @ "3348000"
// RTL Simulation : 940 / 1000 [97.62%] @ "3351000"
// RTL Simulation : 941 / 1000 [97.62%] @ "3354000"
// RTL Simulation : 942 / 1000 [97.62%] @ "3358000"
// RTL Simulation : 943 / 1000 [97.62%] @ "3361000"
// RTL Simulation : 944 / 1000 [97.62%] @ "3364000"
// RTL Simulation : 945 / 1000 [97.62%] @ "3368000"
// RTL Simulation : 946 / 1000 [97.62%] @ "3371000"
// RTL Simulation : 947 / 1000 [97.62%] @ "3374000"
// RTL Simulation : 948 / 1000 [97.62%] @ "3378000"
// RTL Simulation : 949 / 1000 [97.62%] @ "3381000"
// RTL Simulation : 950 / 1000 [97.62%] @ "3384000"
// RTL Simulation : 951 / 1000 [97.62%] @ "3387000"
// RTL Simulation : 952 / 1000 [97.62%] @ "3391000"
// RTL Simulation : 953 / 1000 [97.62%] @ "3394000"
// RTL Simulation : 954 / 1000 [97.62%] @ "3397000"
// RTL Simulation : 955 / 1000 [97.62%] @ "3401000"
// RTL Simulation : 956 / 1000 [97.62%] @ "3404000"
// RTL Simulation : 957 / 1000 [97.62%] @ "3407000"
// RTL Simulation : 958 / 1000 [97.62%] @ "3411000"
// RTL Simulation : 959 / 1000 [97.62%] @ "3414000"
// RTL Simulation : 960 / 1000 [97.62%] @ "3417000"
// RTL Simulation : 961 / 1000 [97.62%] @ "3420000"
// RTL Simulation : 962 / 1000 [97.62%] @ "3424000"
// RTL Simulation : 963 / 1000 [97.62%] @ "3427000"
// RTL Simulation : 964 / 1000 [97.62%] @ "3430000"
// RTL Simulation : 965 / 1000 [97.62%] @ "3434000"
// RTL Simulation : 966 / 1000 [97.62%] @ "3437000"
// RTL Simulation : 967 / 1000 [97.62%] @ "3440000"
// RTL Simulation : 968 / 1000 [97.62%] @ "3444000"
// RTL Simulation : 969 / 1000 [97.62%] @ "3447000"
// RTL Simulation : 970 / 1000 [97.62%] @ "3450000"
// RTL Simulation : 971 / 1000 [97.62%] @ "3453000"
// RTL Simulation : 972 / 1000 [97.62%] @ "3457000"
// RTL Simulation : 973 / 1000 [97.62%] @ "3460000"
// RTL Simulation : 974 / 1000 [97.62%] @ "3463000"
// RTL Simulation : 975 / 1000 [97.62%] @ "3467000"
// RTL Simulation : 976 / 1000 [97.62%] @ "3470000"
// RTL Simulation : 977 / 1000 [97.62%] @ "3473000"
// RTL Simulation : 978 / 1000 [97.62%] @ "3477000"
// RTL Simulation : 979 / 1000 [97.62%] @ "3480000"
// RTL Simulation : 980 / 1000 [97.62%] @ "3483000"
// RTL Simulation : 981 / 1000 [97.62%] @ "3486000"
// RTL Simulation : 982 / 1000 [97.62%] @ "3490000"
// RTL Simulation : 983 / 1000 [97.62%] @ "3493000"
// RTL Simulation : 984 / 1000 [97.62%] @ "3496000"
// RTL Simulation : 985 / 1000 [97.62%] @ "3500000"
// RTL Simulation : 986 / 1000 [97.62%] @ "3503000"
// RTL Simulation : 987 / 1000 [97.62%] @ "3506000"
// RTL Simulation : 988 / 1000 [97.62%] @ "3510000"
// RTL Simulation : 989 / 1000 [97.62%] @ "3513000"
// RTL Simulation : 990 / 1000 [97.62%] @ "3516000"
// RTL Simulation : 991 / 1000 [97.62%] @ "3519000"
// RTL Simulation : 992 / 1000 [97.62%] @ "3523000"
// RTL Simulation : 993 / 1000 [97.62%] @ "3526000"
// RTL Simulation : 994 / 1000 [97.62%] @ "3529000"
// RTL Simulation : 995 / 1000 [97.62%] @ "3533000"
// RTL Simulation : 996 / 1000 [97.62%] @ "3536000"
// RTL Simulation : 997 / 1000 [97.62%] @ "3539000"
// RTL Simulation : 998 / 1000 [97.62%] @ "3543000"
// RTL Simulation : 999 / 1000 [97.62%] @ "3546000"
// RTL Simulation : 1000 / 1000 [100.00%] @ "3549000"
////////////////////////////////////////////////////////////////////////////////////
$finish called at time : 3562350 ps : File "C:/Users/Jorge/Documents/reed_solomon_erasure/ProjRSErasure/SolutionX/sim/verilog/rs_erasure.autotb.v" Line 1255
## quit
INFO: [Common 17-206] Exiting xsim at Thu Apr 12 15:07:54 2018...
	[0]   0 out of 250 test vectors failed.
	[1]   0 out of 250 test vectors failed.
	[2]   0 out of 250 test vectors failed.
	[3]   0 out of 250 test vectors failed.
Total 1000 Test Vectors, Err Count = 0.
Test Passed!
INFO: [COSIM-1000] *** C/RTL co-simulation finished: PASS ***
