#
# A fatal error has been detected by the Java Runtime Environment:
#
#  EXCEPTION_ACCESS_VIOLATION (0xc0000005) at pc=0x00007ff8bf7d764f, pid=6072, tid=0x0000000000001f04
#
# JRE version: Java(TM) SE Runtime Environment (8.0_112-b15) (build 1.8.0_112-b15)
# Java VM: Java HotSpot(TM) 64-Bit Server VM (25.112-b15 mixed mode windows-amd64 compressed oops)
# Problematic frame:
# C  [librdi_simdata.dll+0x5764f]
#
# Failed to write core dump. Minidumps are not enabled by default on client versions of Windows
#
# If you would like to submit a bug report, please visit:
#   http://bugreport.java.com/bugreport/crash.jsp
# The crash happened outside the Java Virtual Machine in native code.
# See problematic frame for where to report the bug.
#

---------------  T H R E A D  ---------------

Current thread (0x000001894bdb1000):  JavaThread "AWT-EventQueue-1" [_thread_in_native, id=7940, stack(0x000000881b100000,0x000000881b600000)]

siginfo: ExceptionCode=0xc0000005, reading address 0x0000000000000020

Registers:
RAX=0x00007ff8bf98a410, RBX=0x0000018954c12890, RCX=0x0000000000000002, RDX=0x00007ff8bf98a410
RSP=0x000000881b5fc830, RBP=0x0000000000000000, RSI=0x0000000000000001, RDI=0x0000000000000004
R8 =0x0000000000000000, R9 =0x0000000000000018, R10=0x0000018954422020, R11=0x000000881b5fc7e0
R12=0x0000000000000000, R13=0x0000000000000040, R14=0x000000881b5fca48, R15=0x000001892b90b1f0
RIP=0x00007ff8bf7d764f, EFLAGS=0x0000000000010202

Top of Stack: (sp=0x000000881b5fc830)
0x000000881b5fc830:   0000000000000040 0000000000000000
0x000000881b5fc840:   0000000000000000 00007ff92241cb1b
0x000000881b5fc850:   fffffffffffffffe 0000000000000000
0x000000881b5fc860:   000000881b5fca48 0000000000000000
0x000000881b5fc870:   0000000000000001 00007ff8bf7d653c
0x000000881b5fc880:   0000018954c12890 0000018900000000
0x000000881b5fc890:   0000000000000000 00000189572e0430
0x000000881b5fc8a0:   fffffffffffffffe 0000018900000000
0x000000881b5fc8b0:   0000000000000000 00007ff8bf7ef550
0x000000881b5fc8c0:   00000189572e0430 0000018954c12890
0x000000881b5fc8d0:   0000000000000001 0000018900000000
0x000000881b5fc8e0:   fffffffffffffffe 0000018957304590
0x000000881b5fc8f0:   0000000000000000 00007ff8bf7eec2a
0x000000881b5fc900:   00007ff8bf98a688 000001892b90b1f0
0x000000881b5fc910:   0000000000000000 0000d48386daa45c
0x000000881b5fc920:   000001892b90b260 00007ff8bf8e2159 

Instructions: (pc=0x00007ff8bf7d764f)
0x00007ff8bf7d762f:   e8 fc fe ff ff 48 8b d0 48 8b cb 48 c1 e9 03 48
0x00007ff8bf7d763f:   03 cb 48 23 48 30 4c 8b 40 18 48 8b f9 48 03 ff
0x00007ff8bf7d764f:   49 8b 3c f8 48 03 c9 4c 8d 0c cd 08 00 00 00 4d
0x00007ff8bf7d765f:   8b 14 c8 4c 3b 52 08 75 06 48 8b 42 08 eb 07 4b 


Register to memory mapping:

RAX=0x00007ff8bf98a410 is an unknown value
RBX=0x0000018954c12890 is an unknown value
RCX=0x0000000000000002 is an unknown value
RDX=0x00007ff8bf98a410 is an unknown value
RSP=0x000000881b5fc830 is pointing into the stack for thread: 0x000001894bdb1000
RBP=0x0000000000000000 is an unknown value
RSI=0x0000000000000001 is an unknown value
RDI=0x0000000000000004 is an unknown value
R8 =0x0000000000000000 is an unknown value
R9 =0x0000000000000018 is an unknown value
R10=0x0000018954422020 is an unknown value
R11=0x000000881b5fc7e0 is pointing into the stack for thread: 0x000001894bdb1000
R12=0x0000000000000000 is an unknown value
R13=0x0000000000000040 is an unknown value
R14=0x000000881b5fca48 is pointing into the stack for thread: 0x000001894bdb1000
R15=0x000001892b90b1f0 is an unknown value


Stack: [0x000000881b100000,0x000000881b600000],  sp=0x000000881b5fc830,  free space=5106k
Native frames: (J=compiled Java code, j=interpreted, Vv=VM code, C=native code)

Java frames: (J=compiled Java code, j=interpreted, Vv=VM code)
j  ui.frmwork.tcltasksi.abortNow()V+0
j  ui.bk.b(Ljava/awt/Component;)Z+72
j  ui.bZ.windowClosing(Ljava/awt/event/WindowEvent;)V+79
j  java.awt.AWTEventMulticaster.windowClosing(Ljava/awt/event/WindowEvent;)V+21
j  java.awt.AWTEventMulticaster.windowClosing(Ljava/awt/event/WindowEvent;)V+8
j  java.awt.AWTEventMulticaster.windowClosing(Ljava/awt/event/WindowEvent;)V+8
j  java.awt.Window.processWindowEvent(Ljava/awt/event/WindowEvent;)V+68
j  javax.swing.JFrame.processWindowEvent(Ljava/awt/event/WindowEvent;)V+2
j  java.awt.Window.processEvent(Ljava/awt/AWTEvent;)V+69
J 10420 C1 java.awt.Component.dispatchEventImpl(Ljava/awt/AWTEvent;)V (883 bytes) @ 0x0000018934dd7af4 [0x0000018934dd25e0+0x5514]
J 11450 C2 java.awt.Container.dispatchEventImpl(Ljava/awt/AWTEvent;)V (129 bytes) @ 0x000001893411cd38 [0x000001893411cce0+0x58]
J 9616 C1 java.awt.Window.dispatchEventImpl(Ljava/awt/AWTEvent;)V (23 bytes) @ 0x0000018934af7e24 [0x0000018934af7840+0x5e4]
J 11259 C2 java.awt.EventQueue$3.run()Ljava/lang/Object; (5 bytes) @ 0x00000189332e8460 [0x00000189332e8060+0x400]
v  ~StubRoutines::call_stub
J 2387  java.security.AccessController.doPrivileged(Ljava/security/PrivilegedAction;Ljava/security/AccessControlContext;)Ljava/lang/Object; (0 bytes) @ 0x000001893382d926 [0x000001893382d8c0+0x66]
J 11157 C1 java.awt.EventQueue$4.run()Ljava/lang/Object; (5 bytes) @ 0x000001893508828c [0x0000018935087e80+0x40c]
v  ~StubRoutines::call_stub
J 2387  java.security.AccessController.doPrivileged(Ljava/security/PrivilegedAction;Ljava/security/AccessControlContext;)Ljava/lang/Object; (0 bytes) @ 0x000001893382d926 [0x000001893382d8c0+0x66]
J 11239 C2 ui.frmwork.b.d.dispatchEvent(Ljava/awt/AWTEvent;)V (45 bytes) @ 0x0000018934c18098 [0x0000018934c17de0+0x2b8]
J 11310 C1 java.awt.EventDispatchThread.pumpOneEventForFilters(I)V (295 bytes) @ 0x0000018934de939c [0x0000018934de75c0+0x1ddc]
j  java.awt.EventDispatchThread.pumpEventsForFilter(ILjava/awt/Conditional;Ljava/awt/EventFilter;)V+35
j  java.awt.EventDispatchThread.pumpEventsForHierarchy(ILjava/awt/Conditional;Ljava/awt/Component;)V+11
j  java.awt.EventDispatchThread.pumpEvents(ILjava/awt/Conditional;)V+4
j  java.awt.EventDispatchThread.pumpEvents(Ljava/awt/Conditional;)V+3
j  java.awt.EventDispatchThread.run()V+9
v  ~StubRoutines::call_stub

---------------  P R O C E S S  ---------------

Java Threads: ( => current thread )
  0x0000018951cc5000 JavaThread "SyntheticaAnimation 50" daemon [_thread_blocked, id=4148, stack(0x0000008823d00000,0x0000008824200000)]
  0x0000018951cbf000 JavaThread "hw_ila_monitor" [_thread_blocked, id=4408, stack(0x0000008820400000,0x0000008820900000)]
  0x0000018951cbf800 JavaThread "Update Runs Swing Worker" [_thread_blocked, id=8116, stack(0x000000881f500000,0x000000881fa00000)]
  0x000001894ce49000 JavaThread "Refresh Filesets Swing Worker" [_thread_blocked, id=1452, stack(0x000000881f000000,0x000000881f500000)]
  0x000001894ce4d000 JavaThread "SyntheticaAnimation 70" daemon [_thread_blocked, id=8228, stack(0x000000881eb00000,0x000000881f000000)]
  0x000001894ce4e800 JavaThread "SyntheticaAnimation 25" daemon [_thread_blocked, id=8580, stack(0x000000881e100000,0x000000881e600000)]
  0x000001894ce4d800 JavaThread "SyntheticaAnimation 50" daemon [_thread_blocked, id=7568, stack(0x000000881dc00000,0x000000881e100000)]
  0x000001894ce4a000 JavaThread "SyntheticaCleanerThread" daemon [_thread_blocked, id=464, stack(0x000000881c000000,0x000000881c500000)]
  0x000001894ce54800 JavaThread "Batik CleanerThread" daemon [_thread_blocked, id=4560, stack(0x000000881b600000,0x000000881bb00000)]
=>0x000001894bdb1000 JavaThread "AWT-EventQueue-1" [_thread_in_native, id=7940, stack(0x000000881b100000,0x000000881b600000)]
  0x000001894bd39800 JavaThread "Process Messages" [_thread_blocked, id=4328, stack(0x000000881ac00000,0x000000881b100000)]
  0x000001894baca000 JavaThread "Thread-3" [_thread_in_native, id=7480, stack(0x0000008815400000,0x0000008816800000)]
  0x000001894ba26800 JavaThread "AWT-Windows" daemon [_thread_in_native, id=8552, stack(0x0000008819d00000,0x000000881a200000)]
  0x000001894ba26000 JavaThread "AWT-Shutdown" [_thread_blocked, id=8388, stack(0x0000008819800000,0x0000008819d00000)]
  0x000001894ba5b800 JavaThread "Java2D Disposer" daemon [_thread_blocked, id=4600, stack(0x0000008819300000,0x0000008819800000)]
  0x000001894ba1b800 JavaThread "TimerQueue" daemon [_thread_blocked, id=828, stack(0x0000008818e00000,0x0000008819300000)]
  0x000001894a117800 JavaThread "Service Thread" daemon [_thread_blocked, id=8332, stack(0x0000008818800000,0x0000008818d00000)]
  0x000001894a0fe000 JavaThread "C1 CompilerThread2" daemon [_thread_blocked, id=6568, stack(0x0000008818700000,0x0000008818800000)]
  0x000001894a10e000 JavaThread "C2 CompilerThread1" daemon [_thread_blocked, id=8484, stack(0x0000008818600000,0x0000008818700000)]
  0x000001894a10c800 JavaThread "C2 CompilerThread0" daemon [_thread_blocked, id=8592, stack(0x0000008818500000,0x0000008818600000)]
  0x000001894a10b000 JavaThread "Attach Listener" daemon [_thread_blocked, id=7128, stack(0x0000008818000000,0x0000008818500000)]
  0x000001894a10a000 JavaThread "Signal Dispatcher" daemon [_thread_blocked, id=5884, stack(0x0000008817b00000,0x0000008818000000)]
  0x000001894a0e4800 JavaThread "Finalizer" daemon [_thread_blocked, id=6680, stack(0x0000008817600000,0x0000008817b00000)]
  0x0000018933025000 JavaThread "Reference Handler" daemon [_thread_blocked, id=7400, stack(0x0000008817100000,0x0000008817600000)]
  0x0000018932f35000 JavaThread "main" [_thread_blocked, id=456, stack(0x0000008816b00000,0x0000008816c00000)]

Other Threads:
  0x000001894a0c0800 VMThread [stack: 0x0000008817000000,0x0000008817100000] [id=8164]
  0x000001894a17e000 WatcherThread [stack: 0x0000008818d00000,0x0000008818e00000] [id=1624]

VM state:not at safepoint (normal execution)

VM Mutex/Monitor currently owned by a thread: None

Heap:
 PSYoungGen      total 60416K, used 12133K [0x00000007bc400000, 0x00000007c0000000, 0x00000007c0000000)
  eden space 59904K, 20% used [0x00000007bc400000,0x00000007bcfd9650,0x00000007bfe80000)
  from space 512K, 0% used [0x00000007bff00000,0x00000007bff00000,0x00000007bff80000)
  to   space 512K, 0% used [0x00000007bff80000,0x00000007bff80000,0x00000007c0000000)
 ParOldGen       total 155648K, used 39013K [0x0000000700000000, 0x0000000709800000, 0x00000007bc400000)
  object space 155648K, 25% used [0x0000000700000000,0x0000000702619540,0x0000000709800000)
 Metaspace       used 62650K, capacity 63181K, committed 63744K, reserved 1103872K
  class space    used 8583K, capacity 8696K, committed 8704K, reserved 1048576K

Card table byte_map: [0x00000189423f0000,0x0000018942a00000] byte_map_base: 0x000001893ebf0000

Marking Bits: (ParMarkBitMap*) 0x000000007101a6d0
 Begin Bits: [0x0000018942ff0000, 0x0000018945ff0000)
 End Bits:   [0x0000018945ff0000, 0x0000018948ff0000)

Polling page: 0x000001892adf0000

CodeCache: size=245760Kb used=34288Kb max_used=34293Kb free=211471Kb
 bounds [0x0000018933030000, 0x00000189351f0000, 0x0000018942030000]
 total_blobs=10582 nmethods=9709 adapters=779
 compilation: enabled

Compilation events (10 events):
Event: 360.169 Thread 0x000001894a0fe000 12025       3       java.awt.Window::processEvent (101 bytes)
Event: 360.170 Thread 0x000001894a0fe000 nmethod 12025 0x00000189351d9a50 code [0x00000189351d9c40, 0x00000189351da810]
Event: 363.469 Thread 0x000001894a0fe000 12026       1       ui.utils.m::isShutdown (4 bytes)
Event: 363.469 Thread 0x000001894a0fe000 nmethod 12026 0x00000189351d9790 code [0x00000189351d98e0, 0x00000189351d99f8]
Event: 367.881 Thread 0x000001894a0fe000 12027       3       javax.swing.text.ParagraphView$Row::getViewIndexAtPosition (61 bytes)
Event: 367.882 Thread 0x000001894a0fe000 nmethod 12027 0x00000189351e2310 code [0x00000189351e24e0, 0x00000189351e2bc0]
Event: 369.057 Thread 0x000001894a0fe000 12029       3       jdk.internal.org.objectweb.asm.MethodWriter::<init> (268 bytes)
Event: 369.058 Thread 0x000001894a0fe000 nmethod 12029 0x00000189351e2e10 code [0x00000189351e3040, 0x00000189351e3d70]
Event: 369.059 Thread 0x000001894a0fe000 12028       3       jdk.internal.org.objectweb.asm.ClassWriter::visitMethod (24 bytes)
Event: 369.059 Thread 0x000001894a0fe000 nmethod 12028 0x00000189351d8f50 code [0x00000189351d90c0, 0x00000189351d9310]

GC Heap History (10 events):
Event: 279.076 GC heap before
{Heap before GC invocations=120 (full 6):
 PSYoungGen      total 60928K, used 60512K [0x00000007bc400000, 0x00000007c0000000, 0x00000007c0000000)
  eden space 60416K, 100% used [0x00000007bc400000,0x00000007bff00000,0x00000007bff00000)
  from space 512K, 18% used [0x00000007bff00000,0x00000007bff18000,0x00000007bff80000)
  to   space 512K, 0% used [0x00000007bff80000,0x00000007bff80000,0x00000007c0000000)
 ParOldGen       total 155648K, used 47836K [0x0000000700000000, 0x0000000709800000, 0x00000007bc400000)
  object space 155648K, 30% used [0x0000000700000000,0x0000000702eb73e8,0x0000000709800000)
 Metaspace       used 62273K, capacity 62823K, committed 63488K, reserved 1103872K
  class space    used 8540K, capacity 8663K, committed 8704K, reserved 1048576K
Event: 279.078 GC heap after
Heap after GC invocations=120 (full 6):
 PSYoungGen      total 60928K, used 128K [0x00000007bc400000, 0x00000007c0000000, 0x00000007c0000000)
  eden space 60416K, 0% used [0x00000007bc400000,0x00000007bc400000,0x00000007bff00000)
  from space 512K, 25% used [0x00000007bff80000,0x00000007bffa0000,0x00000007c0000000)
  to   space 512K, 0% used [0x00000007bff00000,0x00000007bff00000,0x00000007bff80000)
 ParOldGen       total 155648K, used 47860K [0x0000000700000000, 0x0000000709800000, 0x00000007bc400000)
  object space 155648K, 30% used [0x0000000700000000,0x0000000702ebd3e8,0x0000000709800000)
 Metaspace       used 62273K, capacity 62823K, committed 63488K, reserved 1103872K
  class space    used 8540K, capacity 8663K, committed 8704K, reserved 1048576K
}
Event: 281.080 GC heap before
{Heap before GC invocations=121 (full 6):
 PSYoungGen      total 60928K, used 60544K [0x00000007bc400000, 0x00000007c0000000, 0x00000007c0000000)
  eden space 60416K, 100% used [0x00000007bc400000,0x00000007bff00000,0x00000007bff00000)
  from space 512K, 25% used [0x00000007bff80000,0x00000007bffa0000,0x00000007c0000000)
  to   space 512K, 0% used [0x00000007bff00000,0x00000007bff00000,0x00000007bff80000)
 ParOldGen       total 155648K, used 47860K [0x0000000700000000, 0x0000000709800000, 0x00000007bc400000)
  object space 155648K, 30% used [0x0000000700000000,0x0000000702ebd3e8,0x0000000709800000)
 Metaspace       used 62273K, capacity 62823K, committed 63488K, reserved 1103872K
  class space    used 8540K, capacity 8663K, committed 8704K, reserved 1048576K
Event: 281.083 GC heap after
Heap after GC invocations=121 (full 6):
 PSYoungGen      total 60928K, used 64K [0x00000007bc400000, 0x00000007c0000000, 0x00000007c0000000)
  eden space 60416K, 0% used [0x00000007bc400000,0x00000007bc400000,0x00000007bff00000)
  from space 512K, 12% used [0x00000007bff00000,0x00000007bff10000,0x00000007bff80000)
  to   space 512K, 0% used [0x00000007bff80000,0x00000007bff80000,0x00000007c0000000)
 ParOldGen       total 155648K, used 47876K [0x0000000700000000, 0x0000000709800000, 0x00000007bc400000)
  object space 155648K, 30% used [0x0000000700000000,0x0000000702ec13e8,0x0000000709800000)
 Metaspace       used 62273K, capacity 62823K, committed 63488K, reserved 1103872K
  class space    used 8540K, capacity 8663K, committed 8704K, reserved 1048576K
}
Event: 283.086 GC heap before
{Heap before GC invocations=122 (full 6):
 PSYoungGen      total 60928K, used 60480K [0x00000007bc400000, 0x00000007c0000000, 0x00000007c0000000)
  eden space 60416K, 100% used [0x00000007bc400000,0x00000007bff00000,0x00000007bff00000)
  from space 512K, 12% used [0x00000007bff00000,0x00000007bff10000,0x00000007bff80000)
  to   space 512K, 0% used [0x00000007bff80000,0x00000007bff80000,0x00000007c0000000)
 ParOldGen       total 155648K, used 47876K [0x0000000700000000, 0x0000000709800000, 0x00000007bc400000)
  object space 155648K, 30% used [0x0000000700000000,0x0000000702ec13e8,0x0000000709800000)
 Metaspace       used 62273K, capacity 62823K, committed 63488K, reserved 1103872K
  class space    used 8540K, capacity 8663K, committed 8704K, reserved 1048576K
Event: 283.088 GC heap after
Heap after GC invocations=122 (full 6):
 PSYoungGen      total 60928K, used 128K [0x00000007bc400000, 0x00000007c0000000, 0x00000007c0000000)
  eden space 60416K, 0% used [0x00000007bc400000,0x00000007bc400000,0x00000007bff00000)
  from space 512K, 25% used [0x00000007bff80000,0x00000007bffa0000,0x00000007c0000000)
  to   space 512K, 0% used [0x00000007bff00000,0x00000007bff00000,0x00000007bff80000)
 ParOldGen       total 155648K, used 47892K [0x0000000700000000, 0x0000000709800000, 0x00000007bc400000)
  object space 155648K, 30% used [0x0000000700000000,0x0000000702ec53e8,0x0000000709800000)
 Metaspace       used 62273K, capacity 62823K, committed 63488K, reserved 1103872K
  class space    used 8540K, capacity 8663K, committed 8704K, reserved 1048576K
}
Event: 350.589 GC heap before
{Heap before GC invocations=123 (full 6):
 PSYoungGen      total 60928K, used 57244K [0x00000007bc400000, 0x00000007c0000000, 0x00000007c0000000)
  eden space 60416K, 94% used [0x00000007bc400000,0x00000007bfbc7268,0x00000007bff00000)
  from space 512K, 25% used [0x00000007bff80000,0x00000007bffa0000,0x00000007c0000000)
  to   space 512K, 0% used [0x00000007bff00000,0x00000007bff00000,0x00000007bff80000)
 ParOldGen       total 155648K, used 47892K [0x0000000700000000, 0x0000000709800000, 0x00000007bc400000)
  object space 155648K, 30% used [0x0000000700000000,0x0000000702ec53e8,0x0000000709800000)
 Metaspace       used 62626K, capacity 63175K, committed 63744K, reserved 1103872K
  class space    used 8582K, capacity 8695K, committed 8704K, reserved 1048576K
Event: 350.592 GC heap after
Heap after GC invocations=123 (full 6):
 PSYoungGen      total 60416K, used 512K [0x00000007bc400000, 0x00000007c0000000, 0x00000007c0000000)
  eden space 59904K, 0% used [0x00000007bc400000,0x00000007bc400000,0x00000007bfe80000)
  from space 512K, 100% used [0x00000007bff00000,0x00000007bff80000,0x00000007bff80000)
  to   space 512K, 0% used [0x00000007bff80000,0x00000007bff80000,0x00000007c0000000)
 ParOldGen       total 155648K, used 48496K [0x0000000700000000, 0x0000000709800000, 0x00000007bc400000)
  object space 155648K, 31% used [0x0000000700000000,0x0000000702f5c1b0,0x0000000709800000)
 Metaspace       used 62626K, capacity 63175K, committed 63744K, reserved 1103872K
  class space    used 8582K, capacity 8695K, committed 8704K, reserved 1048576K
}
Event: 350.592 GC heap before
{Heap before GC invocations=124 (full 7):
 PSYoungGen      total 60416K, used 512K [0x00000007bc400000, 0x00000007c0000000, 0x00000007c0000000)
  eden space 59904K, 0% used [0x00000007bc400000,0x00000007bc400000,0x00000007bfe80000)
  from space 512K, 100% used [0x00000007bff00000,0x00000007bff80000,0x00000007bff80000)
  to   space 512K, 0% used [0x00000007bff80000,0x00000007bff80000,0x00000007c0000000)
 ParOldGen       total 155648K, used 48496K [0x0000000700000000, 0x0000000709800000, 0x00000007bc400000)
  object space 155648K, 31% used [0x0000000700000000,0x0000000702f5c1b0,0x0000000709800000)
 Metaspace       used 62626K, capacity 63175K, committed 63744K, reserved 1103872K
  class space    used 8582K, capacity 8695K, committed 8704K, reserved 1048576K
Event: 350.745 GC heap after
Heap after GC invocations=124 (full 7):
 PSYoungGen      total 60416K, used 0K [0x00000007bc400000, 0x00000007c0000000, 0x00000007c0000000)
  eden space 59904K, 0% used [0x00000007bc400000,0x00000007bc400000,0x00000007bfe80000)
  from space 512K, 0% used [0x00000007bff00000,0x00000007bff00000,0x00000007bff80000)
  to   space 512K, 0% used [0x00000007bff80000,0x00000007bff80000,0x00000007c0000000)
 ParOldGen       total 155648K, used 39013K [0x0000000700000000, 0x0000000709800000, 0x00000007bc400000)
  object space 155648K, 25% used [0x0000000700000000,0x0000000702619540,0x0000000709800000)
 Metaspace       used 62626K, capacity 63175K, committed 63744K, reserved 1103872K
  class space    used 8582K, capacity 8695K, committed 8704K, reserved 1048576K
}

Deoptimization events (10 events):
Event: 350.745 Thread 0x000001894bdb1000 Uncommon trap: reason=unstable_if action=reinterpret pc=0x0000018934a90834 method=javax.swing.tree.VariableHeightLayoutCache$VisibleTreeStateNodeEnumeration.updateNextIndex()Z @ 15
Event: 350.745 Thread 0x000001894bdb1000 Uncommon trap: reason=unstable_if action=reinterpret pc=0x0000018934052de0 method=javax.swing.tree.VariableHeightLayoutCache.getExpandedState(Ljavax/swing/tree/TreePath;)Z @ 23
Event: 350.745 Thread 0x000001894bdb1000 Uncommon trap: reason=unstable_if action=reinterpret pc=0x00000189340a312c method=javax.swing.plaf.basic.BasicTreeUI.paintExpandControl(Ljava/awt/Graphics;Ljava/awt/Rectangle;Ljava/awt/Insets;Ljava/awt/Rectangle;Ljavax/swing/tree/TreePath;IZZZ)V @ 14
Event: 350.746 Thread 0x000001894bdb1000 Uncommon trap: reason=unstable_if action=reinterpret pc=0x0000018934133268 method=javax.swing.plaf.basic.BasicTreeUI.shouldPaintExpandControl(Ljavax/swing/tree/TreePath;IZZZ)Z @ 23
Event: 350.746 Thread 0x000001894bdb1000 Uncommon trap: reason=unstable_if action=reinterpret pc=0x00000189332ac654 method=javax.swing.tree.DefaultTreeCellRenderer.paint(Ljava/awt/Graphics;)V @ 131
Event: 356.181 Thread 0x000001894ce4d800 Uncommon trap: reason=unstable_if action=reinterpret pc=0x000001893513b55c method=de.javasoft.plaf.synthetica.painter.AnimationThreadFactory$AnimationThread.run()V @ 343
Event: 358.554 Thread 0x000001894bdb1000 Uncommon trap: reason=unstable_if action=reinterpret pc=0x0000018934bce18c method=java.awt.Component.areInputMethodsEnabled()Z @ 10
Event: 369.025 Thread 0x000001894ce4d000 Uncommon trap: reason=unstable_if action=reinterpret pc=0x0000018935166f94 method=de.javasoft.plaf.synthetica.painter.AnimationThreadFactory$AnimationThread.run()V @ 570
Event: 369.061 Thread 0x000001894bdb1000 Uncommon trap: reason=class_check action=maybe_recompile pc=0x000001893427406c method=java.awt.KeyboardFocusManager.clearMostRecentFocusOwner(Ljava/awt/Component;)V @ 67
Event: 369.061 Thread 0x000001894bdb1000 Uncommon trap: reason=unstable_if action=reinterpret pc=0x0000018934db75c4 method=javax.swing.JComponent.registerWithKeyboardManager(Z)V @ 159

Internal exceptions (10 events):
Event: 16.105 Thread 0x000001894bdb1000 Exception <a 'java/lang/ClassNotFoundException': org/jdesktop/swingx/JXPanelCustomizer> (0x00000007bd481e80) thrown at [C:\re\workspace\8-2-build-windows-amd64-cygwin\jdk8u112\7884\hotspot\src\share\vm\classfile\systemDictionary.cpp, line 210]
Event: 16.108 Thread 0x000001894bdb1000 Exception <a 'java/lang/ClassNotFoundException': org/jdesktop/swingx/JXTitledPanelCustomizer> (0x00000007bd4c1278) thrown at [C:\re\workspace\8-2-build-windows-amd64-cygwin\jdk8u112\7884\hotspot\src\share\vm\classfile\systemDictionary.cpp, line 210]
Event: 16.110 Thread 0x000001894bdb1000 Exception <a 'java/lang/ClassNotFoundException': ui/utils/o/p/a/dCustomizer> (0x00000007bd4ffd50) thrown at [C:\re\workspace\8-2-build-windows-amd64-cygwin\jdk8u112\7884\hotspot\src\share\vm\classfile\systemDictionary.cpp, line 210]
Event: 16.112 Thread 0x000001894bdb1000 Exception <a 'java/lang/ClassNotFoundException': ui/views/waveform/f/pCustomizer> (0x00000007bd5324e0) thrown at [C:\re\workspace\8-2-build-windows-amd64-cygwin\jdk8u112\7884\hotspot\src\share\vm\classfile\systemDictionary.cpp, line 210]
Event: 19.230 Thread 0x000001894bdb1000 Implicit null exception at 0x00000189346c7e33 to 0x00000189346c83a9
Event: 19.233 Thread 0x000001894bdb1000 Exception <a 'sun/nio/fs/WindowsException'> (0x00000007bc5c23f0) thrown at [C:\re\workspace\8-2-build-windows-amd64-cygwin\jdk8u112\7884\hotspot\src\share\vm\prims\jni.cpp, line 709]
Event: 19.233 Thread 0x000001894bdb1000 Exception <a 'sun/nio/fs/WindowsException'> (0x00000007bc5c2c50) thrown at [C:\re\workspace\8-2-build-windows-amd64-cygwin\jdk8u112\7884\hotspot\src\share\vm\prims\jni.cpp, line 709]
Event: 35.670 Thread 0x000001894bdb1000 Implicit null exception at 0x000001893331c289 to 0x000001893331c498
Event: 284.556 Thread 0x000001894bdb1000 Exception <a 'sun/nio/fs/WindowsException'> (0x00000007beb7b340) thrown at [C:\re\workspace\8-2-build-windows-amd64-cygwin\jdk8u112\7884\hotspot\src\share\vm\prims\jni.cpp, line 709]
Event: 284.556 Thread 0x000001894bdb1000 Exception <a 'sun/nio/fs/WindowsException'> (0x00000007beb7bd88) thrown at [C:\re\workspace\8-2-build-windows-amd64-cygwin\jdk8u112\7884\hotspot\src\share\vm\prims\jni.cpp, line 709]

Events (10 events):
Event: 369.057 loading class sun/invoke/util/VerifyAccess$1
Event: 369.057 loading class sun/invoke/util/VerifyAccess$1 done
Event: 369.058 Thread 0x000001894a0fe000 flushing nmethod 0x0000018933149090
Event: 369.058 Thread 0x000001894a0fe000 flushing nmethod 0x0000018933225210
Event: 369.061 Thread 0x000001894bdb1000 Uncommon trap: trap_request=0xffffffde fr.pc=0x000001893427406c
Event: 369.061 Thread 0x000001894bdb1000 DEOPT PACKING pc=0x000001893427406c sp=0x000000881b5fc0f0
Event: 369.061 Thread 0x000001894bdb1000 DEOPT UNPACKING pc=0x0000018933075832 sp=0x000000881b5fc0a8 mode 2
Event: 369.061 Thread 0x000001894bdb1000 Uncommon trap: trap_request=0xffffff65 fr.pc=0x0000018934db75c4
Event: 369.061 Thread 0x000001894bdb1000 DEOPT PACKING pc=0x0000018934db75c4 sp=0x000000881b5fbee0
Event: 369.061 Thread 0x000001894bdb1000 DEOPT UNPACKING pc=0x0000018933075832 sp=0x000000881b5fbf00 mode 2


Dynamic libraries:
0x00007ff632950000 - 0x00007ff632980000 	C:\Xilinx\Vivado\2018.1\bin\unwrapped\win64.o\vivado.exe
0x00007ff925d20000 - 0x00007ff925f00000 	C:\Windows\SYSTEM32\ntdll.dll
0x00007ff9251c0000 - 0x00007ff92526e000 	C:\Windows\System32\KERNEL32.DLL
0x00007ff9221a0000 - 0x00007ff922406000 	C:\Windows\System32\KERNELBASE.dll
0x00007ff922410000 - 0x00007ff922506000 	C:\Windows\System32\ucrtbase.dll
0x00007ff910670000 - 0x00007ff91070d000 	C:\Windows\SYSTEM32\MSVCP140.dll
0x00007ff8f1580000 - 0x00007ff8f2353000 	C:\Xilinx\Vivado\2018.1\lib\win64.o\librdi_common.dll
0x00007ff912f90000 - 0x00007ff912fa4000 	C:\Xilinx\Vivado\2018.1\lib\win64.o\libboost_signals.dll
0x00007ff913250000 - 0x00007ff913264000 	C:\Xilinx\Vivado\2018.1\lib\win64.o\librdi_commonmain.dll
0x00007ff911dc0000 - 0x00007ff911dd7000 	C:\Windows\SYSTEM32\VCRUNTIME140.dll
0x00007ff925410000 - 0x00007ff92559f000 	C:\Windows\System32\USER32.dll
0x00007ff922f90000 - 0x00007ff922fb0000 	C:\Windows\System32\win32u.dll
0x00007ff9246b0000 - 0x00007ff9246d8000 	C:\Windows\System32\GDI32.dll
0x00007ff8fd960000 - 0x00007ff8fdcce000 	C:\Xilinx\Vivado\2018.1\lib\win64.o\libCOIN-all.dll
0x00007ff922fb0000 - 0x00007ff923143000 	C:\Windows\System32\gdi32full.dll
0x00007ff8fd6a0000 - 0x00007ff8fd955000 	C:\Xilinx\Vivado\2018.1\lib\win64.o\libXil_lmgr11.dll
0x00007ff913230000 - 0x00007ff913244000 	C:\Xilinx\Vivado\2018.1\lib\win64.o\libboost_date_time.dll
0x00007ff924b10000 - 0x00007ff924c1a000 	C:\Windows\System32\COMDLG32.dll
0x00007ff923150000 - 0x00007ff9231eb000 	C:\Windows\System32\msvcp_win.dll
0x00007ff924930000 - 0x00007ff9249cd000 	C:\Windows\System32\msvcrt.dll
0x00007ff9247e0000 - 0x00007ff924881000 	C:\Windows\System32\ADVAPI32.dll
0x00007ff925640000 - 0x00007ff925948000 	C:\Windows\System32\combase.dll
0x00007ff913190000 - 0x00007ff9131b6000 	C:\Xilinx\Vivado\2018.1\lib\win64.o\libboost_filesystem.dll
0x00007ff924a30000 - 0x00007ff924a8b000 	C:\Windows\System32\sechost.dll
0x00007ff925950000 - 0x00007ff925a6f000 	C:\Windows\System32\RPCRT4.dll
0x00007ff910b40000 - 0x00007ff910bbf000 	C:\Xilinx\Vivado\2018.1\lib\win64.o\libboost_program_options.dll
0x00007ff9231f0000 - 0x00007ff924626000 	C:\Windows\System32\SHELL32.dll
0x00007ff922120000 - 0x00007ff922192000 	C:\Windows\System32\bcryptPrimitives.dll
0x00007ff9226e0000 - 0x00007ff92272a000 	C:\Windows\System32\cfgmgr32.dll
0x00007ff90e1e0000 - 0x00007ff90e2f4000 	C:\Xilinx\Vivado\2018.1\lib\win64.o\libboost_regex.dll
0x00007ff925be0000 - 0x00007ff925c86000 	C:\Windows\System32\shcore.dll
0x00007ff9249d0000 - 0x00007ff924a21000 	C:\Windows\System32\SHLWAPI.dll
0x00007ff9227e0000 - 0x00007ff922f27000 	C:\Windows\System32\windows.storage.dll
0x00007ff922090000 - 0x00007ff9220a1000 	C:\Windows\System32\kernel.appcore.dll
0x00007ff9190d0000 - 0x00007ff9190db000 	C:\Xilinx\Vivado\2018.1\lib\win64.o\libboost_system.dll
0x00007ff924710000 - 0x00007ff9247d5000 	C:\Windows\System32\OLEAUT32.dll
0x00007ff9220b0000 - 0x00007ff9220fc000 	C:\Windows\System32\powrprof.dll
0x00007ff925070000 - 0x00007ff9251b9000 	C:\Windows\System32\ole32.dll
0x00007ff922070000 - 0x00007ff92208b000 	C:\Windows\System32\profapi.dll
0x00007ff912f60000 - 0x00007ff912f81000 	C:\Xilinx\Vivado\2018.1\lib\win64.o\libboost_thread.dll
0x00007ff924890000 - 0x00007ff9248fc000 	C:\Windows\System32\WS2_32.dll
0x00007ff9186c0000 - 0x00007ff9186ca000 	C:\Xilinx\Vivado\2018.1\lib\win64.o\librdi_commonversion.dll
0x00007ff922f30000 - 0x00007ff922f88000 	C:\Windows\System32\WINTRUST.dll
0x00007ff922100000 - 0x00007ff922112000 	C:\Windows\System32\MSASN1.dll
0x00007ff916170000 - 0x00007ff91617f000 	C:\Xilinx\Vivado\2018.1\lib\win64.o\libboost_xilinx.dll
0x00007ff922510000 - 0x00007ff9226de000 	C:\Windows\System32\CRYPT32.dll
0x00007ff90f0b0000 - 0x00007ff90f132000 	C:\Xilinx\Vivado\2018.1\lib\win64.o\libhdlpsolve.dll
0x00007ff90e300000 - 0x00007ff90e400000 	C:\Xilinx\Vivado\2018.1\lib\win64.o\librdi_commonxillic.dll
0x00007ff90bb20000 - 0x00007ff90bbc5000 	C:\Xilinx\Vivado\2018.1\lib\win64.o\libhdxml.dll
0x00000000710a0000 - 0x00000000711cb000 	C:\Xilinx\Vivado\2018.1\lib\win64.o\tcl85t.dll
0x00007ff8f0680000 - 0x00007ff8f0e36400 	C:\Xilinx\Vivado\2018.1\lib\win64.o\libisl_iostreams.dll
0x00007ff9110d0000 - 0x00007ff9110fe000 	C:\Xilinx\Vivado\2018.1\lib\win64.o\libisl_sysinfo.dll
0x0000000070800000 - 0x000000007109a000 	C:\Xilinx\Vivado\2018.1\tps\win64\jre\bin\server\jvm.dll
0x00007ff910ad0000 - 0x00007ff910b35000 	C:\Xilinx\Vivado\2018.1\lib\win64.o\liblmx6.0.dll
0x00007ff9129e0000 - 0x00007ff9129fa000 	C:\Xilinx\Vivado\2018.1\lib\win64.o\pthreadVC2.dll
0x00007ff911da0000 - 0x00007ff911dbc000 	C:\Xilinx\Vivado\2018.1\lib\win64.o\librdiconfig.dll
0x00007ff907ad0000 - 0x00007ff907c21000 	C:\Xilinx\Vivado\2018.1\lib\win64.o\librdi_curl.dll
0x00007ff910ef0000 - 0x00007ff910f11000 	C:\Xilinx\Vivado\2018.1\lib\win64.o\librdizlib.dll
0x00007ff924900000 - 0x00007ff924908000 	C:\Windows\System32\PSAPI.DLL
0x00007ff914a40000 - 0x00007ff914a57000 	C:\Windows\SYSTEM32\NETAPI32.dll
0x0000000012000000 - 0x0000000012272000 	C:\Xilinx\Vivado\2018.1\lib\win64.o\xerces-c_3_1.dll
0x00007ff90e7a0000 - 0x00007ff90ead4000 	C:\Windows\SYSTEM32\WININET.dll
0x00007ff91e660000 - 0x00007ff91e73e000 	C:\Windows\SYSTEM32\WINHTTP.dll
0x00007ff9184a0000 - 0x00007ff91866d000 	C:\Windows\SYSTEM32\urlmon.dll
0x00007ff924690000 - 0x00007ff9246ad000 	C:\Windows\System32\imagehlp.dll
0x00007ff910bc0000 - 0x00007ff910c66000 	C:\Windows\WinSxS\amd64_microsoft.windows.common-controls_6595b64144ccf1df_5.82.16299.371_none_887d866e4ab76531\COMCTL32.dll
0x00007ff91d200000 - 0x00007ff91d209000 	C:\Windows\SYSTEM32\WSOCK32.dll
0x00007ff8e4140000 - 0x00007ff8e4fd1000 	C:\Xilinx\Vivado\2018.1\lib\win64.o\gurobi65.dll
0x00007ff91ca10000 - 0x00007ff91ca2a000 	C:\Windows\SYSTEM32\dhcpcsvc.DLL
0x00007ff910ea0000 - 0x00007ff910ece000 	C:\Windows\SYSTEM32\VCOMP140.DLL
0x00007ff914890000 - 0x00007ff91489d000 	C:\Xilinx\Vivado\2018.1\lib\win64.o\libboost_chrono.dll
0x00007ff924920000 - 0x00007ff924928000 	C:\Windows\System32\NSI.dll
0x00007ff9110b0000 - 0x00007ff9110cb000 	C:\Xilinx\Vivado\2018.1\lib\win64.o\libboost_iostreams.dll
0x00007ff91f9e0000 - 0x00007ff91fa03000 	C:\Windows\SYSTEM32\WINMM.dll
0x00007ff910a50000 - 0x00007ff910a75000 	C:\Xilinx\Vivado\2018.1\lib\win64.o\libisl_iosutils.dll
0x00007ff91b400000 - 0x00007ff91b40a000 	C:\Windows\SYSTEM32\VERSION.dll
0x00007ff9192a0000 - 0x00007ff919539000 	C:\Windows\SYSTEM32\iertutil.dll
0x000000006fc70000 - 0x000000006fd42000 	C:\Xilinx\Vivado\2018.1\tps\win64\jre\bin\MSVCR100.dll
0x00007ff91f9b0000 - 0x00007ff91f9da000 	C:\Windows\SYSTEM32\winmmbase.dll
0x00007ff921ae0000 - 0x00007ff921aeb000 	C:\Windows\SYSTEM32\CRYPTBASE.DLL
0x00007ff9246e0000 - 0x00007ff92470d000 	C:\Windows\System32\IMM32.DLL
0x00007ff8fc1a0000 - 0x00007ff8fc62b000 	C:\Xilinx\Vivado\2018.1\lib\win64.o\librdi_commontasks.dll
0x00007ff8fccd0000 - 0x00007ff8fcf10000 	C:\Xilinx\Vivado\2018.1\lib\win64.o\librdi_sio.dll
0x00007ff921690000 - 0x00007ff9216c9000 	C:\Windows\SYSTEM32\IPHLPAPI.DLL
0x00007ff8e0570000 - 0x00007ff8e28cc000 	C:\Xilinx\Vivado\2018.1\lib\win64.o\librdi_tcltasks.dll
0x00007ff8f0050000 - 0x00007ff8f0401000 	C:\Xilinx\Vivado\2018.1\lib\win64.o\librdi_bitstream.dll
0x00007ff900150000 - 0x00007ff9002cc000 	C:\Xilinx\Vivado\2018.1\lib\win64.o\librdi_board.dll
0x00007ff8f0410000 - 0x00007ff8f067a000 	C:\Xilinx\Vivado\2018.1\lib\win64.o\librdi_chipscope.dll
0x00007ff9030b0000 - 0x00007ff90311a000 	C:\Xilinx\Vivado\2018.1\lib\win64.o\librdi_boarddep.dll
0x00007ff8ded30000 - 0x00007ff8e0567000 	C:\Xilinx\Vivado\2018.1\lib\win64.o\librdi_constraints.dll
0x00007ff8fc7c0000 - 0x00007ff8fc8e8000 	C:\Xilinx\Vivado\2018.1\lib\win64.o\librdi_containers.dll
0x00007ff8ee9c0000 - 0x00007ff8ef09d000 	C:\Xilinx\Vivado\2018.1\lib\win64.o\librdi_coregenipxact.dll
0x00007ff8dbc20000 - 0x00007ff8ded2a000 	C:\Xilinx\Vivado\2018.1\lib\win64.o\librdi_coregen.dll
0x00007ff8d7ef0000 - 0x00007ff8dbc1d000 	C:\Xilinx\Vivado\2018.1\lib\win64.o\librdi_designutils.dll
0x00007ff8c9f70000 - 0x00007ff8d7ee3000 	C:\Xilinx\Vivado\2018.1\lib\win64.o\librdi_device.dll
0x00007ff8ee6c0000 - 0x00007ff8ee9b2000 	C:\Xilinx\Vivado\2018.1\lib\win64.o\librdi_dlyest.dll
0x00007ff8c99a0000 - 0x00007ff8c9f62000 	C:\Xilinx\Vivado\2018.1\lib\win64.o\librdi_drc.dll
0x00007ff8ee3e0000 - 0x00007ff8ee6b1000 	C:\Xilinx\Vivado\2018.1\lib\win64.o\librdi_guitools.dll
0x00007ff8fc6f0000 - 0x00007ff8fc7be000 	C:\Xilinx\Vivado\2018.1\lib\win64.o\librdi_dsp.dll
0x00007ff8c9370000 - 0x00007ff8c999a000 	C:\Xilinx\Vivado\2018.1\lib\win64.o\librdi_filemgmt.dll
0x00007ff90a930000 - 0x00007ff90a988000 	C:\Xilinx\Vivado\2018.1\lib\win64.o\librdi_hdf.dll
0x00007ff8c8150000 - 0x00007ff8c9361000 	C:\Xilinx\Vivado\2018.1\lib\win64.o\librdi_implflow.dll
0x00007ff8c7b00000 - 0x00007ff8c8150000 	C:\Xilinx\Vivado\2018.1\lib\win64.o\librdi_memdata.dll
0x00007ff8c3fd0000 - 0x00007ff8c446e000 	C:\Xilinx\Vivado\2018.1\lib\win64.o\librdi_netlist.dll
0x00007ff8c4470000 - 0x00007ff8c7afd000 	C:\Xilinx\Vivado\2018.1\lib\win64.o\librdi_mig.dll
0x00007ff901100000 - 0x00007ff901147000 	C:\Xilinx\Vivado\2018.1\lib\win64.o\librdi_pfi.dll
0x00007ff8c1cb0000 - 0x00007ff8c3fce000 	C:\Xilinx\Vivado\2018.1\lib\win64.o\librdi_place.dll
0x00007ff8c1380000 - 0x00007ff8c1a6b000 	C:\Xilinx\Vivado\2018.1\lib\win64.o\librdi_power.dll
0x00007ff8c1a70000 - 0x00007ff8c1cad000 	C:\Xilinx\Vivado\2018.1\lib\win64.o\librdi_platform.dll
0x00007ff8c0de0000 - 0x00007ff8c1375000 	C:\Xilinx\Vivado\2018.1\lib\win64.o\librdi_project.dll
0x00007ff8bfe10000 - 0x00007ff8c04ea000 	C:\Xilinx\Vivado\2018.1\lib\win64.o\librdi_psta.dll
0x00007ff8c04f0000 - 0x00007ff8c0de0000 	C:\Xilinx\Vivado\2018.1\lib\win64.o\librdi_rsb.dll
0x00007ff8bf9b0000 - 0x00007ff8bfe07000 	C:\Xilinx\Vivado\2018.1\lib\win64.o\librdi_runs.dll
0x00007ff8fc0c0000 - 0x00007ff8fc195000 	C:\Xilinx\Vivado\2018.1\lib\win64.o\librdi_runsbase.dll
0x00007ff8bf780000 - 0x00007ff8bf9a6000 	C:\Xilinx\Vivado\2018.1\lib\win64.o\librdi_simdata.dll
0x00007ff8ffc70000 - 0x00007ff8ffd23000 	C:\Xilinx\Vivado\2018.1\lib\win64.o\librdi_xhub.dll
0x00007ff8bea80000 - 0x00007ff8bf77e000 	C:\Xilinx\Vivado\2018.1\lib\win64.o\librdi_timing.dll
0x00007ff90f7d0000 - 0x00007ff90f81c000 	C:\Xilinx\Vivado\2018.1\lib\win64.o\libboost_serialization.dll
0x00007ff8fc010000 - 0x00007ff8fc0b9000 	C:\Xilinx\Vivado\2018.1\lib\win64.o\librdi_hip_devdesign.dll
0x00007ff900ea0000 - 0x00007ff900f06000 	C:\Xilinx\Vivado\2018.1\lib\win64.o\librdi_ipconfig_readwrite.dll
0x00007ff90b3d0000 - 0x00007ff90b40b000 	C:\Xilinx\Vivado\2018.1\lib\win64.o\librdi_noc_frameworks.dll
0x00007ff8f1170000 - 0x00007ff8f122e000 	C:\Xilinx\Vivado\2018.1\lib\win64.o\librdi_mig7.dll
0x00007ff8bda30000 - 0x00007ff8be523000 	C:\Xilinx\Vivado\2018.1\lib\win64.o\libverific.dll
0x00007ff8fbda0000 - 0x00007ff8fbe25000 	C:\Xilinx\Vivado\2018.1\lib\win64.o\librdi_hip_config.dll
0x00007ff8be530000 - 0x00007ff8bea7e000 	C:\Xilinx\Vivado\2018.1\lib\win64.o\librdi_xdm.dll
0x00007ff8f10d0000 - 0x00007ff8f116e000 	C:\Xilinx\Vivado\2018.1\lib\win64.o\libise.dll
0x00007ff8bd4b0000 - 0x00007ff8bda25000 	C:\Xilinx\Vivado\2018.1\lib\win64.o\librdi_wavedata.dll
0x00007ff901040000 - 0x00007ff901089000 	C:\Xilinx\Vivado\2018.1\lib\win64.o\librdi_wavedata_SimpleApi.dll

VM Arguments:
jvm_args: -Dsun.java2d.pmoffscreen=false -Dsun.java2d.xrender=false -Dsun.java2d.d3d=false -Dsun.awt.nopixfmt=true -Xverify:none -Dswing.aatext=true -XX:-UsePerfData -Djdk.map.althashing.threshold=512 -XX:StringTableSize=4072 -XX:NewSize=60m -XX:MaxNewSize=60m -Xms128m -Xmx3072m -Xss5m 
java_command: <unknown>
java_class_path (initial): C:/Xilinx/Vivado/2018.1\lib\classes\alloy.jar;C:/Xilinx/Vivado/2018.1\lib\classes\autopilot.scelaborator.jar;C:/Xilinx/Vivado/2018.1\lib\classes\autopilot.sourceprocessor.jar;C:/Xilinx/Vivado/2018.1\lib\classes\autopilot.tbprocessor.jar;C:/Xilinx/Vivado/2018.1\lib\classes\batik-anim.jar;C:/Xilinx/Vivado/2018.1\lib\classes\batik-awt-util.jar;C:/Xilinx/Vivado/2018.1\lib\classes\batik-bridge.jar;C:/Xilinx/Vivado/2018.1\lib\classes\batik-codec.jar;C:/Xilinx/Vivado/2018.1\lib\classes\batik-css.jar;C:/Xilinx/Vivado/2018.1\lib\classes\batik-dom.jar;C:/Xilinx/Vivado/2018.1\lib\classes\batik-ext.jar;C:/Xilinx/Vivado/2018.1\lib\classes\batik-gui-util.jar;C:/Xilinx/Vivado/2018.1\lib\classes\batik-gvt.jar;C:/Xilinx/Vivado/2018.1\lib\classes\batik-parser.jar;C:/Xilinx/Vivado/2018.1\lib\classes\batik-script.jar;C:/Xilinx/Vivado/2018.1\lib\classes\batik-svg-dom.jar;C:/Xilinx/Vivado/2018.1\lib\classes\batik-swing.jar;C:/Xilinx/Vivado/2018.1\lib\classes\batik-transcoder.jar;C:/Xilinx/Vivado/2018.1\lib\classes\batik-util.jar;C:/Xilinx/Vivado/2018.1\lib\classes\batik-xml.jar;C:/Xilinx/Vivado/2018.1\lib\classes\com.ibm.icu_4.4.2.v20110208.jar;C:/Xilinx/Vivado/2018.1\lib\classes\commons-collections4-4.1.jar;C:/Xilinx/Vivado/2018.1\lib\classes\commons-math-2.2.jar;C:/Xilinx/Vivado/2018.1\lib\classes\dom4j-1.6.1.jar;C:/Xilinx/Vivado/2018.1\lib\classes\guava-18.0.jar;C:/Xilinx/Vivado/2018.1\lib\classes\help.jar;C:/Xilinx/Vivado/2018.1\lib\classes\hsqldb.jar;C:/Xilinx/Vivado/2018.1\lib\classes\jargs.jar;C:/Xilinx/Vivado/2018.1\lib\classes\jh.jar;C:/Xilinx/Vivado/2018.1\lib\classes\jide-action.jar;C:/Xilinx/Vivado/2018.1\lib\classes\jide-charts.jar;C:/Xilinx/Vivado/2018.1\lib\classes\jide-common.jar;C:/Xilinx/Vivado/2018.1\lib\classes\jide-components.jar;C:/Xilinx/Vivado/2018.1\lib\classes\jide-dashboard.jar;C:/Xilinx/Vivado/2018.1\lib\classes\jide-data.jar;C:/Xilinx/Vivado/2018.1\lib\classes\jide-dialogs.jar;C:/Xilinx/Vivado/2018.1\lib\classes\jide-diff.jar;C:/X
Launcher Type: generic

Environment Variables:
PATH=C:/Xilinx/Vivado/2018.1/bin;C:/Xilinx/Vivado/2018.1/lib/win64.o;C:/Xilinx/Vivado/2018.1/tps/win64/jre/bin/server;C:/Xilinx/Vivado/2018.1/tps/win64/jre/bin;C:/Xilinx/SDK/2018.1/bin;C:/Xilinx/Vivado/2018.1/ids_lite/ISE/bin/nt64;C:/Xilinx/Vivado/2018.1/ids_lite/ISE/lib/nt64;C:/Xilinx/Vivado/2018.1/win64/tools/gcc/bin;C:/Xilinx/Vivado/2018.1/msys/bin;C:/Xilinx/Vivado/2018.1/win64/bin;C:/Xilinx/Vivado/2018.1/win64/tools/bin;C:/Xilinx/Vivado/2018.1/win64/tools/clang/bin;C:\Xilinx\Vivado\2018.1\bin\..\msys\bin;C:\Windows\system32;C:\Windows;C:\Windows\System32\Wbem;C:\Windows\System32\WindowsPowerShell\v1.0\;C:\Program Files (x86)\ATI Technologies\ATI.ACE\Core-Static;C:\Users\Jorge\AppData\Local\Microsoft\WindowsApps;;C:/Xilinx/Vivado/2018.1\tps\mingw\6.2.0\win64.o\nt\bin;C:/Xilinx/Vivado/2018.1\tps\mingw\6.2.0\win64.o\nt\libexec\gcc\x86_64-w64-mingw32\6.2.0;C:/Xilinx/Vivado/2018.1/win64/tools/fpo_v6_1;C:/Xilinx/Vivado/2018.1/win64/tools/fpo_v7_0;C:/Xilinx/Vivado/2018.1/win64/tools/fft_v9_1;C:/Xilinx/Vivado/2018.1/win64/tools/opencv;C:/Xilinx/Vivado/2018.1/win64/tools/fir_v7_0;C:/Xilinx/Vivado/2018.1/win64/tools/dds_v6_0;C:/Xilinx/Vivado/2018.1/win64/lib/csim
USERNAME=Jorge
LD_LIBRARY_PATH=C:/Xilinx/Vivado/2018.1/win64/tools/gdb_v7_2;C:/Xilinx/Vivado/2018.1/win64/tools/graphviz/lib;C:/Xilinx/Vivado/2018.1/win64/bin;C:/Xilinx/Vivado/2018.1/win64/tools/fpo_v6_1;C:/Xilinx/Vivado/2018.1/win64/tools/fpo_v7_0;C:/Xilinx/Vivado/2018.1/win64/tools/fft_v9_1;C:/Xilinx/Vivado/2018.1/win64/tools/opencv;C:/Xilinx/Vivado/2018.1/win64/tools/fir_v7_0;C:/Xilinx/Vivado/2018.1/win64/tools/dds_v6_0;C:/Xilinx/Vivado/2018.1/win64/lib/csim
OS=Windows_NT
PROCESSOR_IDENTIFIER=Intel64 Family 6 Model 42 Stepping 7, GenuineIntel



---------------  S Y S T E M  ---------------

OS: Windows 10.0 , 64 bit Build 16299 (10.0.16299.15)

CPU:total 4 (4 cores per cpu, 1 threads per core) family 6 model 42 stepping 7, cmov, cx8, fxsr, mmx, sse, sse2, sse3, ssse3, sse4.1, sse4.2, popcnt, avx, aes, clmul, tsc, tscinvbit

Memory: 4k page, physical 8365488k(4618400k free), swap 10331568k(5229824k free)

vm_info: Java HotSpot(TM) 64-Bit Server VM (25.112-b15) for windows-amd64 JRE (1.8.0_112-b15), built on Sep 22 2016 21:31:56 by "java_re" with MS VC++ 10.0 (VS2010)

time: Thu Apr 12 15:25:56 2018
elapsed time: 371 seconds (0d 0h 6m 11s)

